20160329 13:28:16.785  info:(t:16)Private Log begins
20160329 13:29:06.092  info:(t:25)REI2 START Bib#1 Run#1 CHRONO  13:27:01.91
20160329 13:29:12.421  info:(t:25)REI2 START Bib#2 Run#1 CHRONO  13:27:08.19
20160329 13:30:22.805  info:(t:25)REI2 STOP  Bib#1 Run#1 CHRONO  13:28:17.97
20160329 13:30:22.869  info:(t:25)REI2 STOP  Bib#1 Run#1 RUN    Elapsed=76.500  0:1:16.500
20160329 13:30:22.925  info:(t:25)REI2 STOP  Bib#1 Run#1 TOTAL  Elapsed=76.500  0:1:16.500
20160329 13:31:32.199  info:(t:25)REI2 STOP  Bib#2 Run#1 CHRONO  13:29:27.56
20160329 13:31:32.247  info:(t:25)REI2 STOP  Bib#2 Run#1 RUN    Elapsed=139.3700  0:2:19.3700
20160329 13:31:32.301  info:(t:25)REI2 STOP  Bib#2 Run#1 TOTAL  Elapsed=139.3700  0:2:19.3700
20160329 13:31:46.101  info:(t:25)REI2 START Bib#3 Run#1 CHRONO  13:29:41.98
20160329 13:31:58.418  info:(t:25)REI2 STOP  Bib#3 Run#1 CHRONO  13:29:54.05
20160329 13:31:58.482  info:(t:25)REI2 STOP  Bib#3 Run#1 RUN    Elapsed=12.700  0:0:12.700
20160329 13:31:58.535  info:(t:25)REI2 STOP  Bib#3 Run#1 TOTAL  Elapsed=12.700  0:0:12.700
20160329 13:41:27.121  info:(t:17)Private Log begins
20160329 14:01:00.370  info:(t:23)Execution ends
20160329 14:02:26.293  info:(t:16)Private Log begins
20160329 14:02:29.846  info:(t:23)Execution ends
20160329 14:02:34.009  info:(t:23)Execution ends
20160329 14:02:40.610  info:(t:16)Private Log begins
20160329 14:03:39.263  info:(t:26)REI2 START Bib#1 Run#1 CHRONO  14:01:35.16
20160329 14:03:48.917  info:(t:26)REI2 START Bib#2 Run#1 CHRONO  14:01:44.83
20160329 14:03:54.660  info:(t:26)REI2 STOP  Bib#1 Run#1 CHRONO  14:01:50.27
20160329 14:03:54.709  info:(t:26)REI2 STOP  Bib#1 Run#1 RUN    Elapsed=15.1100  0:0:15.1100
20160329 14:03:54.798  info:(t:26)REI2 STOP  Bib#1 Run#1 TOTAL  Elapsed=15.1100  0:0:15.1100
20160329 14:05:14.354  info:(t:23)Execution ends
20160329 14:05:25.333  info:(t:16)Private Log begins
20160329 14:07:44.416  info:(t:25)REI2 START Bib#3 Run#1 CHRONO  14:05:40.22
20160329 14:07:49.938  info:(t:25)REI2 STOP  Bib#2 Run#1 CHRONO  14:05:45.43
20160329 14:07:49.987  info:(t:25)NO!  This is a problem, no start found for a STOP time!!!
20160329 14:07:49.987  info:(t:25)REI2 STOP  Bib#2 Run#1 RUN    Elapsed=240.5900  0:4:0.5900
20160329 14:07:50.035  info:(t:25)REI2 STOP  Bib#2 Run#1 TOTAL  Elapsed=240.5900  0:4:0.5900
20160329 14:08:21.515  info:(t:25)REI2 START Bib#5 Run#1 CHRONO  14:06:17.31
20160329 14:08:37.015  info:(t:25)REI2 STOP  Bib#3 Run#1 CHRONO  14:06:32.24
20160329 14:08:37.063  info:(t:25)REI2 STOP  Bib#3 Run#1 RUN    Elapsed=52.100  0:0:52.100
20160329 14:08:37.125  info:(t:25)REI2 STOP  Bib#3 Run#1 TOTAL  Elapsed=52.100  0:0:52.100
20160329 14:08:42.038  info:(t:25)REI2 STOP  Bib#5 Run#1 CHRONO  14:06:37.46
20160329 14:08:42.102  info:(t:25)REI2 STOP  Bib#5 Run#1 RUN    Elapsed=20.1400  0:0:20.1400
20160329 14:08:42.159  info:(t:25)REI2 STOP  Bib#5 Run#1 TOTAL  Elapsed=20.1400  0:0:20.1400
20160329 14:09:01.106  info:(t:25)REI2 START Bib#6 Run#1 CHRONO  14:06:57.01
20160329 14:09:08.400  info:(t:25)REI2 STOP  Bib#6 Run#1 CHRONO  14:07:03.58
20160329 14:09:08.464  info:(t:25)REI2 STOP  Bib#6 Run#1 RUN    Elapsed=6.5600  0:0:6.5600
20160329 14:09:08.526  info:(t:25)REI2 STOP  Bib#6 Run#1 TOTAL  Elapsed=6.5600  0:0:6.5600
20160329 14:09:33.770  info:(t:25)REI2 START Bib#4 Run#1 CHRONO  14:07:29.61
20160329 14:09:48.824  info:(t:25)REI2 STOP  Bib#4 Run#1 CHRONO  14:07:44.34
20160329 14:09:48.887  info:(t:25)REI2 STOP  Bib#4 Run#1 RUN    Elapsed=14.7300  0:0:14.7300
20160329 14:09:48.950  info:(t:25)REI2 STOP  Bib#4 Run#1 TOTAL  Elapsed=14.7300  0:0:14.7300
20160329 14:10:03.301  info:(t:25)REI2 START Bib#7 Run#1 CHRONO  14:07:59.21
20160329 14:10:06.068  info:(t:25)REI2 STOP  Bib#7 Run#1 CHRONO  14:08:01.72
20160329 14:10:06.132  info:(t:25)REI2 STOP  Bib#7 Run#1 RUN    Elapsed=2.5000  0:0:2.5000
20160329 14:10:06.196  info:(t:25)REI2 STOP  Bib#7 Run#1 TOTAL  Elapsed=2.5000  0:0:2.5000
20160329 14:10:13.443  info:(t:25)REI2 START Bib#8 Run#1 CHRONO  14:08:09.36
20160329 14:10:20.130  info:(t:25)REI2 STOP  Bib#8 Run#1 CHRONO  14:08:15.79
20160329 14:10:20.178  info:(t:25)REI2 STOP  Bib#8 Run#1 RUN    Elapsed=6.4200  0:0:6.4200
20160329 14:10:20.242  info:(t:25)REI2 STOP  Bib#8 Run#1 TOTAL  Elapsed=6.4200  0:0:6.4200
20160329 14:10:42.157  info:(t:25)REI2 START Bib#9 Run#1 CHRONO  14:08:38.05
20160329 14:10:52.154  info:(t:25)REI2 STOP  Bib#9 Run#1 CHRONO  14:08:46.14
20160329 14:10:52.218  info:(t:25)REI2 STOP  Bib#9 Run#1 RUN    Elapsed=8.900  0:0:8.900
20160329 14:10:52.276  info:(t:25)REI2 STOP  Bib#9 Run#1 TOTAL  Elapsed=8.900  0:0:8.900
20160329 14:10:59.800  info:(t:25)REI2 START Bib#10 Run#1 CHRONO  14:08:55.70
20160329 14:11:12.037  info:(t:25)REI2 STOP  Bib#10 Run#1 CHRONO  14:09:07.67
20160329 14:11:12.085  info:(t:25)REI2 STOP  Bib#10 Run#1 RUN    Elapsed=11.9700  0:0:11.9700
20160329 14:11:12.145  info:(t:25)REI2 STOP  Bib#10 Run#1 TOTAL  Elapsed=11.9700  0:0:11.9700
20160329 14:12:31.429  info:(t:25)REI2 START Bib#27 Run#1 CHRONO  14:10:27.28
20160329 14:12:38.388  info:(t:25)REI2 STOP  Bib#27 Run#1 CHRONO  14:10:34.01
20160329 14:12:38.451  info:(t:25)REI2 STOP  Bib#27 Run#1 RUN    Elapsed=6.7200  0:0:6.7200
20160329 14:12:38.509  info:(t:25)REI2 STOP  Bib#27 Run#1 TOTAL  Elapsed=6.7200  0:0:6.7200
20160329 14:12:56.573  info:(t:23)Execution ends
20160329 14:14:16.932  info:(t:16)Private Log begins
20160329 17:15:33.557  info:(t:22)Execution ends
20160329 17:19:49.966  info:(t:16)Private Log begins
20160329 17:21:41.911  info:(t:24)Execution ends
20160329 17:24:37.793  info:(t:14)Private Log begins
20160329 17:37:14.809  info:(t:21)Execution ends
20160329 17:37:26.838  info:(t:16)Private Log begins
20160329 17:40:00.695  info:(t:23)Execution ends
20160329 17:40:10.516  info:(t:16)Private Log begins
20160329 17:44:29.795  info:(t:23)Execution ends
20160329 17:45:56.686  info:(t:16)Private Log begins
20160329 17:49:53.814  info:(t:23)Execution ends
20160329 17:50:35.792  info:(t:16)Private Log begins
20160329 18:10:26.094  info:(t:23)Execution ends
20160329 18:10:38.188  info:(t:16)Private Log begins
20160329 18:15:31.841  info:(t:23)Execution ends
20160329 18:15:46.050  info:(t:16)Private Log begins
20160329 18:15:49.860  info:(t:22)Execution ends
20160329 18:17:35.875  info:(t:16)Private Log begins
20160329 18:21:30.682  info:(t:22)Execution ends
20160329 18:39:39.376  info:(t:17)Private Log begins
20160329 18:45:58.270  info:(t:23)Execution ends
20160329 18:47:30.179  info:(t:16)Private Log begins
20160329 18:48:21.622  info:(t:24)Execution ends
20160329 18:48:50.816  info:(t:16)Private Log begins
20160329 18:50:47.820  info:(t:23)Execution ends
20160329 18:51:00.681  info:(t:16)Private Log begins
20160329 19:08:55.813  info:(t:23)Execution ends
20160329 19:09:27.764  info:(t:16)Private Log begins
20160329 19:22:59.048  info:(t:23)Execution ends
20160329 19:24:58.193  info:(t:16)Private Log begins
20160329 19:35:00.205  info:(t:23)Execution ends
20160329 19:35:15.374  info:(t:16)Private Log begins
20160329 20:12:59.108  info:(t:23)Execution ends
20160329 20:13:15.514  info:(t:16)Private Log begins
20160329 20:14:30.391  info:(t:28)Private Log begins
20160329 20:14:44.409  info:(t:34)Execution ends
20160329 20:15:23.221  info:(t:23)Execution ends
20160330 14:36:40.477  info:(t:17)Private Log begins
20160330 14:46:41.750  info:(t:23)Execution ends
20160330 14:51:58.090  info:(t:16)Private Log begins
20160330 15:14:08.851  info:(t:23)Execution ends
20160330 15:27:13.660  info:(t:16)Private Log begins
20160330 15:36:42.392  info:(t:16)Private Log begins
20160330 15:36:53.984  info:(t:23)Execution ends
20160330 15:38:11.929  info:(t:23)Execution ends
20160330 15:38:21.773  info:(t:16)Private Log begins
20160330 16:43:59.640  info:(t:24)Execution ends
20160330 16:48:24.872  info:(t:17)Private Log begins
20160330 16:59:10.675  info:(t:23)Execution ends
20160330 16:59:58.970  info:(t:17)Private Log begins
20160330 17:24:24.608  info:(t:16)Private Log begins
20160330 17:24:38.850  info:(t:23)Execution ends
20160330 17:24:41.445  info:(t:23)Execution ends
20160330 17:24:49.961  info:(t:16)Private Log begins
20160330 17:35:07.451  info:(t:23)Execution ends
20160330 17:40:46.029  info:(t:16)Private Log begins
20160330 17:45:07.872  info:(t:23)Execution ends
20160330 17:52:05.310  info:(t:16)Private Log begins
20160330 18:02:57.354  info:(t:23)Execution ends
20160330 18:03:09.594  info:(t:16)Private Log begins
20160330 18:29:41.073  info:(t:23)Execution ends
20160330 18:30:34.640  info:(t:16)Private Log begins
20160330 18:35:22.687  info:(t:25)Execution ends
20160330 18:35:57.472  info:(t:16)Private Log begins
20160330 18:36:54.734  info:(t:16)Private Log begins
20160330 18:37:03.487  info:(t:23)Execution ends
20160330 18:37:07.163  info:(t:23)Execution ends
20160330 18:37:19.207  info:(t:16)Private Log begins
20160330 18:47:27.178  info:(t:23)Execution ends
20160330 18:49:58.856  info:(t:16)Private Log begins
20160330 19:21:58.876  info:(t:23)Execution ends
20160330 20:00:06.900  info:(t:16)Private Log begins
20160330 20:00:47.223  info:(t:23)Execution ends
20160330 20:01:12.306  info:(t:16)Private Log begins
20160330 20:02:03.679  info:(t:24)Execution ends
20160330 20:16:05.376  info:(t:16)Private Log begins
20160330 20:24:50.254  info:(t:25)Execution ends
20160330 20:25:03.440  info:(t:16)Private Log begins
20160330 20:25:06.881  info:(t:16)Private Log begins
20160330 20:26:38.003  info:(t:23)Execution ends
20160330 20:26:41.719  info:(t:23)Execution ends
20160330 20:28:18.806  info:(t:16)Private Log begins
20160330 20:40:47.287  info:(t:24)Execution ends
20160330 20:43:16.350  info:(t:16)Private Log begins
20160330 20:43:39.104  info:(t:23)Execution ends
20160330 20:44:51.302  info:(t:16)Private Log begins
20160330 20:45:35.697  info:(t:23)Execution ends
20160330 20:46:22.870  info:(t:14)Private Log begins
20160330 20:49:45.893  info:(t:23)REI2 START Bib#2 Run#1 CHRONO  20:47:41.69
20160330 20:50:02.455  info:(t:23)REI2 STOP  Bib#1 Run#1 CHRONO  20:44:02.32
20160330 20:50:02.503  info:(t:23)NO!  This is a problem, no start found for a STOP time!!!
20160330 20:50:02.503  info:(t:23)REI2 STOP  Bib#1 Run#1 RUN    Elapsed=2.1500  0:0:2.1500
20160330 20:50:02.551  info:(t:23)REI2 STOP  Bib#1 Run#1 TOTAL  Elapsed=2.1500  0:0:2.1500
20160330 20:50:12.725  info:(t:23)REI2 STOP  Bib#2 Run#1 CHRONO  20:46:12.54
20160330 20:50:12.789  info:(t:23)REI2 STOP  Bib#2 Run#1 RUN    Elapsed=-90.8500  -1 days 23:58:30.8500
20160330 20:50:12.953  info:(t:23)REI2 STOP  Bib#2 Run#1 TOTAL  Elapsed=-90.8500  -1 days 23:58:30.8500
20160330 20:50:17.189  info:(t:23)REI2 START Bib#3 Run#1 CHRONO  20:48:12.95
20160330 20:50:55.196  info:(t:23)REI2 START Bib#4 Run#1 CHRONO  20:48:50.99
20160330 20:51:13.336  info:(t:23)REI2 STOP  Bib#4 Run#1 CHRONO  20:47:52.40
20160330 20:51:13.384  info:(t:23)REI2 STOP  Bib#4 Run#1 RUN    Elapsed=-59.4100  -1 days 23:59:1.4100
20160330 20:51:13.448  info:(t:23)REI2 STOP  Bib#4 Run#1 TOTAL  Elapsed=-59.4100  -1 days 23:59:1.4100
20160330 20:51:15.032  info:(t:23)REI2 STOP  Bib#3 Run#1 CHRONO  20:47:55.47
20160330 20:51:15.080  info:(t:23)REI2 STOP  Bib#3 Run#1 RUN    Elapsed=-18.5200  -1 days 23:59:42.5200
20160330 20:51:15.144  info:(t:23)REI2 STOP  Bib#3 Run#1 TOTAL  Elapsed=-18.5200  -1 days 23:59:42.5200
20160330 20:51:20.567  info:(t:23)REI2 START Bib#5 Run#1 CHRONO  20:49:16.34
20160330 20:51:35.939  info:(t:23)REI2 START Bib#6 Run#1 CHRONO  20:49:31.72
20160330 20:51:44.258  info:(t:23)REI2 STOP  Bib#5 Run#1 CHRONO  20:49:27.29
20160330 20:51:44.322  info:(t:23)REI2 STOP  Bib#5 Run#1 RUN    Elapsed=10.9400  0:0:10.9400
20160330 20:51:44.370  info:(t:23)REI2 STOP  Bib#5 Run#1 TOTAL  Elapsed=10.9400  0:0:10.9400
20160330 20:51:49.553  info:(t:23)REI2 STOP  Bib#6 Run#1 CHRONO  20:49:30.29
20160330 20:51:49.601  info:(t:23)REI2 STOP  Bib#6 Run#1 RUN    Elapsed=-2.5600  -1 days 23:59:58.5600
20160330 20:51:49.649  info:(t:23)REI2 STOP  Bib#6 Run#1 TOTAL  Elapsed=-2.5600  -1 days 23:59:58.5600
20160330 20:51:55.024  info:(t:23)REI2 START Bib#7 Run#1 CHRONO  20:49:50.81
20160330 20:52:10.316  info:(t:23)REI2 STOP  Bib#7 Run#1 CHRONO  20:49:34.20
20160330 20:52:10.365  info:(t:23)REI2 STOP  Bib#7 Run#1 RUN    Elapsed=-17.3900  -1 days 23:59:43.3900
20160330 20:52:10.428  info:(t:23)REI2 STOP  Bib#7 Run#1 TOTAL  Elapsed=-17.3900  -1 days 23:59:43.3900
20160330 20:52:32.846  info:(t:21)Execution ends
20160330 20:52:54.264  info:(t:16)Private Log begins
20160330 21:02:31.192  info:(t:25)REI2 START Bib#1 Run#1 CHRONO  21:02:03.58
20160330 21:02:46.380  info:(t:25)REI2 STOP  Bib#1 Run#1 CHRONO  21:02:14.86
20160330 21:02:46.428  info:(t:25)REI2 STOP  Bib#1 Run#1 RUN    Elapsed=11.2700  0:0:11.2700
20160330 21:02:46.495  info:(t:25)REI2 STOP  Bib#1 Run#1 TOTAL  Elapsed=11.2700  0:0:11.2700
20160330 21:02:52.427  info:(t:25)REI2 START Bib#2 Run#1 CHRONO  21:02:24.83
20160330 21:03:09.319  info:(t:25)REI2 STOP  Bib#2 Run#1 CHRONO  21:02:39.46
20160330 21:03:09.367  info:(t:25)REI2 STOP  Bib#2 Run#1 RUN    Elapsed=14.6200  0:0:14.6200
20160330 21:03:09.448  info:(t:25)REI2 STOP  Bib#2 Run#1 TOTAL  Elapsed=14.6200  0:0:14.6200
20160330 21:03:16.662  info:(t:25)REI2 START Bib#3 Run#1 CHRONO  21:02:49.06
20160330 21:03:23.765  info:(t:25)REI2 STOP  Bib#3 Run#1 CHRONO  21:02:54.19
20160330 21:03:23.813  info:(t:25)REI2 STOP  Bib#3 Run#1 RUN    Elapsed=5.1300  0:0:5.1300
20160330 21:03:23.869  info:(t:25)REI2 STOP  Bib#3 Run#1 TOTAL  Elapsed=5.1300  0:0:5.1300
20160330 21:03:32.671  info:(t:25)REI2 START Bib#4 Run#1 CHRONO  21:03:05.05
20160330 21:03:45.584  info:(t:25)REI2 STOP  Bib#4 Run#1 CHRONO  21:03:15.42
20160330 21:03:45.648  info:(t:25)REI2 STOP  Bib#4 Run#1 RUN    Elapsed=10.3700  0:0:10.3700
20160330 21:03:45.708  info:(t:25)REI2 STOP  Bib#4 Run#1 TOTAL  Elapsed=10.3700  0:0:10.3700
20160330 21:04:21.673  info:(t:25)REI2 START Bib#5 Run#1 CHRONO  21:03:54.01
20160330 21:04:31.479  info:(t:25)REI2 STOP  Bib#5 Run#1 CHRONO  21:04:01.98
20160330 21:04:31.527  info:(t:25)REI2 STOP  Bib#5 Run#1 RUN    Elapsed=7.9600  0:0:7.9600
20160330 21:04:31.656  info:(t:25)REI2 STOP  Bib#5 Run#1 TOTAL  Elapsed=7.9600  0:0:7.9600
20160330 21:04:58.226  info:(t:25)REI2 START Bib#6 Run#1 CHRONO  21:04:30.62
20160330 21:05:24.189  info:(t:25)REI2 STOP  Bib#6 Run#1 CHRONO  21:04:53.37
20160330 21:05:24.237  info:(t:25)REI2 STOP  Bib#6 Run#1 RUN    Elapsed=22.7400  0:0:22.7400
20160330 21:05:24.312  info:(t:25)REI2 STOP  Bib#6 Run#1 TOTAL  Elapsed=22.7400  0:0:22.7400
20160330 21:05:30.284  info:(t:25)REI2 START Bib#7 Run#1 CHRONO  21:05:02.70
20160330 21:05:43.236  info:(t:25)REI2 START Bib#8 Run#1 CHRONO  21:05:15.61
20160330 21:06:00.506  info:(t:25)REI2 STOP  Bib#7 Run#1 CHRONO  21:05:30.02
20160330 21:06:00.507  info:(t:25)REI2 STOP  Bib#7 Run#1 RUN    Elapsed=27.3200  0:0:27.3200
20160330 21:06:00.557  info:(t:25)REI2 STOP  Bib#7 Run#1 TOTAL  Elapsed=27.3200  0:0:27.3200
20160330 21:06:07.188  info:(t:25)REI2 STOP  Bib#8 Run#1 CHRONO  21:05:36.94
20160330 21:06:07.253  info:(t:25)REI2 STOP  Bib#8 Run#1 RUN    Elapsed=21.3300  0:0:21.3300
20160330 21:06:07.309  info:(t:25)REI2 STOP  Bib#8 Run#1 TOTAL  Elapsed=21.3300  0:0:21.3300
20160330 21:07:51.408  info:(t:25)REI2 START Bib#9 Run#1 CHRONO  21:07:23.79
20160330 21:07:57.679  info:(t:25)REI2 START Bib#10 Run#1 CHRONO  21:07:26.22
20160330 21:08:04.062  info:(t:25)REI2 START Bib#11 Run#1 CHRONO  21:07:28.61
20160330 21:08:08.397  info:(t:25)REI2 STOP  Bib#9 Run#1 CHRONO  21:07:39.50
20160330 21:08:08.445  info:(t:25)REI2 STOP  Bib#9 Run#1 RUN    Elapsed=15.7000  0:0:15.7000
20160330 21:08:08.493  info:(t:25)REI2 STOP  Bib#9 Run#1 TOTAL  Elapsed=15.7000  0:0:15.7000
20160330 21:08:10.301  info:(t:25)REI2 START Bib#12 Run#1 CHRONO  21:07:31.00
20160330 21:08:10.605  info:(t:25)REI2 STOP  Bib#10 Run#1 CHRONO  21:07:42.10
20160330 21:08:10.653  info:(t:25)REI2 STOP  Bib#10 Run#1 RUN    Elapsed=15.8700  0:0:15.8700
20160330 21:08:10.717  info:(t:25)REI2 STOP  Bib#10 Run#1 TOTAL  Elapsed=15.8700  0:0:15.8700
20160330 21:08:14.492  info:(t:25)REI2 STOP  Bib#11 Run#1 CHRONO  21:07:45.75
20160330 21:08:14.540  info:(t:25)REI2 STOP  Bib#11 Run#1 RUN    Elapsed=17.1400  0:0:17.1400
20160330 21:08:14.604  info:(t:25)REI2 STOP  Bib#11 Run#1 TOTAL  Elapsed=17.1400  0:0:17.1400
20160330 21:08:17.644  info:(t:25)REI2 STOP  Bib#12 Run#1 CHRONO  21:07:49.28
20160330 21:08:17.692  info:(t:25)REI2 STOP  Bib#12 Run#1 RUN    Elapsed=18.2700  0:0:18.2700
20160330 21:08:17.756  info:(t:25)REI2 STOP  Bib#12 Run#1 TOTAL  Elapsed=18.2700  0:0:18.2700
20160330 21:13:37.196  info:(t:25)REI2 START Bib#13 Run#1 CHRONO  21:13:09.51
20160330 21:13:43.340  info:(t:25)REI2 START Bib#14 Run#1 CHRONO  21:13:14.92
20160330 21:13:45.004  info:(t:25)REI2 STOP  Bib#13 Run#1 CHRONO  21:13:13.47
20160330 21:13:45.052  info:(t:25)REI2 STOP  Bib#13 Run#1 RUN    Elapsed=3.9500  0:0:3.9500
20160330 21:13:45.116  info:(t:25)REI2 STOP  Bib#13 Run#1 TOTAL  Elapsed=3.9500  0:0:3.9500
20160330 21:13:47.995  info:(t:25)REI2 STOP  Bib#14 Run#1 CHRONO  21:13:19.52
20160330 21:13:48.043  info:(t:25)REI2 STOP  Bib#14 Run#1 RUN    Elapsed=4.5900  0:0:4.5900
20160330 21:13:48.107  info:(t:25)REI2 STOP  Bib#14 Run#1 TOTAL  Elapsed=4.5900  0:0:4.5900
20160330 21:13:50.395  info:(t:25)REI2 START Bib#15 Run#1 CHRONO  21:13:22.82
20160330 21:14:00.409  info:(t:25)REI2 START Bib#16 Run#1 CHRONO  21:13:32.81
20160330 21:14:06.808  info:(t:25)REI2 START Bib#17 Run#1 CHRONO  21:13:39.00
20160330 21:14:10.391  info:(t:25)REI2 STOP  Bib#15 Run#1 CHRONO  21:13:42.07
20160330 21:14:10.455  info:(t:25)REI2 STOP  Bib#15 Run#1 RUN    Elapsed=19.2400  0:0:19.2400
20160330 21:14:10.503  info:(t:25)REI2 STOP  Bib#15 Run#1 TOTAL  Elapsed=19.2400  0:0:19.2400
20160330 21:14:12.823  info:(t:25)REI2 STOP  Bib#16 Run#1 CHRONO  21:13:44.51
20160330 21:14:12.871  info:(t:25)REI2 STOP  Bib#16 Run#1 RUN    Elapsed=11.7000  0:0:11.7000
20160330 21:14:12.935  info:(t:25)REI2 STOP  Bib#16 Run#1 TOTAL  Elapsed=11.7000  0:0:11.7000
20160330 21:14:20.548  info:(t:25)REI2 START Bib#18 Run#1 CHRONO  21:13:52.92
20160330 21:14:23.684  info:(t:25)REI2 STOP  Bib#17 Run#1 CHRONO  21:13:55.56
20160330 21:14:23.748  info:(t:25)REI2 STOP  Bib#17 Run#1 RUN    Elapsed=16.5500  0:0:16.5500
20160330 21:14:23.796  info:(t:25)REI2 STOP  Bib#17 Run#1 TOTAL  Elapsed=16.5500  0:0:16.5500
20160330 21:14:26.819  info:(t:25)REI2 START Bib#19 Run#1 CHRONO  21:13:57.28
20160330 21:14:27.987  info:(t:25)REI2 STOP  Bib#18 Run#1 CHRONO  21:13:59.99
20160330 21:14:28.051  info:(t:25)REI2 STOP  Bib#18 Run#1 RUN    Elapsed=7.600  0:0:7.600
20160330 21:14:28.099  info:(t:25)REI2 STOP  Bib#18 Run#1 TOTAL  Elapsed=7.600  0:0:7.600
20160330 21:14:31.331  info:(t:25)REI2 STOP  Bib#19 Run#1 CHRONO  21:14:03.27
20160330 21:14:31.379  info:(t:25)REI2 STOP  Bib#19 Run#1 RUN    Elapsed=5.9900  0:0:5.9900
20160330 21:14:31.427  info:(t:25)REI2 STOP  Bib#19 Run#1 TOTAL  Elapsed=5.9900  0:0:5.9900
20160330 21:14:33.074  info:(t:25)REI2 START Bib#20 Run#1 CHRONO  21:14:05.40
20160330 21:14:39.393  info:(t:25)REI2 START Bib#21 Run#1 CHRONO  21:14:09.23
20160330 21:14:45.696  info:(t:25)REI2 START Bib#22 Run#1 CHRONO  21:14:16.91
20160330 21:14:47.792  info:(t:25)REI2 STOP  Bib#20 Run#1 CHRONO  21:14:19.51
20160330 21:14:47.856  info:(t:25)REI2 STOP  Bib#20 Run#1 RUN    Elapsed=14.1000  0:0:14.1000
20160330 21:14:47.904  info:(t:25)REI2 STOP  Bib#20 Run#1 TOTAL  Elapsed=14.1000  0:0:14.1000
20160330 21:14:55.166  info:(t:25)REI2 STOP  Bib#21 Run#1 CHRONO  21:14:27.09
20160330 21:14:55.230  info:(t:25)REI2 STOP  Bib#21 Run#1 RUN    Elapsed=17.8600  0:0:17.8600
20160330 21:14:55.624  info:(t:25)REI2 STOP  Bib#21 Run#1 TOTAL  Elapsed=17.8600  0:0:17.8600
20160330 21:14:56.846  info:(t:25)REI2 START Bib#23 Run#1 CHRONO  21:14:29.24
20160330 21:15:03.197  info:(t:25)REI2 START Bib#24 Run#1 CHRONO  21:14:35.12
20160330 21:15:06.891  info:(t:25)REI2 STOP  Bib#22 Run#1 CHRONO  21:14:38.22
20160330 21:15:06.955  info:(t:25)REI2 STOP  Bib#22 Run#1 RUN    Elapsed=21.3000  0:0:21.3000
20160330 21:15:07.021  info:(t:25)REI2 STOP  Bib#22 Run#1 TOTAL  Elapsed=21.3000  0:0:21.3000
20160330 21:15:09.483  info:(t:25)REI2 START Bib#25 Run#1 CHRONO  21:14:41.38
20160330 21:15:11.898  info:(t:25)REI2 STOP  Bib#23 Run#1 CHRONO  21:14:41.54
20160330 21:15:11.962  info:(t:25)REI2 STOP  Bib#23 Run#1 RUN    Elapsed=12.2900  0:0:12.2900
20160330 21:15:12.026  info:(t:25)REI2 STOP  Bib#23 Run#1 TOTAL  Elapsed=12.2900  0:0:12.2900
20160330 21:15:16.378  info:(t:25)REI2 START Bib#26 Run#1 CHRONO  21:14:48.79
20160330 21:15:19.929  info:(t:25)REI2 STOP  Bib#24 Run#1 CHRONO  21:14:51.17
20160330 21:15:19.977  info:(t:25)REI2 STOP  Bib#24 Run#1 RUN    Elapsed=16.500  0:0:16.500
20160330 21:15:20.040  info:(t:25)REI2 STOP  Bib#24 Run#1 TOTAL  Elapsed=16.500  0:0:16.500
20160330 21:15:22.553  info:(t:25)REI2 STOP  Bib#25 Run#1 CHRONO  21:14:54.43
20160330 21:15:22.617  info:(t:25)REI2 STOP  Bib#25 Run#1 RUN    Elapsed=13.400  0:0:13.400
20160330 21:15:22.730  info:(t:25)REI2 STOP  Bib#25 Run#1 TOTAL  Elapsed=13.400  0:0:13.400
20160330 21:15:25.096  info:(t:25)REI2 STOP  Bib#26 Run#1 CHRONO  21:14:57.10
20160330 21:15:25.144  info:(t:25)REI2 STOP  Bib#26 Run#1 RUN    Elapsed=8.3000  0:0:8.3000
20160330 21:15:25.223  info:(t:25)REI2 STOP  Bib#26 Run#1 TOTAL  Elapsed=8.3000  0:0:8.3000
20160330 21:15:37.830  info:(t:25)REI2 START Bib#27 Run#1 CHRONO  21:15:10.26
20160330 21:19:58.985  info:(t:23)Execution ends
20160331 09:11:59.922  info:(t:17)Private Log begins
20160331 09:28:04.330  info:(t:23)Execution ends
20160331 10:47:11.830  info:(t:16)Private Log begins
20160331 11:27:22.625  info:(t:16)Private Log begins
20160331 12:17:54.466  info:(t:23)Execution ends
20160331 12:19:32.866  info:(t:17)Private Log begins
20160331 12:21:02.225  info:(t:23)Execution ends
20160331 12:30:42.313  info:(t:16)Private Log begins
20160331 12:31:46.794  info:(t:24)Execution ends
20160331 12:32:57.020  info:(t:16)Private Log begins
20160331 12:34:22.936  info:(t:23)Execution ends
20160331 12:44:30.014  info:(t:16)Private Log begins
20160331 12:47:22.150  info:(t:23)Execution ends
20160331 12:47:52.943  info:(t:16)Private Log begins
20160331 13:03:03.937  info:(t:24)Execution ends
20160331 13:03:20.961  info:(t:16)Private Log begins
20160331 13:09:39.620  info:(t:23)Execution ends
20160331 13:09:54.145  info:(t:16)Private Log begins
20160331 13:20:45.001  info:(t:23)Execution ends
20160331 13:20:59.070  info:(t:16)Private Log begins
20160331 13:21:07.287  info:(t:16)Private Log begins
20160331 13:21:12.127  info:(t:23)Execution ends
20160331 13:21:17.527  info:(t:23)Execution ends
20160331 13:21:25.492  info:(t:16)Private Log begins
20160331 13:24:49.319  info:(t:23)Execution ends
20160331 13:32:10.169  info:(t:16)Private Log begins
20160331 13:36:24.476  info:(t:23)Execution ends
20160331 13:36:41.645  info:(t:16)Private Log begins
20160331 13:43:18.312  info:(t:23)Execution ends
20160331 13:43:33.250  info:(t:16)Private Log begins
20160331 13:45:02.633  info:(t:23)Execution ends
20160331 13:45:14.794  info:(t:16)Private Log begins
20160331 13:50:43.684  info:(t:23)Execution ends
20160331 13:51:00.038  info:(t:16)Private Log begins
20160331 13:57:29.975  info:(t:23)Execution ends
20160331 13:57:43.606  info:(t:16)Private Log begins
20160331 13:57:51.819  info:(t:16)Private Log begins
20160331 13:57:59.276  info:(t:23)Execution ends
20160331 13:58:04.072  info:(t:23)Execution ends
20160331 13:58:12.357  info:(t:16)Private Log begins
20160331 14:00:42.080  info:(t:23)Execution ends
20160331 14:00:56.612  info:(t:16)Private Log begins
20160331 14:04:04.581  info:(t:23)Execution ends
20160331 14:04:18.800  info:(t:16)Private Log begins
20160331 14:06:34.983  info:(t:23)Execution ends
20160331 14:07:04.750  info:(t:16)Private Log begins
20160331 14:08:32.269  info:(t:23)Execution ends
20160331 14:11:04.585  info:(t:16)Private Log begins
20160331 14:11:11.117  info:(t:23)Execution ends
20160331 14:11:23.266  info:(t:16)Private Log begins
20160331 14:18:29.654  info:(t:16)Private Log begins
20160331 14:21:00.758  info:(t:24)Execution ends
20160331 14:21:13.567  info:(t:16)Private Log begins
20160331 14:21:22.815  info:(t:23)Execution ends
20160331 14:21:27.423  info:(t:23)Execution ends
20160331 14:21:35.031  info:(t:16)Private Log begins
20160331 14:28:15.519  info:(t:23)Execution ends
20160331 14:28:31.163  info:(t:16)Private Log begins
20160331 14:32:25.970  info:(t:23)Execution ends
20160331 14:32:46.949  info:(t:16)Private Log begins
20160331 15:18:25.384  info:(t:23)Execution ends
20160331 15:18:48.228  info:(t:17)Private Log begins
20160331 15:19:10.944  info:(t:23)Execution ends
20160331 15:19:21.331  info:(t:14)Private Log begins
20160331 15:25:59.811  info:(t:21)Execution ends
20160331 15:26:14.882  info:(t:16)Private Log begins
20160331 15:26:23.938  info:(t:23)Execution ends
20160331 15:26:31.494  info:(t:14)Private Log begins
20160331 15:29:27.397  info:(t:21)Execution ends
20160331 15:29:41.748  info:(t:14)Private Log begins
20160331 15:31:33.848  info:(t:20)Execution ends
20160331 15:35:38.177  info:(t:16)Private Log begins
20160331 15:36:13.719  info:(t:16)Private Log begins
20160331 15:36:18.296  info:(t:23)Execution ends
20160331 15:36:22.399  info:(t:23)Execution ends
20160331 15:37:23.807  info:(t:17)Private Log begins
20160331 15:39:23.561  info:(t:23)Execution ends
20160331 15:39:36.286  info:(t:16)Private Log begins
20160331 15:41:05.485  info:(t:23)Execution ends
20160331 15:42:22.969  info:(t:16)Private Log begins
20160331 15:52:33.761  info:(t:23)Execution ends
20160331 15:52:49.458  info:(t:16)Private Log begins
20160331 15:55:54.008  info:(t:23)Execution ends
20160331 15:56:06.155  info:(t:16)Private Log begins
20160331 15:57:46.834  info:(t:23)Execution ends
20160331 16:03:51.128  info:(t:16)Private Log begins
20160331 16:06:35.873  info:(t:23)Execution ends
20160331 16:06:50.480  info:(t:16)Private Log begins
20160331 16:12:09.617  info:(t:23)Execution ends
20160331 16:13:32.303  info:(t:16)Private Log begins
20160331 16:19:22.308  info:(t:23)Execution ends
20160331 16:19:39.908  info:(t:16)Private Log begins
20160331 16:28:44.147  info:(t:23)Execution ends
20160331 16:29:00.157  info:(t:16)Private Log begins
20160331 16:33:58.215  info:(t:23)Execution ends
20160331 16:34:13.324  info:(t:16)Private Log begins
20160331 16:36:26.652  info:(t:23)Execution ends
20160331 16:36:40.794  info:(t:16)Private Log begins
20160331 17:02:27.117  info:(t:23)Execution ends
20160401 08:30:42.467  info:(t:17)Private Log begins
20160401 08:42:44.488  info:(t:23)Execution ends
20160401 08:42:54.371  info:(t:16)Private Log begins
20160401 09:02:22.841  info:(t:22)Execution ends
20160401 09:02:40.452  info:(t:16)Private Log begins
20160401 09:11:02.281  info:(t:24)Execution ends
20160401 09:13:04.126  info:(t:16)Private Log begins
20160401 09:17:30.074  info:(t:23)Execution ends
20160401 09:17:53.633  info:(t:16)Private Log begins
20160401 09:28:17.197  info:(t:23)Execution ends
20160401 09:30:17.747  info:(t:16)Private Log begins
20160401 09:38:32.288  info:(t:23)Execution ends
20160401 09:40:54.958  info:(t:16)Private Log begins
20160401 09:46:02.828  info:(t:23)Execution ends
20160401 09:46:20.902  info:(t:16)Private Log begins
20160401 10:11:53.225  info:(t:23)Execution ends
20160401 10:12:19.936  info:(t:16)Private Log begins
20160401 10:13:26.189  info:(t:23)Execution ends
20160401 10:13:42.670  info:(t:17)Private Log begins
20160401 10:14:43.179  info:(t:23)Execution ends
20160401 10:15:00.896  info:(t:16)Private Log begins
20160401 10:20:01.507  info:(t:23)Execution ends
20160401 10:20:23.121  info:(t:17)Private Log begins
20160401 10:24:18.805  info:(t:24)Execution ends
20160401 10:24:37.033  info:(t:16)Private Log begins
20160401 10:30:43.723  info:(t:23)Execution ends
20160401 10:31:29.428  info:(t:16)Private Log begins
20160401 10:46:41.625  info:(t:23)Execution ends
20160401 10:47:39.563  info:(t:17)Private Log begins
20160401 11:08:56.212  info:(t:23)Execution ends
20160402 09:59:55.878  info:(t:16)Private Log begins
20160402 10:03:42.336  info:(t:23)Execution ends
20160402 10:03:53.047  info:(t:16)Private Log begins
20160402 10:03:59.126  info:(t:23)Execution ends
20160402 10:04:08.003  info:(t:16)Private Log begins
20160402 10:07:43.998  info:(t:16)Private Log begins
20160402 10:07:44.146  info:(t:22)Execution ends
20160402 10:07:46.995  info:(t:23)Execution ends
20160402 10:09:03.226  info:(t:16)Private Log begins
20160402 10:09:03.410  info:(t:23)Execution ends
