20160407 10:49:58.546  info:(t:16)Log Section4 begins
20160407 10:51:59.698  info:(t:48)Execution ends
20160407 11:02:19.653  info:(t:16)Log Section4 begins
20160407 11:02:46.774  info:(t:16)RPEN  B=1 r=1                                                             50  0  0  0  0
20160407 11:10:10.047  info:(t:47)Execution ends
20160407 11:11:37.473  info:(t:16)Log Section4 begins
20160407 11:15:35.878  info:(t:49)Execution ends
20160407 11:19:34.918  info:(t:16)Log Section4 begins
20160407 11:19:57.774  info:(t:16)RPEN  B=1 r=1                                                              0 50  0  0  0
20160407 11:26:21.152  info:(t:48)Execution ends
20160407 11:28:02.639  info:(t:16)Log Section4 begins
20160407 11:28:55.181  info:(t:49)Execution ends
20160407 11:29:29.803  info:(t:16)Log Section4 begins
20160407 11:31:27.405  info:(t:48)Execution ends
20160407 11:32:55.501  info:(t:16)Log Section4 begins
20160407 11:37:04.860  info:(t:16)RPEN  B=4 r=1                                                              0  0  0  0  0
20160407 11:47:31.679  info:(t:47)Execution ends
20160407 11:49:37.967  info:(t:16)Log Section4 begins
20160407 11:54:39.314  info:(t:49)Execution ends
20160407 12:32:54.691  info:(t:16)Log Section4 begins
20160407 12:33:31.058  info:(t:16)RPEN  B=1 r=1                                                              2  0  0  0  0
20160407 12:33:59.932  info:(t:49)Execution ends
20160407 12:38:33.813  info:(t:16)Log Section4 begins
20160407 12:40:11.072  info:(t:50)Execution ends
20160407 12:41:08.773  info:(t:16)Log Section4 begins
20160407 12:42:25.830  info:(t:49)Execution ends
20160407 12:42:47.333  info:(t:16)Log Section4 begins
20160407 15:29:03.187  info:(t:48)Execution ends
