20160407 10:49:51.809  info:(t:16)Log Section2 begins
20160407 10:51:59.688  info:(t:38)Execution ends
20160407 11:02:13.906  info:(t:16)Log Section2 begins
20160407 11:10:10.087  info:(t:37)Execution ends
20160407 11:11:31.771  info:(t:16)Log Section2 begins
20160407 11:15:35.893  info:(t:39)Execution ends
20160407 11:19:26.941  info:(t:16)Log Section2 begins
20160407 11:20:01.050  info:(t:16)RPEN  B=1 r=1                               50  0  0  0  0  0  0
20160407 11:26:21.151  info:(t:38)Execution ends
20160407 11:27:56.682  info:(t:16)Log Section2 begins
20160407 11:28:55.160  info:(t:38)Execution ends
20160407 11:29:24.093  info:(t:16)Log Section2 begins
20160407 11:31:27.306  info:(t:38)Execution ends
20160407 11:32:49.898  info:(t:16)Log Section2 begins
20160407 11:37:10.686  info:(t:16)RPEN  B=4 r=1                                0  0  0  0
20160407 11:47:31.710  info:(t:38)Execution ends
20160407 11:49:32.190  info:(t:16)Log Section2 begins
20160407 11:50:04.304  info:(t:16)RPEN  B=3 r=1                                2  0  0  0
20160407 11:50:39.520  info:(t:16)RPEN  B=3 r=1                                2 50 50 50
20160407 11:53:15.125  info:(t:16)RPEN  B=5 r=1                                2  0  0  0
20160407 11:54:39.365  info:(t:39)Execution ends
20160407 12:32:48.554  info:(t:16)Log Section2 begins
20160407 12:34:00.069  info:(t:39)Execution ends
20160407 12:38:28.125  info:(t:16)Log Section2 begins
20160407 12:40:11.015  info:(t:40)Execution ends
20160407 12:41:02.882  info:(t:16)Log Section2 begins
20160407 12:41:24.690  info:(t:16)RPEN  B=1 r=1                                2  0  0  0
20160407 12:42:25.748  info:(t:39)Execution ends
20160407 12:42:41.826  info:(t:16)Log Section2 begins
20160407 15:29:03.176  info:(t:38)Execution ends
20160730 21:40:06.238  info:(t:28)Log Section2 begins
20160730 21:40:24.727  info:(t:28)RPEN  B=82 r=1                              
20160730 21:41:05.961  info:(t:28)RPEN  B=220 r=1                              
20160730 21:42:22.961  info:(t:33)Execution ends
20160730 22:23:33.836  info:(t:23)Log Section2 begins
20160730 22:24:46.286  info:(t:23)RPEN  B=185 r=1                              
20160730 22:24:59.578  info:(t:23)RPEN  B=108 r=1                              
20160730 22:25:10.484  info:(t:23)RPEN  B=74 r=1                              
20160730 22:30:03.575  info:(t:23)RPEN  B=25 r=1                              
20160730 22:30:04.483  info:(t:23)RPEN  B=63 r=1                              
20160730 22:30:05.304  info:(t:23)RPEN  B=68 r=1                              
20160730 22:30:06.361  info:(t:23)RPEN  B=69 r=1                              
20160730 22:30:09.965  info:(t:23)RPEN  B=110 r=1                              
20160730 22:30:10.319  info:(t:23)RPEN  B=111 r=1                              
20160730 22:30:11.009  info:(t:23)RPEN  B=91 r=1                              
20160730 22:30:13.009  info:(t:23)RPEN  B=95 r=1                              
20160730 22:30:14.767  info:(t:23)RPEN  B=115 r=1                              
20160730 22:30:16.775  info:(t:23)RPEN  B=99 r=1                              
20160730 22:30:17.875  info:(t:23)RPEN  B=184 r=1                              
20160730 22:30:39.363  info:(t:23)RPEN  B=141 r=1                              
20160730 22:30:40.471  info:(t:23)RPEN  B=15 r=1                              
20160730 22:30:41.339  info:(t:23)RPEN  B=78 r=1                              
20160730 22:30:43.451  info:(t:23)RPEN  B=36 r=1                              
20160730 22:33:08.775  info:(t:27)Execution ends
20160731 06:31:27.232  info:(t:27)Log Section2 begins
20160731 06:31:50.148  info:(t:27)RPEN  B=174 r=1                              
20160731 06:31:57.688  info:(t:27)RPEN  B=15 r=1                              
20160731 06:32:02.812  info:(t:27)RPEN  B=43 r=1                              
20160731 06:32:09.106  info:(t:27)RPEN  B=96 r=1                              
20160731 06:32:17.908  info:(t:27)RPEN  B=96 r=1                              
20160731 06:32:18.822  info:(t:27)RPEN  B=96 r=1                              
20160731 06:32:19.882  info:(t:27)RPEN  B=96 r=1                              
20160731 06:33:40.527  info:(t:31)Execution ends
20160731 08:28:47.882  info:(t:28)Log Section2 begins
20160731 08:30:16.344  info:(t:33)Execution ends
20160731 08:37:36.889  info:(t:25)Log Section2 begins
20160731 09:36:04.722  info:(t:30)Execution ends
20160731 10:12:15.857  info:(t:26)Log Section2 begins
20160731 10:14:10.620  info:(t:31)Execution ends
20160731 10:20:13.289  info:(t:25)Log Section2 begins
20160731 10:21:37.296  info:(t:25)RPEN  B=82 r=1                              
20160731 10:21:39.494  info:(t:25)RPEN  B=220 r=1                              
20160731 10:21:47.971  info:(t:25)RPEN  B=185 r=1                              
20160731 10:21:53.921  info:(t:25)RPEN  B=185 r=1                              
20160802 20:01:08.638  info:(t:30)Execution ends
20161004 07:22:44.907  info:(t:1)Log Section2 begins
20161004 07:31:15.151  info:(t:26)RPEN  B=1 r=1                                2  2 50  0
20161004 07:33:17.711  info:(t:38)Execution ends
20161004 07:37:00.109  info:(t:1)Log Section2 begins
20161004 07:38:40.072  info:(t:39)Execution ends
20161004 07:39:56.611  info:(t:1)Log Section2 begins
20161004 07:50:27.498  info:(t:40)Execution ends
20161004 07:57:22.710  info:(t:1)Log Section2 begins
20161004 07:59:27.862  info:(t:40)Execution ends
20161004 08:01:37.775  info:(t:1)Log Section2 begins
20161004 08:07:40.667  info:(t:41)Execution ends
20161004 08:10:12.395  info:(t:1)Log Section2 begins
20161004 08:22:25.506  info:(t:39)Execution ends
20161004 08:23:28.841  info:(t:1)Log Section2 begins
20161004 08:36:53.043  info:(t:39)Execution ends
20161004 08:38:00.354  info:(t:1)Log Section2 begins
20161004 08:48:58.855  info:(t:39)Execution ends
20161004 09:02:37.666  info:(t:1)Log Section2 begins
20161004 09:06:16.086  info:(t:37)Execution ends
20161004 09:08:20.635  info:(t:1)Log Section2 begins
20161004 09:16:29.779  info:(t:37)Execution ends
20161004 13:37:18.928  info:(t:1)Log Section2 begins
20161004 13:52:59.742  info:(t:37)Execution ends
20161004 14:14:39.928  info:(t:1)Log Section2 begins
20161004 14:22:11.792  info:(t:37)Execution ends
20161004 14:29:38.128  info:(t:1)Log Section2 begins
20161004 14:41:25.799  info:(t:37)Execution ends
20161004 14:42:20.090  info:(t:1)Log Section2 begins
20161004 14:51:51.103  info:(t:37)Execution ends
20161004 14:53:12.788  info:(t:1)Log Section2 begins
20161004 14:59:17.663  info:(t:36)Execution ends
20161004 15:00:11.051  info:(t:1)Log Section2 begins
20161004 15:03:16.354  info:(t:38)Execution ends
20161004 15:04:09.421  info:(t:1)Log Section2 begins
20161004 15:11:58.343  info:(t:38)Execution ends
20161004 15:12:49.520  info:(t:1)Log Section2 begins
20161004 15:25:08.230  info:(t:37)Execution ends
20161004 18:40:29.488  info:(t:1)Log Section2 begins
20161004 18:44:50.981  info:(t:37)Execution ends
20161004 18:50:14.299  info:(t:1)Log Section2 begins
20161004 18:51:13.313  info:(t:36)Execution ends
20161004 18:52:06.798  info:(t:1)Log Section2 begins
20161004 18:53:38.612  info:(t:37)Execution ends
20161004 18:54:32.900  info:(t:1)Log Section2 begins
20161004 18:58:17.257  info:(t:37)Execution ends
20161004 18:59:16.857  info:(t:1)Log Section2 begins
20161004 18:59:37.476  info:(t:38)Execution ends
20161004 19:05:26.205  info:(t:1)Log Section2 begins
20161004 19:07:48.049  info:(t:38)Execution ends
20161004 19:08:48.038  info:(t:1)Log Section2 begins
20161004 19:14:12.990  info:(t:37)Execution ends
20161004 19:25:43.717  info:(t:1)Log Section2 begins
20161004 19:26:52.759  info:(t:38)Execution ends
20161004 19:27:46.979  info:(t:1)Log Section2 begins
20161004 19:30:45.487  info:(t:37)Execution ends
20161004 20:00:08.568  info:(t:1)Log Section2 begins
20161004 20:00:30.365  info:(t:37)Execution ends
20161004 20:01:31.287  info:(t:1)Log Section2 begins
20161004 20:02:25.423  info:(t:37)Execution ends
20161004 20:05:00.848  info:(t:1)Log Section2 begins
20161004 20:25:22.987  info:(t:36)Execution ends
20161004 20:26:14.681  info:(t:1)Log Section2 begins
20161004 20:27:24.577  info:(t:36)Execution ends
20161004 20:28:18.497  info:(t:1)Log Section2 begins
20161004 20:29:37.235  info:(t:38)Execution ends
20161004 20:30:30.637  info:(t:1)Log Section2 begins
20161004 20:37:41.479  info:(t:38)Execution ends
20161004 20:38:44.478  info:(t:1)Log Section2 begins
20161004 20:39:18.380  info:(t:39)Execution ends
20161004 20:40:47.367  info:(t:1)Log Section2 begins
20161004 20:43:29.586  info:(t:39)Execution ends
20161004 20:44:48.659  info:(t:1)Log Section2 begins
20161004 20:45:57.741  info:(t:37)Execution ends
20161004 20:46:50.505  info:(t:1)Log Section2 begins
20161004 20:53:29.377  info:(t:37)Execution ends
20161004 20:54:20.889  info:(t:1)Log Section2 begins
20161004 20:57:59.147  info:(t:39)Execution ends
20161004 20:58:51.211  info:(t:1)Log Section2 begins
20161004 21:03:55.426  info:(t:37)Execution ends
20161004 21:04:57.101  info:(t:1)Log Section2 begins
20161004 21:05:56.187  info:(t:37)Execution ends
20161004 21:06:48.507  info:(t:1)Log Section2 begins
20161004 21:12:04.891  info:(t:37)Execution ends
20161004 21:12:58.419  info:(t:1)Log Section2 begins
20161004 21:16:28.396  info:(t:37)Execution ends
20161004 21:20:40.773  info:(t:1)Log Section2 begins
20161004 21:22:32.069  info:(t:38)Execution ends
20161004 21:23:26.968  info:(t:1)Log Section2 begins
20161004 21:27:44.046  info:(t:38)Execution ends
20161004 21:28:46.417  info:(t:1)Log Section2 begins
20161004 21:31:05.504  info:(t:39)Execution ends
20161004 21:32:07.795  info:(t:1)Log Section2 begins
20161004 21:32:32.566  info:(t:37)Execution ends
20161004 21:33:24.708  info:(t:1)Log Section2 begins
20161004 21:36:51.219  info:(t:36)Execution ends
20161004 21:37:51.570  info:(t:1)Log Section2 begins
20161004 21:39:53.554  info:(t:38)Execution ends
20161004 21:40:47.609  info:(t:1)Log Section2 begins
20161004 21:45:43.391  info:(t:37)Execution ends
20161004 21:46:38.301  info:(t:1)Log Section2 begins
20161004 21:47:30.153  info:(t:38)Execution ends
20161004 21:48:55.583  info:(t:1)Log Section2 begins
20161004 21:51:51.031  info:(t:36)Execution ends
20161004 21:53:01.560  info:(t:1)Log Section2 begins
20161004 22:02:52.612  info:(t:39)Execution ends
20161004 22:03:49.943  info:(t:1)Log Section2 begins
20161004 22:16:17.808  info:(t:37)Execution ends
20161004 22:17:16.812  info:(t:1)Log Section2 begins
20161004 22:18:01.754  info:(t:22)RPEN  B=1 r=1                                0  2  0  0
20161004 22:18:06.753  info:(t:22)RPEN  B=2 r=1                                0  0  0  2
20161004 22:18:10.258  info:(t:22)RPEN  B=3 r=1                                0  0  0  0
20161004 22:29:52.219  info:(t:34)Execution ends
20161004 22:30:52.879  info:(t:1)Log Section2 begins
20161004 22:46:36.347  info:(t:25)RPEN  B=1 r=1                                0  0  0  0
20161004 22:46:37.500  info:(t:25)RPEN  B=2 r=1                                0  0  0  0
20161004 22:46:37.508  info:(t:25)RPEN  B=3 r=1                                0  0  0  0
20161004 22:46:37.567  info:(t:25)RPEN  B=5 r=1                                0  0  0  0
20161004 22:46:39.480  info:(t:25)RPEN  B=6 r=1                                0  0  0  0
20161004 22:46:39.607  info:(t:25)RPEN  B=7 r=1                                0  0  0  0
20161004 22:46:39.735  info:(t:25)RPEN  B=8 r=1                                0  0  0  0
20161004 22:46:44.311  info:(t:25)RPEN  B=9 r=1                                0  0  0  0
20161004 22:46:47.427  info:(t:25)RPEN  B=10 r=1                                2  0  0  0
20161004 22:47:09.814  info:(t:25)RPEN  B=70 r=1                                0  0  0  0
20161004 22:47:09.948  info:(t:25)RPEN  B=71 r=1                                0  0  0  0
20161004 22:47:14.193  info:(t:25)RPEN  B=72 r=1                                0  2  0  0
20161004 22:47:16.227  info:(t:25)RPEN  B=30 r=1                                0  0  0  0
20161004 22:47:19.201  info:(t:25)RPEN  B=31 r=1                                2  0  0  0
20161004 22:47:21.423  info:(t:25)RPEN  B=32 r=1                                0  0  0  0
20161004 22:48:00.285  info:(t:25)RPEN  B=33 r=1                                0  0  0  0
20161004 22:48:00.451  info:(t:25)RPEN  B=34 r=1                                0  0  0  0
20161004 22:48:05.215  info:(t:25)RPEN  B=35 r=1                                0  0  0  0
20161004 22:48:05.425  info:(t:25)RPEN  B=36 r=1                                0  0  0  0
20161004 22:48:11.470  info:(t:25)RPEN  B=38 r=1                                2  0  0  0
20161004 22:48:14.962  info:(t:25)RPEN  B=39 r=1                                0  0  0  0
20161004 22:48:14.988  info:(t:25)RPEN  B=40 r=1                                0  0  0  0
20161004 22:48:16.357  info:(t:25)RPEN  B=41 r=1                                0  0  0  0
20161004 22:48:21.946  info:(t:25)RPEN  B=42 r=1                                0  0  0  0
20161004 22:48:21.955  info:(t:25)RPEN  B=21 r=1                                0  0  0  0
20161004 22:48:21.966  info:(t:25)RPEN  B=22 r=1                                0  0  0  0
20161004 22:48:23.658  info:(t:25)RPEN  B=23 r=1                                0  0  0  0
20161004 22:48:28.731  info:(t:25)RPEN  B=24 r=1                                0  0  0  0
20161004 22:48:31.113  info:(t:25)RPEN  B=25 r=1                                0  0  0  0
20161004 22:48:34.901  info:(t:25)RPEN  B=26 r=1                                0  0  2  0
20161004 22:48:36.171  info:(t:25)RPEN  B=27 r=1                                0  0  0  0
20161004 22:48:36.203  info:(t:25)RPEN  B=100 r=1                                0  0  0  0
20161004 22:48:37.679  info:(t:25)RPEN  B=101 r=1                                0  0  0  0
20161004 22:48:55.568  info:(t:25)RPEN  B=102 r=1                                0  0  0  0
20161004 22:48:57.324  info:(t:25)RPEN  B=103 r=1                                0  0  0  0
20161004 22:48:57.372  info:(t:25)RPEN  B=104 r=1                                0  0  0  0
20161004 22:48:57.379  info:(t:25)RPEN  B=105 r=1                                0  0  0  0
20161004 22:48:57.387  info:(t:25)RPEN  B=106 r=1                                0  0  0  0
20161004 22:48:59.571  info:(t:25)RPEN  B=107 r=1                                0  0  0  0
20161004 22:49:16.123  info:(t:25)RPEN  B=108 r=1                                0  0  0  0
20161004 22:49:16.614  info:(t:25)RPEN  B=109 r=1                                0  0  0  0
20161004 22:49:17.647  info:(t:25)RPEN  B=1 r=2                                0  0  0  0
20161004 22:49:17.692  info:(t:25)RPEN  B=2 r=2                                0  0  0  0
20161004 22:49:19.288  info:(t:25)RPEN  B=3 r=2                                0  0  0  0
20161004 22:49:19.297  info:(t:25)RPEN  B=5 r=2                                0  0  0  0
20161004 22:49:20.817  info:(t:25)RPEN  B=6 r=2                                0  0  0  0
20161004 22:49:44.296  info:(t:25)RPEN  B=7 r=2                                0  0  2  0
20161004 22:49:56.472  info:(t:25)RPEN  B=8 r=2                                0  0  0  0
20161004 22:49:56.540  info:(t:25)RPEN  B=9 r=2                                0  0  0  0
20161004 22:50:00.278  info:(t:25)RPEN  B=10 r=2                                0  0  0  0
20161004 22:50:17.710  info:(t:25)RPEN  B=70 r=2                                0  2  0  0
20161004 22:50:27.509  info:(t:25)RPEN  B=71 r=2                                0  0  0  0
20161004 22:50:27.519  info:(t:25)RPEN  B=72 r=2                                0  0  0  0
20161004 22:50:27.525  info:(t:25)RPEN  B=30 r=2                                0  0  0  0
20161004 22:50:27.537  info:(t:25)RPEN  B=31 r=2                                0  0  0  0
20161004 22:50:36.328  info:(t:25)RPEN  B=32 r=2                                0  0  0  0
20161004 22:50:39.282  info:(t:25)RPEN  B=33 r=2                                0  0  0  0
20161004 22:50:40.432  info:(t:25)RPEN  B=34 r=2                                0  0  0  0
20161004 22:50:45.346  info:(t:25)RPEN  B=35 r=2                                0  0  0  0
20161004 22:50:52.869  info:(t:25)RPEN  B=36 r=2                                0  0  0  0
20161004 22:58:56.646  info:(t:38)Execution ends
20161004 22:59:52.685  info:(t:1)Log Section2 begins
20161004 23:01:10.138  info:(t:26)RPEN  B=1 r=1                                0  0  0  0
20161004 23:01:16.646  info:(t:26)RPEN  B=2 r=1                                0 50  0  0
20161004 23:03:45.706  info:(t:26)RPEN  B=3 r=1                                0  0  0  0
20161004 23:03:51.490  info:(t:26)RPEN  B=5 r=1                                0  0  0  0
20161004 23:03:51.495  info:(t:26)RPEN  B=6 r=1                                0  0  0  0
20161004 23:03:53.738  info:(t:26)RPEN  B=7 r=1                                0  0  0  0
20161004 23:04:00.492  info:(t:26)RPEN  B=8 r=1                                0  0  0  0
20161004 23:04:22.234  info:(t:26)RPEN  B=9 r=1                                0  0  0  0
20161004 23:04:38.090  info:(t:26)RPEN  B=10 r=1                                0  0  0  0
20161004 23:04:57.864  info:(t:26)RPEN  B=70 r=1                               50  0  0  0
20161004 23:06:24.032  info:(t:26)RPEN  B=71 r=1                               50  0  0  0
20161004 23:07:09.962  info:(t:26)RPEN  B=72 r=1                                0  0  0  0
20161004 23:07:11.075  info:(t:26)RPEN  B=30 r=1                                0  0  0  0
20161005 07:29:28.797  info:(t:39)Execution ends
20161005 08:14:26.931  info:(t:1)Log Section2 begins
20161005 08:14:54.017  info:(t:38)Execution ends
20161005 11:54:07.121  info:(t:31)Log Section2 begins
20161005 11:54:38.427  info:(t:31)RPEN  B=2 r=1                              
20161005 11:54:43.530  info:(t:31)RPEN  B=1 r=1                              
20161005 11:55:59.761  info:(t:31)RPEN  B=3 r=1                              
20161005 11:56:14.339  info:(t:36)Execution ends
20161007 12:11:30.725  info:(t:25)Log Section2 begins
20161007 12:48:29.968  info:(t:25)RPEN  B=1 r=1                              
20161007 12:48:44.336  info:(t:25)RPEN  B=2 r=1                              
20161007 12:48:45.088  info:(t:25)RPEN  B=3 r=1                              
20161007 12:48:45.366  info:(t:25)RPEN  B=5 r=1                              
20161007 12:48:46.606  info:(t:25)RPEN  B=6 r=1                              
20161007 12:48:46.612  info:(t:25)RPEN  B=7 r=1                              
20161007 12:54:44.488  info:(t:25)RPEN  B=8 r=1                              
20161007 12:54:45.570  info:(t:25)RPEN  B=9 r=1                              
20161007 12:54:45.576  info:(t:25)RPEN  B=10 r=1                              
20161007 13:01:50.271  info:(t:31)Execution ends
20161007 13:07:11.354  info:(t:23)Log Section2 begins
20161007 13:08:18.283  info:(t:23)RPEN  B=1 r=1                              
20161007 13:08:18.930  info:(t:23)RPEN  B=2 r=1                              
20161007 13:08:28.504  info:(t:23)RPEN  B=3 r=1                              
20161007 13:08:31.537  info:(t:23)RPEN  B=3 r=1                              
20161007 13:09:18.303  info:(t:23)RPEN  B=5 r=1                              
20161007 13:16:37.276  info:(t:23)RPEN  B=6 r=1                              
20161007 13:16:52.896  info:(t:23)RPEN  B=7 r=1                              
20161007 13:16:53.526  info:(t:23)RPEN  B=8 r=1                              
20161007 13:16:57.553  info:(t:23)RPEN  B=9 r=1                              
20161007 13:17:02.859  info:(t:23)RPEN  B=10 r=1                              
20161007 13:17:11.720  info:(t:23)RPEN  B=70 r=1                              
20161007 13:17:14.144  info:(t:23)RPEN  B=71 r=1                              
20161007 13:17:45.534  info:(t:23)RPEN  B=72 r=1                              
20161007 13:17:56.896  info:(t:23)RPEN  B=30 r=1                              
20161007 13:23:31.049  info:(t:23)RPEN  B=31 r=1                              
20161007 13:23:31.734  info:(t:23)RPEN  B=32 r=1                              
20161007 13:23:39.796  info:(t:23)RPEN  B=33 r=1                              
20161007 13:23:40.032  info:(t:23)RPEN  B=34 r=1                              
20161007 13:23:44.073  info:(t:23)RPEN  B=35 r=1                              
20161007 13:24:08.623  info:(t:23)RPEN  B=36 r=1                              
20161007 13:24:10.134  info:(t:23)RPEN  B=38 r=1                              
20161007 13:25:03.120  info:(t:23)RPEN  B=39 r=1                              
20161007 13:28:48.301  info:(t:23)RPEN  B=40 r=1                              
20161007 13:28:48.939  info:(t:23)RPEN  B=41 r=1                              
20161007 13:28:49.940  info:(t:23)RPEN  B=42 r=1                              
20161007 13:28:50.045  info:(t:23)RPEN  B=21 r=1                              
20161007 13:28:51.454  info:(t:23)RPEN  B=21 r=1                              
20161007 13:28:51.456  info:(t:23)RPEN  B=21 r=1                              
20161007 13:28:56.281  info:(t:23)RPEN  B=21 r=1                              
20161007 13:28:57.129  info:(t:23)RPEN  B=21 r=1                              
20161007 13:29:37.205  info:(t:23)RPEN  B=21 r=1                              
20161007 13:29:40.992  info:(t:23)RPEN  B=22 r=1                              
20161007 13:29:42.762  info:(t:23)RPEN  B=22 r=1                              
20161007 13:29:54.513  info:(t:23)RPEN  B=22 r=1                              
20161007 13:31:44.009  info:(t:23)RPEN  B=23 r=1                              
20161007 13:31:47.447  info:(t:23)RPEN  B=24 r=1                              
20161007 13:32:05.554  info:(t:23)RPEN  B=24 r=1                              
20161007 13:32:48.919  info:(t:23)RPEN  B=25 r=1                              
20161007 13:33:41.235  info:(t:23)RPEN  B=26 r=1                              
20161007 13:34:59.941  info:(t:23)RPEN  B=27 r=1                              
20161007 13:37:06.115  info:(t:23)RPEN  B=100 r=1                              
20161007 13:37:06.860  info:(t:23)RPEN  B=101 r=1                              
20161007 13:37:07.889  info:(t:23)RPEN  B=102 r=1                              
20161007 13:37:16.418  info:(t:23)RPEN  B=102 r=1                              
20161007 13:38:04.233  info:(t:23)RPEN  B=103 r=1                              
20161007 13:43:03.383  info:(t:23)RPEN  B=104 r=1                              
20161007 13:43:04.379  info:(t:23)RPEN  B=105 r=1                              
20161007 13:43:05.386  info:(t:23)RPEN  B=106 r=1                              
20161007 13:43:25.246  info:(t:23)RPEN  B=107 r=1                              
20161007 13:43:29.611  info:(t:23)RPEN  B=108 r=1                              
20161007 13:43:50.741  info:(t:23)RPEN  B=109 r=1                              
20161007 13:43:54.734  info:(t:23)RPEN  B=109 r=1                              
20161007 13:49:20.738  info:(t:23)RPEN  B=1 r=2                              
20161007 13:49:21.622  info:(t:23)RPEN  B=2 r=2                              
20161007 13:49:23.643  info:(t:23)RPEN  B=3 r=2                              
20161007 13:50:05.475  info:(t:23)RPEN  B=5 r=2                              
20161007 13:50:06.383  info:(t:23)RPEN  B=6 r=2                              
20161007 13:50:06.404  info:(t:23)RPEN  B=7 r=2                              
20161007 13:56:04.315  info:(t:23)RPEN  B=8 r=2                              
20161007 13:56:05.158  info:(t:23)RPEN  B=9 r=2                              
20161007 13:56:06.162  info:(t:23)RPEN  B=10 r=2                              
20161007 13:57:04.030  info:(t:23)RPEN  B=70 r=2                              
20161007 13:57:06.161  info:(t:23)RPEN  B=71 r=2                              
20161007 13:57:06.745  info:(t:23)RPEN  B=72 r=2                              
20161007 13:57:10.196  info:(t:23)RPEN  B=30 r=2                              
20161007 13:57:55.585  info:(t:23)RPEN  B=31 r=2                              
20161007 14:02:01.894  info:(t:23)RPEN  B=32 r=2                              
20161007 14:02:20.026  info:(t:23)RPEN  B=33 r=2                              
20161007 14:02:23.558  info:(t:23)RPEN  B=34 r=2                              
20161007 14:02:38.100  info:(t:23)RPEN  B=35 r=2                              
20161007 14:02:39.115  info:(t:23)RPEN  B=36 r=2                              
20161007 14:03:26.829  info:(t:23)RPEN  B=38 r=2                              
20161007 14:03:27.827  info:(t:23)RPEN  B=38 r=2                              
20161007 14:03:28.845  info:(t:23)RPEN  B=38 r=2                              
20161007 14:03:28.855  info:(t:23)RPEN  B=38 r=2                              
20161007 18:14:32.662  info:(t:29)Execution ends
20161009 16:38:53.528  info:(t:13)Log Section2 begins
20161010 11:27:34.400  info:(t:45)Execution ends
