20160407 10:50:02.467  info:(t:16)Log Section5 begins
20160407 10:51:59.754  info:(t:54)Execution ends
20160407 11:02:22.812  info:(t:16)Log Section5 begins
20160407 11:10:10.077  info:(t:52)Execution ends
20160407 11:11:40.624  info:(t:16)Log Section5 begins
20160407 11:15:35.892  info:(t:54)Execution ends
20160407 11:28:05.813  info:(t:16)Log Section5 begins
20160407 11:28:55.150  info:(t:53)Execution ends
20160407 11:29:33.089  info:(t:16)Log Section5 begins
20160407 11:31:27.317  info:(t:53)Execution ends
20160407 11:32:58.741  info:(t:16)Log Section5 begins
20160407 11:36:58.668  info:(t:16)RPEN  B=4 r=1                                                                             2  0  0  0
20160407 11:40:39.657  info:(t:16)RPEN  B=4 r=2                                                                             0  0 50  0
20160407 11:47:31.669  info:(t:53)Execution ends
20160407 11:49:41.200  info:(t:16)Log Section5 begins
20160407 11:54:39.334  info:(t:54)Execution ends
20160407 12:32:57.728  info:(t:16)Log Section5 begins
20160407 12:33:59.912  info:(t:53)Execution ends
20160407 12:38:37.313  info:(t:16)Log Section5 begins
20160407 12:40:11.010  info:(t:55)Execution ends
20160407 12:41:12.220  info:(t:16)Log Section5 begins
20160407 12:42:25.789  info:(t:54)Execution ends
20160407 12:42:50.393  info:(t:16)Log Section5 begins
20160407 15:29:03.188  info:(t:52)Execution ends
20161004 07:24:22.241  info:(t:1)Log Section5 begins
20161004 07:31:24.898  info:(t:26)RPEN  B=1 r=1                                                                             2 50  0  0
20161004 07:31:34.339  info:(t:26)RPEN  B=2 r=1                                                                            50  0  0  0
20161004 07:31:47.356  info:(t:26)RPEN  B=2 r=2                                                                            50  0  0  0
20161004 07:33:17.724  info:(t:59)Execution ends
20161004 07:38:30.925  info:(t:1)Log Section5 begins
20161004 07:38:40.084  info:(t:59)Execution ends
20161004 07:45:11.128  info:(t:1)Log Section5 begins
20161004 07:50:27.499  info:(t:60)Execution ends
20161004 07:58:59.753  info:(t:1)Log Section5 begins
20161004 07:59:27.840  info:(t:59)Execution ends
20161004 08:04:17.101  info:(t:1)Log Section5 begins
20161004 08:07:40.656  info:(t:62)Execution ends
20161004 08:11:42.758  info:(t:1)Log Section5 begins
20161004 08:22:25.645  info:(t:58)Execution ends
20161004 08:24:59.726  info:(t:1)Log Section5 begins
20161004 08:36:53.021  info:(t:59)Execution ends
20161004 08:39:30.768  info:(t:1)Log Section5 begins
20161004 08:45:52.040  info:(t:26)RPEN  B=1 r=1                                                                             2  0  0  0
20161004 08:45:56.046  info:(t:26)RPEN  B=2 r=1                                                                             2  0  0  0
20161004 08:46:00.037  info:(t:26)RPEN  B=3 r=1                                                                             0  2  0  0
20161004 08:48:58.892  info:(t:59)Execution ends
20161004 09:04:07.582  info:(t:1)Log Section5 begins
20161004 09:06:16.194  info:(t:58)Execution ends
20161004 09:09:50.626  info:(t:1)Log Section5 begins
20161004 09:16:29.780  info:(t:58)Execution ends
20161004 13:38:49.157  info:(t:1)Log Section5 begins
20161004 13:52:59.763  info:(t:58)Execution ends
20161004 14:16:11.699  info:(t:1)Log Section5 begins
20161004 14:22:11.718  info:(t:59)Execution ends
20161004 14:31:07.885  info:(t:1)Log Section5 begins
20161004 14:41:25.807  info:(t:58)Execution ends
20161004 14:43:55.985  info:(t:1)Log Section5 begins
20161004 14:51:51.103  info:(t:57)Execution ends
20161004 14:54:49.102  info:(t:1)Log Section5 begins
20161004 14:59:17.664  info:(t:57)Execution ends
20161004 15:01:46.655  info:(t:1)Log Section5 begins
20161004 15:03:16.364  info:(t:55)Execution ends
20161004 15:05:39.155  info:(t:1)Log Section5 begins
20161004 15:11:58.342  info:(t:57)Execution ends
20161004 15:14:26.066  info:(t:1)Log Section5 begins
20161004 15:25:08.230  info:(t:60)Execution ends
20161004 18:41:59.802  info:(t:1)Log Section5 begins
20161004 18:44:50.982  info:(t:57)Execution ends
20161004 18:53:37.877  info:(t:1)Log Section5 begins
20161004 18:53:38.618  info:(t:56)Execution ends
20161004 18:56:04.356  info:(t:1)Log Section5 begins
20161004 18:58:17.246  info:(t:57)Execution ends
20161004 19:06:56.749  info:(t:1)Log Section5 begins
20161004 19:07:48.100  info:(t:56)Execution ends
20161004 19:10:18.636  info:(t:1)Log Section5 begins
20161004 19:14:13.005  info:(t:58)Execution ends
20161004 19:29:18.031  info:(t:1)Log Section5 begins
20161004 19:30:45.447  info:(t:56)Execution ends
20161004 20:06:30.907  info:(t:1)Log Section5 begins
20161004 20:25:22.977  info:(t:55)Execution ends
20161004 20:32:01.034  info:(t:1)Log Section5 begins
20161004 20:37:41.468  info:(t:58)Execution ends
20161004 20:42:19.171  info:(t:1)Log Section5 begins
20161004 20:43:29.613  info:(t:59)Execution ends
20161004 20:48:21.751  info:(t:1)Log Section5 begins
20161004 20:53:29.377  info:(t:57)Execution ends
20161004 20:55:58.180  info:(t:1)Log Section5 begins
20161004 20:57:59.147  info:(t:58)Execution ends
20161004 21:00:23.017  info:(t:1)Log Section5 begins
20161004 21:03:55.378  info:(t:58)Execution ends
20161004 21:08:20.570  info:(t:1)Log Section5 begins
20161004 21:12:04.762  info:(t:56)Execution ends
20161004 21:22:18.770  info:(t:1)Log Section5 begins
20161004 21:22:32.069  info:(t:59)Execution ends
20161004 21:24:57.358  info:(t:1)Log Section5 begins
20161004 21:27:44.038  info:(t:58)Execution ends
20161004 21:30:18.429  info:(t:1)Log Section5 begins
20161004 21:31:05.520  info:(t:59)Execution ends
20161004 21:34:53.953  info:(t:1)Log Section5 begins
20161004 21:36:51.209  info:(t:56)Execution ends
20161004 21:39:22.712  info:(t:1)Log Section5 begins
20161004 21:39:53.585  info:(t:57)Execution ends
20161004 21:42:17.376  info:(t:1)Log Section5 begins
20161004 21:45:43.402  info:(t:56)Execution ends
20161004 21:50:26.879  info:(t:1)Log Section5 begins
20161004 21:51:51.065  info:(t:57)Execution ends
20161004 21:54:32.757  info:(t:1)Log Section5 begins
20161004 22:02:52.663  info:(t:57)Execution ends
20161004 22:05:26.589  info:(t:1)Log Section5 begins
20161004 22:12:02.816  info:(t:26)RPEN  B=1 r=1                                                                             0  0  0  0
20161004 22:15:04.561  info:(t:26)RPEN  B=2 r=1                                                                             2  0  0  0
20161004 22:16:17.818  info:(t:60)Execution ends
20161004 22:18:47.731  info:(t:1)Log Section5 begins
20161004 22:29:52.220  info:(t:57)Execution ends
20161004 22:32:24.311  info:(t:1)Log Section5 begins
20161004 22:46:42.099  info:(t:25)RPEN  B=1 r=1                                                                             0  0  0  0
20161004 22:46:42.165  info:(t:25)RPEN  B=2 r=1                                                                             0  0  0  0
20161004 22:46:42.352  info:(t:25)RPEN  B=3 r=1                                                                             0  0  0  0
20161004 22:46:49.434  info:(t:25)RPEN  B=5 r=1                                                                             0  0  0  0
20161004 22:46:52.469  info:(t:25)RPEN  B=6 r=1                                                                             0  2  0  0
20161004 22:46:53.556  info:(t:25)RPEN  B=7 r=1                                                                             0  0  0  0
20161004 22:46:57.904  info:(t:25)RPEN  B=8 r=1                                                                             0  0  0  2
20161004 22:47:04.259  info:(t:25)RPEN  B=9 r=1                                                                             0  0  0  0
20161004 22:47:05.133  info:(t:25)RPEN  B=10 r=1                                                                             0  0  0  0
20161004 22:47:05.144  info:(t:25)RPEN  B=70 r=1                                                                             0  0  0  0
20161004 22:47:06.363  info:(t:25)RPEN  B=71 r=1                                                                             0  0  0  0
20161004 22:47:06.413  info:(t:25)RPEN  B=72 r=1                                                                             0  0  0  0
20161004 22:47:54.922  info:(t:25)RPEN  B=30 r=1                                                                             0  0  0  0
20161004 22:47:56.033  info:(t:25)RPEN  B=31 r=1                                                                             0  0  0  0
20161004 22:47:56.061  info:(t:25)RPEN  B=32 r=1                                                                             0  0  0  0
20161004 22:47:57.412  info:(t:25)RPEN  B=33 r=1                                                                             0  0  0  0
20161004 22:48:41.919  info:(t:25)RPEN  B=34 r=1                                                                             0  0  0  0
20161004 22:48:46.406  info:(t:25)RPEN  B=35 r=1                                                                             0  2  0  0
20161004 22:48:47.356  info:(t:25)RPEN  B=36 r=1                                                                             0  0  0  0
20161004 22:48:47.378  info:(t:25)RPEN  B=38 r=1                                                                             0  0  0  0
20161004 22:48:48.849  info:(t:25)RPEN  B=39 r=1                                                                             0  0  0  0
20161004 22:48:59.592  info:(t:25)RPEN  B=40 r=1                                                                             0  0  0  0
20161004 22:49:00.783  info:(t:25)RPEN  B=41 r=1                                                                             0  0  0  0
20161004 22:49:00.789  info:(t:25)RPEN  B=42 r=1                                                                             0  0  0  0
20161004 22:49:02.252  info:(t:25)RPEN  B=21 r=1                                                                             0  0  0  0
20161004 22:49:05.248  info:(t:25)RPEN  B=22 r=1                                                                             0  2  0  0
20161004 22:49:09.090  info:(t:25)RPEN  B=23 r=1                                                                             0  0  0  2
20161004 22:49:21.675  info:(t:25)RPEN  B=24 r=1                                                                             0  0  0  0
20161004 22:49:22.409  info:(t:25)RPEN  B=25 r=1                                                                             0  0  0  0
20161004 22:49:22.493  info:(t:25)RPEN  B=26 r=1                                                                             0  0  0  0
20161004 22:49:22.524  info:(t:25)RPEN  B=27 r=1                                                                             0  0  0  0
20161004 22:49:22.534  info:(t:25)RPEN  B=100 r=1                                                                             0  0  0  0
20161004 22:49:24.792  info:(t:25)RPEN  B=101 r=1                                                                             0  0  0  0
20161004 22:49:24.959  info:(t:25)RPEN  B=102 r=1                                                                             0  0  0  0
20161004 22:49:27.538  info:(t:25)RPEN  B=103 r=1                                                                             0  0  0  0
20161004 22:49:27.707  info:(t:25)RPEN  B=104 r=1                                                                             0  0  0  0
20161004 22:49:28.967  info:(t:25)RPEN  B=105 r=1                                                                             0  0  0  0
20161004 22:49:28.977  info:(t:25)RPEN  B=106 r=1                                                                             0  0  0  0
20161004 22:49:30.264  info:(t:25)RPEN  B=107 r=1                                                                             0  0  0  0
20161004 22:49:30.369  info:(t:25)RPEN  B=108 r=1                                                                             0  0  0  0
20161004 22:49:30.665  info:(t:25)RPEN  B=109 r=1                                                                             0  0  0  0
20161004 22:49:34.124  info:(t:25)RPEN  B=1 r=2                                                                             0  2  0  0
20161004 22:50:06.269  info:(t:25)RPEN  B=2 r=2                                                                             0  0  0  0
20161004 22:50:08.540  info:(t:25)RPEN  B=3 r=2                                                                             2  0  0  0
20161004 22:50:11.876  info:(t:25)RPEN  B=5 r=2                                                                             0  0  2  0
20161004 22:50:32.151  info:(t:25)RPEN  B=6 r=2                                                                             0  0  0  0
20161004 22:50:32.161  info:(t:25)RPEN  B=7 r=2                                                                             0  0  0  0
20161004 22:50:32.167  info:(t:25)RPEN  B=8 r=2                                                                             0  0  0  0
20161004 22:50:34.286  info:(t:25)RPEN  B=9 r=2                                                                             0  0  0  0
20161004 22:50:34.292  info:(t:25)RPEN  B=10 r=2                                                                             0  0  0  0
20161004 22:50:34.304  info:(t:25)RPEN  B=70 r=2                                                                             0  0  0  0
20161004 22:50:50.214  info:(t:25)RPEN  B=71 r=2                                                                             0  0  0  0
20161004 22:50:51.719  info:(t:25)RPEN  B=72 r=2                                                                             0  0  0  0
20161004 22:53:42.899  info:(t:25)RPEN  B=30 r=2                                                                            50  0  0  0
20161004 22:58:56.646  info:(t:56)Execution ends
20161004 23:01:20.720  info:(t:1)Log Section5 begins
20161004 23:03:13.524  info:(t:26)RPEN  B=1 r=1                                                                             0  0  0  0
20161004 23:03:21.741  info:(t:26)RPEN  B=2 r=1                                                                             0  0  0  0
20161004 23:03:32.500  info:(t:26)RPEN  B=3 r=1                                                                             0  0  0  0
20161004 23:03:41.599  info:(t:26)RPEN  B=5 r=1                                                                             0  0  0  0
20161004 23:04:30.683  info:(t:26)RPEN  B=6 r=1                                                                             0  0  0  0
20161004 23:04:35.610  info:(t:26)RPEN  B=7 r=1                                                                             0  0  0  0
20161004 23:05:11.435  info:(t:26)RPEN  B=8 r=1                                                                             0  0  0  0
20161004 23:06:41.991  info:(t:26)RPEN  B=9 r=1                                                                             2  0 50  0
20161004 23:08:52.857  info:(t:26)RPEN  B=10 r=1                                                                             0  0  0  0
20161005 07:29:28.858  info:(t:58)Execution ends
20161007 13:08:03.674  info:(t:22)Log Section5 begins
20161007 13:08:38.174  info:(t:22)RPEN  B=1 r=1                                                                           
20161007 13:08:40.024  info:(t:22)RPEN  B=2 r=1                                                                           
20161007 13:08:43.441  info:(t:22)RPEN  B=3 r=1                                                                           
20161007 13:16:44.790  info:(t:22)RPEN  B=5 r=1                                                                           
20161007 13:17:26.128  info:(t:22)RPEN  B=6 r=1                                                                           
20161007 13:17:31.825  info:(t:22)RPEN  B=7 r=1                                                                           
20161007 13:17:33.828  info:(t:22)RPEN  B=8 r=1                                                                           
20161007 13:17:37.338  info:(t:22)RPEN  B=9 r=1                                                                           
20161007 13:17:37.653  info:(t:22)RPEN  B=10 r=1                                                                           
20161007 13:17:38.847  info:(t:22)RPEN  B=70 r=1                                                                           
20161007 13:17:51.908  info:(t:22)RPEN  B=71 r=1                                                                           
20161007 13:17:52.143  info:(t:22)RPEN  B=72 r=1                                                                           
20161007 13:17:55.995  info:(t:22)RPEN  B=30 r=1                                                                           
20161007 13:23:56.549  info:(t:22)RPEN  B=31 r=1                                                                           
20161007 13:23:57.559  info:(t:22)RPEN  B=32 r=1                                                                           
20161007 13:23:59.309  info:(t:22)RPEN  B=33 r=1                                                                           
20161007 13:24:02.376  info:(t:22)RPEN  B=34 r=1                                                                           
20161007 13:24:17.775  info:(t:22)RPEN  B=35 r=1                                                                           
20161007 13:24:18.666  info:(t:22)RPEN  B=36 r=1                                                                           
20161007 13:24:19.667  info:(t:22)RPEN  B=38 r=1                                                                           
20161007 13:24:22.675  info:(t:22)RPEN  B=38 r=1                                                                           
20161007 13:24:26.816  info:(t:22)RPEN  B=38 r=1                                                                           
20161007 13:25:12.709  info:(t:22)RPEN  B=39 r=1                                                                           
20161007 13:29:06.184  info:(t:22)RPEN  B=40 r=1                                                                           
20161007 13:29:06.383  info:(t:22)RPEN  B=41 r=1                                                                           
20161007 13:29:07.691  info:(t:22)RPEN  B=42 r=1                                                                           
20161007 13:29:07.699  info:(t:22)RPEN  B=21 r=1                                                                           
20161007 13:29:07.869  info:(t:22)RPEN  B=21 r=1                                                                           
20161007 13:29:48.008  info:(t:22)RPEN  B=22 r=1                                                                           
20161007 13:29:52.035  info:(t:22)RPEN  B=22 r=1                                                                           
20161007 13:32:01.843  info:(t:22)RPEN  B=23 r=1                                                                           
20161007 13:32:02.823  info:(t:22)RPEN  B=24 r=1                                                                           
20161007 13:32:03.834  info:(t:22)RPEN  B=24 r=1                                                                           
20161007 13:32:07.872  info:(t:22)RPEN  B=24 r=1                                                                           
20161007 13:33:50.141  info:(t:22)RPEN  B=25 r=1                                                                           
20161007 13:35:05.191  info:(t:22)RPEN  B=26 r=1                                                                           
20161007 13:37:17.735  info:(t:22)RPEN  B=27 r=1                                                                           
20161007 13:37:19.209  info:(t:22)RPEN  B=100 r=1                                                                           
20161007 13:37:23.411  info:(t:22)RPEN  B=101 r=1                                                                           
20161007 13:43:14.639  info:(t:22)RPEN  B=102 r=1                                                                           
20161007 13:43:18.520  info:(t:22)RPEN  B=103 r=1                                                                           
20161007 13:43:44.068  info:(t:22)RPEN  B=104 r=1                                                                           
20161007 13:44:16.852  info:(t:22)RPEN  B=105 r=1                                                                           
20161007 13:44:17.757  info:(t:22)RPEN  B=106 r=1                                                                           
20161007 13:44:18.766  info:(t:22)RPEN  B=107 r=1                                                                           
20161007 13:44:19.812  info:(t:22)RPEN  B=108 r=1                                                                           
20161007 13:44:21.495  info:(t:22)RPEN  B=109 r=1                                                                           
20161007 13:49:29.347  info:(t:22)RPEN  B=1 r=2                                                                           
20161007 13:49:30.227  info:(t:22)RPEN  B=2 r=2                                                                           
20161007 13:49:30.237  info:(t:22)RPEN  B=3 r=2                                                                           
20161007 13:49:31.741  info:(t:22)RPEN  B=5 r=2                                                                           
20161007 13:49:31.745  info:(t:22)RPEN  B=6 r=2                                                                           
20161007 13:50:23.503  info:(t:22)RPEN  B=7 r=2                                                                           
20161007 13:50:24.460  info:(t:22)RPEN  B=7 r=2                                                                           
20161007 13:50:24.464  info:(t:22)RPEN  B=7 r=2                                                                           
20161007 13:50:31.597  info:(t:22)RPEN  B=7 r=2                                                                           
20161007 13:50:32.516  info:(t:22)RPEN  B=7 r=2                                                                           
20161007 13:50:32.520  info:(t:22)RPEN  B=7 r=2                                                                           
20161007 13:56:16.783  info:(t:22)RPEN  B=8 r=2                                                                           
20161007 13:56:54.957  info:(t:22)RPEN  B=9 r=2                                                                           
20161007 13:56:55.116  info:(t:22)RPEN  B=10 r=2                                                                           
20161007 13:57:17.242  info:(t:22)RPEN  B=70 r=2                                                                           
20161007 13:57:18.114  info:(t:22)RPEN  B=71 r=2                                                                           
20161007 13:57:19.115  info:(t:22)RPEN  B=72 r=2                                                                           
20161007 13:57:20.132  info:(t:22)RPEN  B=30 r=2                                                                           
20161007 13:58:03.404  info:(t:22)RPEN  B=31 r=2                                                                           
20161007 14:02:08.281  info:(t:22)RPEN  B=32 r=2                                                                           
20161007 14:02:09.280  info:(t:22)RPEN  B=33 r=2                                                                           
20161007 14:02:09.284  info:(t:22)RPEN  B=34 r=2                                                                           
20161007 14:02:42.484  info:(t:22)RPEN  B=35 r=2                                                                           
20161007 14:02:43.481  info:(t:22)RPEN  B=36 r=2                                                                           
20161007 14:02:43.488  info:(t:22)RPEN  B=36 r=2                                                                           
20161007 14:02:44.988  info:(t:22)RPEN  B=36 r=2                                                                           
20161007 14:03:48.809  info:(t:22)RPEN  B=38 r=2                                                                           
20161007 14:03:50.465  info:(t:22)RPEN  B=38 r=2                                                                           
20161007 18:14:26.359  info:(t:28)Execution ends
