20160407 10:49:48.662  info:(t:16)Log Section1 begins
20160407 10:51:59.264  info:(t:16)RPEN  B=2 r=1                 2 50  0  0
20160407 10:51:59.658  info:(t:31)Execution ends
20160407 11:02:11.103  info:(t:16)Log Section1 begins
20160407 11:03:12.332  info:(t:16)RPEN  B=1 r=1                 2  2  2  2  2
20160407 11:10:10.057  info:(t:29)Execution ends
20160407 11:11:29.041  info:(t:16)Log Section1 begins
20160407 11:12:30.785  info:(t:16)RPEN  B=2 r=1                50  2 50  0  0
20160407 11:13:11.134  info:(t:16)RPEN  B=9 r=1                 2  0  0  0  0
20160407 11:13:25.715  info:(t:16)RPEN  B=10 r=1                 0  2 50  0  0
20160407 11:15:35.892  info:(t:31)Execution ends
20160407 11:19:23.680  info:(t:16)Log Section1 begins
20160407 11:20:05.980  info:(t:16)RPEN  B=1 r=1                 2  0  0  0  0  0
20160407 11:26:21.141  info:(t:30)Execution ends
20160407 11:27:53.961  info:(t:16)Log Section1 begins
20160407 11:28:42.557  info:(t:16)RPEN  B=1 r=1                 2  0  0  0  0
20160407 11:28:42.559 warn:(t:16)Bad INDEX to activeOrRecentRunsComboBox itemcount = 1 index = 1
20160407 11:28:55.140  info:(t:31)Execution ends
20160407 11:29:21.308  info:(t:16)Log Section1 begins
20160407 11:29:36.872 warn:(t:16)Bad INDEX to activeOrRecentRunsComboBox itemcount = 1 index = 1
20160407 11:29:58.516  info:(t:16)RPEN  B=2 r=1                50  0 50  0  0
20160407 11:29:58.521 warn:(t:16)Bad INDEX to activeOrRecentRunsComboBox itemcount = 2 index = 2
20160407 11:31:27.395  info:(t:31)Execution ends
20160407 11:32:47.105  info:(t:16)Log Section1 begins
20160407 11:33:02.404 warn:(t:16)Bad INDEX to activeOrRecentRunsComboBox itemcount = 2 index = 2
20160407 11:37:30.321  info:(t:16)RPEN  B=4 r=1                 0  0  0  0  0
20160407 11:47:31.720  info:(t:31)Execution ends
20160407 11:49:28.337  info:(t:16)Log Section1 begins
20160407 11:54:39.344  info:(t:31)Execution ends
20160407 12:32:45.731  info:(t:16)Log Section1 begins
20160407 12:33:59.932  info:(t:31)Execution ends
20160407 12:38:25.359  info:(t:16)Log Section1 begins
20160407 12:39:02.799  info:(t:16)RPEN  B=1 r=1                 0  0  0  0  0
20160407 12:39:09.965  info:(t:16)RPEN  B=2 r=1                 2  0  0  0  0
20160407 12:40:11.010  info:(t:32)Execution ends
20160407 12:41:00.055  info:(t:16)Log Section1 begins
20160407 12:42:25.809  info:(t:31)Execution ends
20160407 12:42:38.985  info:(t:16)Log Section1 begins
20160407 12:44:37.389  info:(t:16)RPEN  B=3 r=1                50  0  0  0  0
20160407 15:29:03.188  info:(t:31)Execution ends
20160729 13:52:05.945  info:(t:25)Log Section1 begins
20160729 13:52:31.269  info:(t:25)RPEN  B=128 r=2               
20160729 13:52:59.990  info:(t:29)Execution ends
20160729 13:56:16.918  info:(t:26)Log Section1 begins
20160729 13:56:40.560  info:(t:26)RPEN  B=129 r=2               
20160729 13:58:14.641  info:(t:30)Execution ends
20160729 14:21:06.185  info:(t:23)Log Section1 begins
20160730 11:11:08.253  info:(t:27)Execution ends
20160730 21:33:42.284  info:(t:26)Log Section1 begins
20160730 21:33:57.205  info:(t:26)RPEN  B=82 r=1               
20160730 21:34:00.770  info:(t:26)RPEN  B=220 r=1               
20160730 21:34:05.347  info:(t:26)RPEN  B=185 r=1               
20160730 21:34:05.348 warn:(t:26)Bad INDEX to activeOrRecentRunsComboBox itemcount = 3 index = 3
20160730 21:34:07.409 warn:(t:26)Bad INDEX to activeOrRecentRunsComboBox itemcount = 3 index = 3
20160730 21:34:08.383 warn:(t:26)Bad INDEX to activeOrRecentRunsComboBox itemcount = 3 index = 3
20160730 21:34:09.376 warn:(t:26)Bad INDEX to activeOrRecentRunsComboBox itemcount = 3 index = 3
20160730 21:34:30.941  info:(t:26)RPEN  B=108 r=1               
20160730 21:34:45.735  info:(t:26)RPEN  B=74 r=1               
20160730 21:34:53.021  info:(t:29)Execution ends
20160730 21:37:54.556  info:(t:24)Log Section1 begins
20160730 21:42:27.589  info:(t:28)Execution ends
20160730 21:47:25.848  info:(t:25)Log Section1 begins
20160730 21:47:43.164  info:(t:25)RPEN  B=25 r=1               
20160730 21:47:47.117  info:(t:25)RPEN  B=63 r=1               
20160730 21:47:49.019  info:(t:25)RPEN  B=68 r=1               
20160730 21:48:00.743  info:(t:28)Execution ends
20160730 21:50:14.746  info:(t:25)Log Section1 begins
20160730 21:50:25.849  info:(t:25)RPEN  B=69 r=1               
20160730 21:50:26.934  info:(t:25)RPEN  B=110 r=1               
20160730 21:50:27.470  info:(t:25)RPEN  B=111 r=1               
20160730 21:50:27.944  info:(t:25)RPEN  B=91 r=1               
20160730 21:50:27.945 warn:(t:25)Bad INDEX to activeOrRecentRunsComboBox itemcount = 12 index = 12
20160730 21:50:28.266  info:(t:25)RPEN  B=91 r=1               
20160730 21:50:28.267 warn:(t:25)Bad INDEX to activeOrRecentRunsComboBox itemcount = 12 index = 12
20160730 21:50:28.834  info:(t:25)RPEN  B=91 r=1               
20160730 21:50:28.836 warn:(t:25)Bad INDEX to activeOrRecentRunsComboBox itemcount = 12 index = 12
20160730 21:50:34.897  info:(t:29)Execution ends
20160730 21:51:35.903  info:(t:24)Log Section1 begins
20160730 21:51:38.439 warn:(t:24)Bad INDEX to activeOrRecentRunsComboBox itemcount = 12 index = 12
20160730 21:51:45.493  info:(t:24)RPEN  B=91 r=1               
20160730 21:51:45.495 warn:(t:24)Bad INDEX to activeOrRecentRunsComboBox itemcount = 12 index = 12
20160730 21:51:50.830  info:(t:28)Execution ends
20160730 21:53:19.186  info:(t:25)Log Section1 begins
20160730 21:53:30.261 warn:(t:25)Bad INDEX to activeOrRecentRunsComboBox itemcount = 12 index = 12
20160730 21:53:38.083  info:(t:25)RPEN  B=91 r=1               
20160730 21:53:38.084 warn:(t:25)Bad INDEX to activeOrRecentRunsComboBox itemcount = 12 index = 12
20160730 21:53:44.002  info:(t:25)RPEN  B=91 r=1               
20160730 21:53:44.003 warn:(t:25)Bad INDEX to activeOrRecentRunsComboBox itemcount = 12 index = 12
20160730 21:53:44.452  info:(t:25)RPEN  B=91 r=1               
20160730 21:53:44.453 warn:(t:25)Bad INDEX to activeOrRecentRunsComboBox itemcount = 12 index = 12
20160730 21:53:44.758  info:(t:25)RPEN  B=91 r=1               
20160730 21:53:44.759 warn:(t:25)Bad INDEX to activeOrRecentRunsComboBox itemcount = 12 index = 12
20160730 21:53:45.086  info:(t:25)RPEN  B=91 r=1               
20160730 21:53:45.087 warn:(t:25)Bad INDEX to activeOrRecentRunsComboBox itemcount = 12 index = 12
20160730 21:53:45.392  info:(t:25)RPEN  B=91 r=1               
20160730 21:53:45.393 warn:(t:25)Bad INDEX to activeOrRecentRunsComboBox itemcount = 12 index = 12
20160730 21:53:48.188  info:(t:25)RPEN  B=91 r=1               
20160730 21:53:48.189 warn:(t:25)Bad INDEX to activeOrRecentRunsComboBox itemcount = 12 index = 12
20160730 21:54:32.969  info:(t:29)Execution ends
20160730 21:54:47.248  info:(t:15)Log Section1 begins
20160730 21:54:49.635 warn:(t:15)Bad INDEX to activeOrRecentRunsComboBox itemcount = 12 index = 12
20160730 21:55:37.368  info:(t:25)Log Section1 begins
20160730 21:55:43.764 warn:(t:25)Bad INDEX to activeOrRecentRunsComboBox itemcount = 12 index = 12
20160730 21:56:21.340  info:(t:28)Execution ends
20160730 21:58:03.131  info:(t:25)Execution ends
20160730 21:58:26.873  info:(t:24)Log Section1 begins
20160730 21:58:29.858 warn:(t:24)Bad INDEX to activeOrRecentRunsComboBox itemcount = 12 index = 12
20160730 21:58:34.761  info:(t:24)RPEN  B=91 r=1               
20160730 21:58:34.763 warn:(t:24)Bad INDEX to activeOrRecentRunsComboBox itemcount = 12 index = 12
20160730 21:58:36.030  info:(t:24)RPEN  B=91 r=1               
20160730 21:58:36.031 warn:(t:24)Bad INDEX to activeOrRecentRunsComboBox itemcount = 12 index = 12
20160730 22:06:11.884  info:(t:26)Execution ends
20160730 22:06:29.931  info:(t:27)Log Section1 begins
20160730 22:07:13.235  info:(t:30)Execution ends
20160730 22:07:29.139  info:(t:26)Log Section1 begins
20160730 22:07:35.981 warn:(t:26)Bad INDEX to activeOrRecentRunsComboBox itemcount = 12 index = 12
20160730 22:07:50.449  info:(t:29)Execution ends
20160730 22:08:44.869  info:(t:26)Log Section1 begins
20160730 22:11:18.826  info:(t:30)Execution ends
20160730 22:12:46.389  info:(t:24)Log Section1 begins
20160730 22:13:12.957  info:(t:27)Execution ends
20160730 22:13:52.198  info:(t:24)Log Section1 begins
20160730 22:14:21.823  info:(t:29)Execution ends
20160730 22:18:02.658  info:(t:17)Log Section1 begins
20160730 22:19:29.340  info:(t:17)RPEN  B=95 r=1               
20160730 22:20:20.097  info:(t:17)RPEN  B=115 r=1               
20160730 22:20:21.506  info:(t:17)RPEN  B=99 r=1               
20160730 22:20:21.506 warn:(t:17)Bad INDEX to activeOrRecentRunsComboBox itemcount = 15 index = 15
20160730 22:22:25.548  info:(t:27)Execution ends
20160730 22:22:43.775  info:(t:24)Log Section1 begins
20160730 22:22:50.551 warn:(t:24)Bad INDEX to activeOrRecentRunsComboBox itemcount = 15 index = 15
20160730 22:23:01.518 warn:(t:24)Bad INDEX to activeOrRecentRunsComboBox itemcount = 15 index = 15
20160730 22:23:02.986 warn:(t:24)Bad INDEX to activeOrRecentRunsComboBox itemcount = 15 index = 15
20160730 22:23:04.200 warn:(t:24)Bad INDEX to activeOrRecentRunsComboBox itemcount = 15 index = 15
20160730 22:23:05.550 warn:(t:24)Bad INDEX to activeOrRecentRunsComboBox itemcount = 15 index = 15
20160730 22:24:49.052  info:(t:24)RPEN  B=99 r=1               
20160730 22:24:49.054 warn:(t:24)Bad INDEX to activeOrRecentRunsComboBox itemcount = 15 index = 15
20160730 22:24:50.605  info:(t:24)RPEN  B=99 r=1               
20160730 22:24:50.614 warn:(t:24)Bad INDEX to activeOrRecentRunsComboBox itemcount = 15 index = 15
20160730 22:24:52.908  info:(t:24)RPEN  B=99 r=1               
20160730 22:24:52.909 warn:(t:24)Bad INDEX to activeOrRecentRunsComboBox itemcount = 15 index = 15
20160730 22:28:25.391  info:(t:24)RPEN  B=174 r=1               
20160730 22:33:10.375  info:(t:28)Execution ends
20160731 06:30:34.465  info:(t:25)Log Section1 begins
20160731 06:41:59.184  info:(t:28)Execution ends
20160731 06:48:43.509  info:(t:27)Log Section1 begins
20160731 06:48:54.705  info:(t:27)RPEN  B=174 r=1               
20160731 06:49:53.625  info:(t:31)Execution ends
20160731 06:50:13.186  info:(t:25)Log Section1 begins
20160731 06:50:43.364  info:(t:25)RPEN  B=174 r=1               
20160731 06:53:01.599  info:(t:28)Execution ends
20160731 06:55:44.679  info:(t:24)Log Section1 begins
20160731 06:56:00.251  info:(t:24)RPEN  B=174 r=1               
20160731 06:56:06.440  info:(t:24)RPEN  B=184 r=1               
20160731 06:56:10.032  info:(t:24)RPEN  B=141 r=1               
20160731 06:56:38.297  info:(t:27)Execution ends
20160731 06:59:37.602  info:(t:24)Log Section1 begins
20160731 07:00:26.964  info:(t:27)Execution ends
20160731 07:00:48.896  info:(t:25)Log Section1 begins
20160731 07:01:28.750  info:(t:28)Execution ends
20160731 07:03:56.325  info:(t:25)Log Section1 begins
20160731 07:04:08.940  info:(t:25)RPEN  B=15 r=1               
20160731 07:04:10.381  info:(t:25)RPEN  B=78 r=1               
20160731 07:04:17.841  info:(t:25)RPEN  B=36 r=1               
20160731 07:04:23.227  info:(t:25)RPEN  B=43 r=1               
20160731 07:08:45.900  info:(t:28)Execution ends
20160731 07:11:12.723  info:(t:26)Log Section1 begins
20160731 07:12:19.007  info:(t:30)Execution ends
20160731 08:17:26.154  info:(t:30)Log Section1 begins
20160731 08:18:04.055  info:(t:30)RPEN  B=96 r=1               
20160731 08:18:07.691  info:(t:30)RPEN  B=96 r=1               
20160731 08:18:13.478  info:(t:30)RPEN  B=78 r=1               
20160731 08:18:28.146  info:(t:34)Execution ends
20160731 08:22:21.580  info:(t:22)Log Section1 begins
20160731 08:23:52.246  info:(t:28)Execution ends
20160731 08:24:36.233  info:(t:31)Log Section1 begins
20160731 08:28:08.372  info:(t:34)Execution ends
20160731 08:28:36.282  info:(t:29)Log Section1 begins
20160731 08:30:19.637  info:(t:32)Execution ends
20160731 08:37:29.173  info:(t:28)Log Section1 begins
20160731 09:36:04.503  info:(t:30)Execution ends
20160731 10:12:14.157  info:(t:25)Log Section1 begins
20160731 10:14:06.572  info:(t:28)Execution ends
20160731 10:20:02.927  info:(t:18)Log Section1 begins
20160731 10:20:59.684  info:(t:18)RPEN  B=82 r=1               
20160731 10:21:43.967  info:(t:18)RPEN  B=220 r=1               
20160802 20:01:12.905  info:(t:27)Execution ends
20161004 07:21:58.663  info:(t:1)Log Section1 begins
20161004 07:30:54.906  info:(t:26)RPEN  B=1 r=1                 2  0  0  0  0
20161004 07:30:59.884  info:(t:26)RPEN  B=2 r=1                 0  0  2  0  0
20161004 07:31:03.784  info:(t:26)RPEN  B=27 r=1                 0  2  0  2  0
20161004 07:33:17.732  info:(t:33)Execution ends
20161004 07:36:23.856  info:(t:1)Log Section1 begins
20161004 07:38:40.077  info:(t:33)Execution ends
20161004 07:39:19.740  info:(t:1)Log Section1 begins
20161004 07:50:27.495  info:(t:34)Execution ends
20161004 07:56:39.569  info:(t:1)Log Section1 begins
20161004 07:59:27.839  info:(t:32)Execution ends
20161004 08:00:31.598  info:(t:1)Log Section1 begins
20161004 08:07:40.613  info:(t:34)Execution ends
20161004 08:09:35.680  info:(t:1)Log Section1 begins
20161004 08:22:25.303  info:(t:33)Execution ends
20161004 08:22:52.034  info:(t:1)Log Section1 begins
20161004 08:36:53.064  info:(t:33)Execution ends
20161004 08:37:23.626  info:(t:1)Log Section1 begins
20161004 08:48:58.913  info:(t:33)Execution ends
20161004 09:02:00.921  info:(t:1)Log Section1 begins
20161004 09:06:16.224  info:(t:31)Execution ends
20161004 09:07:44.372  info:(t:1)Log Section1 begins
20161004 09:16:29.779  info:(t:31)Execution ends
20161004 09:19:42.820  info:(t:1)Log Section1 begins
20161004 09:20:12.206  info:(t:30)Execution ends
20161004 09:43:09.766  info:(t:28)Log Section1 begins
20161004 09:43:43.885  info:(t:28)RPEN  B=1 r=1               
20161004 09:43:47.653  info:(t:28)RPEN  B=2 r=1               
20161004 09:43:52.267  info:(t:28)RPEN  B=3 r=1               
20161004 09:44:03.696  info:(t:28)RPEN  B=5 r=1               
20161004 09:50:01.330  info:(t:28)RPEN  B=6 r=1               
20161004 09:50:05.053  info:(t:28)RPEN  B=7 r=1               
20161004 09:50:11.781  info:(t:28)RPEN  B=8 r=1               
20161004 09:50:14.657  info:(t:28)RPEN  B=8 r=1               
20161004 09:50:18.923  info:(t:28)RPEN  B=8 r=1               
20161004 09:51:15.196  info:(t:28)RPEN  B=8 r=1               
20161004 09:58:38.237  info:(t:28)RPEN  B=8 r=1               
20161004 10:16:17.639  info:(t:30)Execution ends
20161004 10:17:36.030  info:(t:29)Log Section1 begins
20161004 10:18:06.035  info:(t:29)RPEN  B=9 r=1               
20161004 10:18:09.165  info:(t:29)RPEN  B=10 r=1               
20161004 10:19:04.000  info:(t:33)Execution ends
20161004 10:20:09.184  info:(t:27)Log Section1 begins
20161004 10:21:57.129  info:(t:27)RPEN  B=70 r=1               
20161004 10:22:00.722  info:(t:27)RPEN  B=71 r=1               
20161004 10:22:04.812  info:(t:27)RPEN  B=72 r=1               
20161004 10:26:32.525  info:(t:30)Execution ends
20161004 10:27:24.143  info:(t:27)Log Section1 begins
20161004 10:28:13.138  info:(t:27)RPEN  B=38 r=1               
20161004 10:29:02.733  info:(t:27)RPEN  B=30 r=1               
20161004 10:29:07.743  info:(t:27)RPEN  B=31 r=1               
20161004 10:30:30.440  info:(t:27)RPEN  B=33 r=1               
20161004 10:34:56.651  info:(t:29)Execution ends
20161004 10:42:42.642  info:(t:29)Log Section1 begins
20161004 10:43:10.153  info:(t:29)RPEN  B=1 r=1               
20161004 10:43:15.559  info:(t:29)RPEN  B=2 r=1               
20161004 10:43:19.144  info:(t:29)RPEN  B=3 r=1               
20161004 10:43:54.934  info:(t:29)RPEN  B=3 r=1               
20161004 10:44:14.741  info:(t:29)RPEN  B=3 r=1               
20161004 10:44:27.719  info:(t:29)RPEN  B=3 r=1               
20161004 10:45:06.661  info:(t:29)RPEN  B=3 r=1               
20161004 10:46:17.285  info:(t:29)RPEN  B=3 r=1               
20161004 10:46:25.732  info:(t:29)RPEN  B=1 r=1               
20161004 10:46:58.597  info:(t:29)RPEN  B=1 r=1               
20161004 10:54:01.826  info:(t:32)Execution ends
20161004 11:23:08.892  info:(t:26)Log Section1 begins
20161004 11:24:01.912  info:(t:26)RPEN  B=7 r=1               
20161004 11:24:18.050  info:(t:26)RPEN  B=7 r=2               
20161004 11:25:33.915  info:(t:30)Execution ends
20161004 11:36:42.603  info:(t:27)Log Section1 begins
20161004 11:37:16.172  info:(t:27)RPEN  B=1 r=1               
20161004 11:37:22.214  info:(t:27)RPEN  B=2 r=1               
20161004 11:37:25.724  info:(t:27)RPEN  B=3 r=1               
20161004 11:40:04.148  info:(t:30)Execution ends
20161004 13:10:28.201  info:(t:26)Log Section1 begins
20161004 13:10:59.930  info:(t:26)RPEN  B=1 r=1               
20161004 13:11:07.920  info:(t:26)RPEN  B=2 r=1               
20161004 13:11:11.431  info:(t:26)RPEN  B=3 r=1               
20161004 13:11:17.715  info:(t:26)RPEN  B=5 r=1               
20161004 13:15:38.088  info:(t:29)Execution ends
20161004 13:17:13.231  info:(t:27)Log Section1 begins
20161004 13:17:57.084  info:(t:27)RPEN  B=1 r=1               
20161004 13:18:01.919  info:(t:27)RPEN  B=2 r=1               
20161004 13:21:07.463  info:(t:27)RPEN  B=3 r=1               
20161004 13:21:08.041  info:(t:27)RPEN  B=5 r=1               
20161004 13:21:09.061  info:(t:27)RPEN  B=6 r=1               
20161004 13:21:09.073  info:(t:27)RPEN  B=7 r=1               
20161004 13:21:10.572  info:(t:27)RPEN  B=8 r=1               
20161004 13:21:10.588  info:(t:27)RPEN  B=70 r=1               
20161004 13:21:12.094  info:(t:27)RPEN  B=71 r=1               
20161004 13:22:21.114  info:(t:29)Execution ends
20161004 13:36:42.070  info:(t:1)Log Section1 begins
20161004 13:52:59.763  info:(t:31)Execution ends
20161004 13:55:07.012  info:(t:24)Log Section1 begins
20161004 13:55:36.596  info:(t:24)RPEN  B=1 r=1               
20161004 14:08:56.197  info:(t:28)Execution ends
20161004 14:10:18.919  info:(t:27)Log Section1 begins
20161004 14:10:49.008  info:(t:27)RPEN  B=2 r=1               
20161004 14:12:14.709  info:(t:30)Execution ends
20161004 14:14:03.201  info:(t:1)Log Section1 begins
20161004 14:22:11.742  info:(t:32)Execution ends
20161004 14:29:01.423  info:(t:1)Log Section1 begins
20161004 14:41:25.792  info:(t:32)Execution ends
20161004 14:41:43.276  info:(t:1)Log Section1 begins
20161004 14:51:51.099  info:(t:32)Execution ends
20161004 14:52:35.842  info:(t:1)Log Section1 begins
20161004 14:59:17.667  info:(t:31)Execution ends
20161004 14:59:34.370  info:(t:1)Log Section1 begins
20161004 15:03:16.415  info:(t:32)Execution ends
20161004 15:03:32.692  info:(t:1)Log Section1 begins
20161004 15:11:58.342  info:(t:32)Execution ends
20161004 15:12:12.785  info:(t:1)Log Section1 begins
20161004 15:25:08.230  info:(t:32)Execution ends
20161004 15:27:44.906  info:(t:25)Log Section1 begins
20161004 15:28:14.810  info:(t:25)RPEN  B=1 r=1               
20161004 15:28:18.877  info:(t:25)RPEN  B=2 r=1               
20161004 15:28:20.763  info:(t:25)RPEN  B=3 r=1               
20161004 15:28:21.920  info:(t:25)RPEN  B=5 r=1               
20161004 15:28:24.792  info:(t:25)RPEN  B=6 r=1               
20161004 15:28:27.348  info:(t:25)RPEN  B=7 r=1               
20161004 15:28:39.320  info:(t:25)RPEN  B=8 r=1               
20161004 15:28:41.326  info:(t:25)RPEN  B=9 r=1               
20161004 15:28:42.354  info:(t:25)RPEN  B=10 r=1               
20161004 15:28:43.346  info:(t:25)RPEN  B=70 r=1               
20161004 15:28:44.354  info:(t:25)RPEN  B=71 r=1               
20161004 15:28:45.366  info:(t:25)RPEN  B=72 r=1               
20161004 15:29:29.430  info:(t:25)RPEN  B=30 r=1               
20161004 15:29:30.535  info:(t:25)RPEN  B=31 r=1               
20161004 15:29:31.468  info:(t:25)RPEN  B=32 r=1               
20161004 15:29:32.492  info:(t:25)RPEN  B=33 r=1               
20161004 15:29:33.499  info:(t:25)RPEN  B=34 r=1               
20161004 15:29:36.000  info:(t:25)RPEN  B=35 r=1               
20161004 15:29:40.011  info:(t:25)RPEN  B=36 r=1               
20161004 18:38:50.330  info:(t:28)Execution ends
20161004 18:39:52.727  info:(t:1)Log Section1 begins
20161004 18:44:50.981  info:(t:31)Execution ends
20161004 18:49:37.645  info:(t:1)Log Section1 begins
20161004 18:51:13.313  info:(t:31)Execution ends
20161004 18:51:30.127  info:(t:1)Log Section1 begins
20161004 18:53:38.611  info:(t:32)Execution ends
20161004 18:53:56.242  info:(t:1)Log Section1 begins
20161004 18:58:17.215  info:(t:31)Execution ends
20161004 18:58:40.570  info:(t:1)Log Section1 begins
20161004 18:59:37.478  info:(t:32)Execution ends
20161004 19:04:48.912  info:(t:1)Log Section1 begins
20161004 19:07:48.039  info:(t:32)Execution ends
20161004 19:08:11.895  info:(t:1)Log Section1 begins
20161004 19:14:13.001  info:(t:33)Execution ends
20161004 19:25:06.939  info:(t:1)Log Section1 begins
20161004 19:26:52.755  info:(t:32)Execution ends
20161004 19:27:10.279  info:(t:1)Log Section1 begins
20161004 19:30:45.508  info:(t:32)Execution ends
20161004 19:59:31.870  info:(t:1)Log Section1 begins
20161004 20:00:30.397  info:(t:32)Execution ends
20161004 20:00:54.569  info:(t:1)Log Section1 begins
20161004 20:02:25.425  info:(t:32)Execution ends
20161004 20:04:24.239  info:(t:1)Log Section1 begins
20161004 20:25:01.912  info:(t:1)Log Section1 begins
20161004 20:25:19.543  info:(t:30)Execution ends
20161004 20:25:23.018  info:(t:31)Execution ends
20161004 20:25:38.808  info:(t:1)Log Section1 begins
20161004 20:27:24.584  info:(t:30)Execution ends
20161004 20:27:41.795  info:(t:1)Log Section1 begins
20161004 20:29:37.239  info:(t:33)Execution ends
20161004 20:29:54.349  info:(t:1)Log Section1 begins
20161004 20:37:41.519  info:(t:32)Execution ends
20161004 20:38:07.789  info:(t:1)Log Section1 begins
20161004 20:39:18.423  info:(t:34)Execution ends
20161004 20:39:42.609  info:(t:1)Log Section1 begins
20161004 20:39:48.070  info:(t:32)Execution ends
20161004 20:40:10.129  info:(t:1)Log Section1 begins
20161004 20:43:29.597  info:(t:33)Execution ends
20161004 20:44:11.985  info:(t:1)Log Section1 begins
20161004 20:45:57.731  info:(t:32)Execution ends
20161004 20:46:13.736  info:(t:1)Log Section1 begins
20161004 20:53:29.377  info:(t:31)Execution ends
20161004 20:53:45.084  info:(t:1)Log Section1 begins
20161004 20:57:59.151  info:(t:33)Execution ends
20161004 20:58:14.526  info:(t:1)Log Section1 begins
20161004 21:03:55.396  info:(t:32)Execution ends
20161004 21:04:20.464  info:(t:1)Log Section1 begins
20161004 21:05:56.204  info:(t:32)Execution ends
20161004 21:06:11.782  info:(t:1)Log Section1 begins
20161004 21:12:04.774  info:(t:31)Execution ends
20161004 21:12:22.000  info:(t:1)Log Section1 begins
20161004 21:16:28.390  info:(t:31)Execution ends
20161004 21:20:03.882  info:(t:1)Log Section1 begins
20161004 21:22:32.070  info:(t:32)Execution ends
20161004 21:22:50.209  info:(t:1)Log Section1 begins
20161004 21:27:44.040  info:(t:32)Execution ends
20161004 21:28:07.233  info:(t:1)Log Section1 begins
20161004 21:31:05.520  info:(t:33)Execution ends
20161004 21:31:31.086  info:(t:1)Log Section1 begins
20161004 21:32:32.566  info:(t:32)Execution ends
20161004 21:32:48.592  info:(t:1)Log Section1 begins
20161004 21:36:51.188  info:(t:32)Execution ends
20161004 21:37:14.817  info:(t:1)Log Section1 begins
20161004 21:39:53.524  info:(t:32)Execution ends
20161004 21:40:10.918  info:(t:1)Log Section1 begins
20161004 21:45:43.402  info:(t:32)Execution ends
20161004 21:46:01.608  info:(t:1)Log Section1 begins
20161004 21:47:30.166  info:(t:33)Execution ends
20161004 21:47:46.185  info:(t:1)Log Section1 begins
20161004 21:47:57.398  info:(t:32)Execution ends
20161004 21:48:18.866  info:(t:1)Log Section1 begins
20161004 21:51:51.102  info:(t:31)Execution ends
20161004 21:52:24.835  info:(t:1)Log Section1 begins
20161004 22:02:52.653  info:(t:33)Execution ends
20161004 22:03:13.265  info:(t:1)Log Section1 begins
20161004 22:15:30.910  info:(t:26)RPEN  B=1 r=1                 0  0  0  0  0
20161004 22:16:17.859  info:(t:32)Execution ends
20161004 22:16:40.640  info:(t:1)Log Section1 begins
20161004 22:17:22.347  info:(t:22)RPEN  B=1 r=1                 2  0  0  0  0
20161004 22:17:24.878  info:(t:22)RPEN  B=2 r=1                 2  0  0  0  0
20161004 22:17:30.862  info:(t:22)RPEN  B=3 r=1                 2  0  0  0  0
20161004 22:17:35.867  info:(t:22)RPEN  B=3 r=1                 2  0  0  0  0
20161004 22:29:52.220  info:(t:27)Execution ends
20161004 22:30:16.148  info:(t:1)Log Section1 begins
20161004 22:45:32.495  info:(t:25)RPEN  B=1 r=1                 0  0  0  0  0
20161004 22:45:32.638  info:(t:25)RPEN  B=2 r=1                 0  0  0  0  0
20161004 22:45:34.059  info:(t:25)RPEN  B=3 r=1                 0  0  0  0  0
20161004 22:45:34.116  info:(t:25)RPEN  B=5 r=1                 0  0  0  0  0
20161004 22:45:34.147  info:(t:25)RPEN  B=6 r=1                 0  0  0  0  0
20161004 22:45:34.180  info:(t:25)RPEN  B=7 r=1                 0  0  0  0  0
20161004 22:45:36.580  info:(t:25)RPEN  B=8 r=1                 0  0  0  0  0
20161004 22:45:41.137  info:(t:25)RPEN  B=9 r=1                 2  0  0  0  0
20161004 22:45:44.138  info:(t:25)RPEN  B=10 r=1                 0  0  0  2  0
20161004 22:45:45.247  info:(t:25)RPEN  B=70 r=1                 0  0  0  0  0
20161004 22:45:46.207  info:(t:25)RPEN  B=71 r=1                 0  0  0  0  0
20161004 22:45:48.751  info:(t:25)RPEN  B=72 r=1                 0  0  0  2  0
20161004 22:45:49.918  info:(t:25)RPEN  B=30 r=1                 0  0  0  0  0
20161004 22:45:50.999  info:(t:25)RPEN  B=31 r=1                 0  0  0  0  0
20161004 22:45:54.759  info:(t:25)RPEN  B=32 r=1                 0  0  2  0  0
20161004 22:45:55.835  info:(t:25)RPEN  B=33 r=1                 0  0  0  0  0
20161004 22:46:02.757  info:(t:25)RPEN  B=34 r=1                 0  0  2  0  0
20161004 22:46:19.331  info:(t:25)RPEN  B=35 r=1                 0  0  0  0  0
20161004 22:46:20.411  info:(t:25)RPEN  B=36 r=1                 0  0  0  0  0
20161004 22:46:20.424  info:(t:25)RPEN  B=38 r=1                 0  0  0  0  0
20161004 22:46:21.820  info:(t:25)RPEN  B=39 r=1                 0  0  0  0  0
20161004 22:46:22.889  info:(t:25)RPEN  B=40 r=1                 0  0  0  0  0
20161004 22:46:23.942  info:(t:25)RPEN  B=41 r=1                 0  0  0  0  0
20161004 22:46:25.282  info:(t:25)RPEN  B=42 r=1                 0  0  0  0  0
20161004 22:46:26.415  info:(t:25)RPEN  B=21 r=1                 0  0  0  0  0
20161004 22:46:27.328  info:(t:25)RPEN  B=22 r=1                 0  0  0  0  0
20161004 22:46:28.286  info:(t:25)RPEN  B=23 r=1                 0  0  0  0  0
20161004 22:47:22.940  info:(t:25)RPEN  B=24 r=1                 0  0  0  0  0
20161004 22:47:23.626  info:(t:25)RPEN  B=25 r=1                 0  0  0  0  0
20161004 22:47:24.554  info:(t:25)RPEN  B=26 r=1                 0  0  0  0  0
20161004 22:47:24.680  info:(t:25)RPEN  B=27 r=1                 0  0  0  0  0
20161004 22:47:26.051  info:(t:25)RPEN  B=100 r=1                 0  0  0  0  0
20161004 22:47:26.119  info:(t:25)RPEN  B=101 r=1                 0  0  0  0  0
20161004 22:47:26.137  info:(t:25)RPEN  B=102 r=1                 0  0  0  0  0
20161004 22:47:26.147  info:(t:25)RPEN  B=103 r=1                 0  0  0  0  0
20161004 22:47:58.516  info:(t:25)RPEN  B=104 r=1                 0  0  0  0  0
20161004 22:47:58.582  info:(t:25)RPEN  B=105 r=1                 0  0  0  0  0
20161004 22:48:03.424  info:(t:25)RPEN  B=106 r=1                 0  0  0  0  0
20161004 22:48:03.988  info:(t:25)RPEN  B=107 r=1                 0  0  0  0  0
20161004 22:48:17.409  info:(t:25)RPEN  B=108 r=1                 0  0  0  0  0
20161004 22:48:17.419  info:(t:25)RPEN  B=109 r=1                 0  0  0  0  0
20161004 22:48:17.921  info:(t:25)RPEN  B=1 r=2                 0  0  0  0  0
20161004 22:48:19.175  info:(t:25)RPEN  B=2 r=2                 0  0  0  0  0
20161004 22:48:19.299  info:(t:25)RPEN  B=3 r=2                 0  0  0  0  0
20161004 22:48:20.698  info:(t:25)RPEN  B=5 r=2                 0  0  0  0  0
20161004 22:48:23.805  info:(t:25)RPEN  B=6 r=2                 0  0  0  0  0
20161004 22:48:27.133  info:(t:25)RPEN  B=7 r=2                 0  2  0  0  0
20161004 22:49:48.405  info:(t:25)RPEN  B=8 r=2                 2  0  0  0  2
20161004 22:49:58.364  info:(t:25)RPEN  B=9 r=2                 0  0  0  0  0
20161004 22:49:58.376  info:(t:25)RPEN  B=10 r=2                 0  0  0  0  0
20161004 22:50:00.170  info:(t:25)RPEN  B=70 r=2                 0  0  0  0  0
20161004 22:50:00.261  info:(t:25)RPEN  B=71 r=2                 0  0  0  0  0
20161004 22:50:22.245  info:(t:25)RPEN  B=72 r=2                 0  0  0  0  2
20161004 22:50:23.124  info:(t:25)RPEN  B=30 r=2                 0  0  0  0  0
20161004 22:50:23.902  info:(t:25)RPEN  B=31 r=2                 0  0  0  0  0
20161004 22:50:23.958  info:(t:25)RPEN  B=32 r=2                 0  0  0  0  0
20161004 22:50:24.170  info:(t:25)RPEN  B=33 r=2                 0  0  0  0  0
20161004 22:50:25.959  info:(t:25)RPEN  B=34 r=2                 0  0  0  0  0
20161004 22:50:25.973  info:(t:25)RPEN  B=35 r=2                 0  0  0  0  0
20161004 22:50:37.837  info:(t:25)RPEN  B=36 r=2                 0  0  0  0  0
20161004 22:50:42.853  info:(t:25)RPEN  B=38 r=2                 0  0  0  0  0
20161004 22:50:43.617  info:(t:25)RPEN  B=39 r=2                 0  0  0  0  0
20161004 22:50:54.042  info:(t:25)RPEN  B=40 r=2                 0  0  0  0  0
20161004 22:58:56.645  info:(t:32)Execution ends
20161004 22:59:16.504  info:(t:1)Log Section1 begins
20161004 23:01:05.632  info:(t:26)RPEN  B=1 r=1                 2  0  0  0  0
20161004 23:03:04.792  info:(t:26)RPEN  B=2 r=1                 0  0  0  0  0
20161004 23:03:04.871  info:(t:26)RPEN  B=3 r=1                 0  0  0  0  0
20161004 23:03:04.994  info:(t:26)RPEN  B=5 r=1                 0  0  0  0  0
20161004 23:03:09.314  info:(t:26)RPEN  B=6 r=1                 0  0  0  0  0
20161004 23:03:20.366  info:(t:26)RPEN  B=7 r=1                 0  0  0  0  0
20161004 23:03:56.015  info:(t:26)RPEN  B=8 r=1                 0  0  0  0  0
20161004 23:03:56.020  info:(t:26)RPEN  B=9 r=1                 0  0  0  0  0
20161004 23:03:57.048  info:(t:26)RPEN  B=10 r=1                 0  0  0  0  0
20161004 23:04:22.292  info:(t:26)RPEN  B=70 r=1                 0  0  0  0  0
20161004 23:04:40.630  info:(t:26)RPEN  B=71 r=1                 0  0  0  0  0
20161004 23:05:00.679  info:(t:26)RPEN  B=72 r=1                 0  0  0  0  0
20161004 23:05:07.064  info:(t:26)RPEN  B=30 r=1                 0  0  0  0  0
20161004 23:05:55.070  info:(t:26)RPEN  B=31 r=1                 0  0  0  0  0
20161004 23:06:47.374  info:(t:26)RPEN  B=32 r=1                 0  0  0  0  0
20161004 23:06:47.912  info:(t:26)RPEN  B=33 r=1                 0  0  0  0  0
20161004 23:06:59.495  info:(t:26)RPEN  B=34 r=1                 0  0  0  0  0
20161004 23:06:59.503  info:(t:26)RPEN  B=35 r=1                 0  0  0  0  0
20161004 23:06:59.512  info:(t:26)RPEN  B=36 r=1                 0  0  0  0  0
20161004 23:06:59.524  info:(t:26)RPEN  B=38 r=1                 0  0  0  0  0
20161004 23:06:59.652  info:(t:26)RPEN  B=39 r=1                 0  0  0  0  0
20161004 23:07:05.800  info:(t:26)RPEN  B=40 r=1                 0  0  0  0  0
20161004 23:07:07.945  info:(t:26)RPEN  B=41 r=1                 0  0  0  0  0
20161004 23:07:07.950  info:(t:26)RPEN  B=42 r=1                 0  0  0  0  0
20161004 23:08:34.482  info:(t:26)RPEN  B=21 r=1                 0  0  0  0  0
20161005 07:29:28.807  info:(t:33)Execution ends
20161005 08:13:50.072  info:(t:1)Log Section1 begins
20161005 08:14:54.021  info:(t:32)Execution ends
20161005 11:45:22.992  info:(t:25)Log Section1 begins
20161005 11:47:02.246  info:(t:25)RPEN  B=1 r=1               
20161005 11:47:07.322  info:(t:25)RPEN  B=2 r=1               
20161005 11:47:51.733  info:(t:25)RPEN  B=3 r=1               
20161005 11:47:56.603  info:(t:25)RPEN  B=3 r=1               
20161005 11:50:48.546  info:(t:28)Execution ends
20161005 11:52:38.090  info:(t:28)Log Section1 begins
20161005 11:53:08.495  info:(t:28)RPEN  B=3 r=1               
20161005 11:53:13.104  info:(t:28)RPEN  B=3 r=1               
20161005 11:53:46.740  info:(t:28)RPEN  B=3 r=1               
20161005 11:53:51.830  info:(t:28)RPEN  B=3 r=1               
20161005 11:54:02.865  info:(t:28)RPEN  B=3 r=1               
20161005 11:56:12.265  info:(t:36)Execution ends
20161006 10:59:45.458  info:(t:21)Log Section1 begins
20161006 11:00:09.767  info:(t:26)Execution ends
20161006 11:02:03.777  info:(t:23)Log Section1 begins
20161006 11:02:59.383  info:(t:23)RPEN  B=1 r=1               
20161006 11:03:02.248  info:(t:23)RPEN  B=2 r=1               
20161006 11:03:04.931  info:(t:23)RPEN  B=3 r=1               
20161006 11:03:07.730  info:(t:23)RPEN  B=5 r=1               
20161006 11:03:10.405  info:(t:23)RPEN  B=6 r=1               
20161006 11:03:13.587  info:(t:23)RPEN  B=7 r=1               
20161006 11:03:14.510  info:(t:23)RPEN  B=1 r=2               
20161006 11:03:14.515  info:(t:23)RPEN  B=2 r=2               
20161006 11:03:16.042  info:(t:23)RPEN  B=3 r=2               
20161006 11:03:17.819  info:(t:23)RPEN  B=5 r=2               
20161006 11:03:19.095  info:(t:23)RPEN  B=6 r=2               
20161006 11:03:20.573  info:(t:23)RPEN  B=7 r=2               
20161006 11:03:21.990  info:(t:23)RPEN  B=7 r=2               
20161006 11:06:09.325  info:(t:28)Execution ends
20161007 07:06:39.309  info:(t:25)Log Section1 begins
20161007 07:07:52.544  info:(t:25)RPEN  B=1 r=1               
20161007 07:07:56.078  info:(t:25)RPEN  B=2 r=1               
20161007 07:07:58.604  info:(t:25)RPEN  B=3 r=1               
20161007 07:08:16.235  info:(t:25)RPEN  B=5 r=1               
20161007 07:08:20.252  info:(t:25)RPEN  B=6 r=1               
20161007 07:08:23.274  info:(t:25)RPEN  B=7 r=1               
20161007 07:08:26.301  info:(t:25)RPEN  B=8 r=1               
20161007 07:08:30.949  info:(t:25)RPEN  B=9 r=1               
20161007 07:08:34.457  info:(t:25)RPEN  B=10 r=1               
20161007 07:08:37.889  info:(t:25)RPEN  B=70 r=1               
20161007 07:08:44.548  info:(t:25)RPEN  B=71 r=1               
20161007 07:09:36.295  info:(t:25)RPEN  B=72 r=1               
20161007 07:11:38.681  info:(t:25)RPEN  B=72 r=1               
20161007 07:14:25.981  info:(t:30)Execution ends
20161007 12:10:54.986  info:(t:23)Log Section1 begins
20161007 12:13:49.498  info:(t:23)RPEN  B=1 r=1               
20161007 12:13:54.287  info:(t:23)RPEN  B=2 r=1               
20161007 12:48:23.026  info:(t:23)RPEN  B=3 r=1               
20161007 12:48:24.013  info:(t:23)RPEN  B=5 r=1               
20161007 12:48:25.020  info:(t:23)RPEN  B=6 r=1               
20161007 12:48:26.856  info:(t:23)RPEN  B=7 r=1               
20161007 12:48:28.059  info:(t:23)RPEN  B=8 r=1               
20161007 12:48:47.679  info:(t:23)RPEN  B=9 r=1               
20161007 12:48:47.981  info:(t:23)RPEN  B=10 r=1               
20161007 12:48:49.157  info:(t:23)RPEN  B=70 r=1               
20161007 12:48:49.161  info:(t:23)RPEN  B=71 r=1               
20161007 12:48:49.165  info:(t:23)RPEN  B=72 r=1               
20161007 13:01:41.599  info:(t:28)Execution ends
20161007 13:07:01.509  info:(t:21)Log Section1 begins
20161007 13:07:57.630  info:(t:21)RPEN  B=1 r=1               
20161007 13:08:23.882  info:(t:21)RPEN  B=2 r=1               
20161007 13:08:25.996  info:(t:21)RPEN  B=3 r=1               
20161007 13:08:32.038  info:(t:21)RPEN  B=3 r=1               
20161007 13:09:19.948  info:(t:21)RPEN  B=5 r=1               
20161007 13:09:22.564  info:(t:21)RPEN  B=5 r=1               
20161007 13:16:34.197  info:(t:21)RPEN  B=6 r=1               
20161007 13:16:34.772  info:(t:21)RPEN  B=7 r=1               
20161007 13:16:34.873  info:(t:21)RPEN  B=8 r=1               
20161007 13:16:56.263  info:(t:21)RPEN  B=9 r=1               
20161007 13:17:04.182  info:(t:21)RPEN  B=10 r=1               
20161007 13:17:07.946  info:(t:21)RPEN  B=70 r=1               
20161007 13:17:10.646  info:(t:21)RPEN  B=71 r=1               
20161007 13:17:46.942  info:(t:21)RPEN  B=72 r=1               
20161007 13:17:48.145  info:(t:21)RPEN  B=30 r=1               
20161007 13:17:49.101  info:(t:21)RPEN  B=30 r=1               
20161007 13:17:49.106  info:(t:21)RPEN  B=30 r=1               
20161007 13:23:29.153  info:(t:21)RPEN  B=31 r=1               
20161007 13:23:30.163  info:(t:21)RPEN  B=32 r=1               
20161007 13:23:33.699  info:(t:21)RPEN  B=33 r=1               
20161007 13:23:34.689  info:(t:21)RPEN  B=34 r=1               
20161007 13:23:34.708  info:(t:21)RPEN  B=35 r=1               
20161007 13:23:39.213  info:(t:21)RPEN  B=36 r=1               
20161007 13:24:11.392  info:(t:21)RPEN  B=38 r=1               
20161007 13:24:12.371  info:(t:21)RPEN  B=38 r=1               
20161007 13:24:12.375  info:(t:21)RPEN  B=38 r=1               
20161007 13:25:01.583  info:(t:21)RPEN  B=39 r=1               
20161007 13:28:39.970  info:(t:21)RPEN  B=40 r=1               
20161007 13:28:44.186  info:(t:21)RPEN  B=41 r=1               
20161007 13:28:45.184  info:(t:21)RPEN  B=42 r=1               
20161007 13:28:45.234  info:(t:21)RPEN  B=21 r=1               
20161007 13:28:46.714  info:(t:21)RPEN  B=21 r=1               
20161007 13:29:56.449  info:(t:21)RPEN  B=21 r=1               
20161007 13:31:36.499  info:(t:21)RPEN  B=22 r=1               
20161007 13:31:38.748  info:(t:21)RPEN  B=23 r=1               
20161007 13:31:39.705  info:(t:21)RPEN  B=24 r=1               
20161007 13:32:45.232  info:(t:21)RPEN  B=25 r=1               
20161007 13:32:46.642  info:(t:21)RPEN  B=25 r=1               
20161007 13:33:39.023  info:(t:21)RPEN  B=26 r=1               
20161007 13:33:40.048  info:(t:21)RPEN  B=26 r=1               
20161007 13:33:42.331  info:(t:21)RPEN  B=26 r=1               
20161007 13:33:43.658  info:(t:21)RPEN  B=26 r=1               
20161007 13:34:57.178  info:(t:21)RPEN  B=27 r=1               
20161007 13:36:59.743  info:(t:21)RPEN  B=100 r=1               
20161007 13:37:00.622  info:(t:21)RPEN  B=101 r=1               
20161007 13:37:01.625  info:(t:21)RPEN  B=102 r=1               
20161007 13:37:02.634  info:(t:21)RPEN  B=102 r=1               
20161007 13:37:02.640  info:(t:21)RPEN  B=102 r=1               
20161007 13:37:04.154  info:(t:21)RPEN  B=102 r=1               
20161007 13:37:04.263  info:(t:21)RPEN  B=102 r=1               
20161007 13:37:27.852  info:(t:21)RPEN  B=102 r=1               
20161007 13:37:59.832  info:(t:21)RPEN  B=103 r=1               
20161007 13:42:59.200  info:(t:21)RPEN  B=104 r=1               
20161007 13:43:00.132  info:(t:21)RPEN  B=105 r=1               
20161007 13:43:01.047  info:(t:21)RPEN  B=106 r=1               
20161007 13:43:02.095  info:(t:21)RPEN  B=107 r=1               
20161007 13:43:22.386  info:(t:21)RPEN  B=108 r=1               
20161007 13:43:23.782  info:(t:21)RPEN  B=109 r=1               
20161007 13:43:48.352  info:(t:21)RPEN  B=109 r=1               
20161007 13:43:49.330  info:(t:21)RPEN  B=109 r=1               
20161007 13:49:16.426  info:(t:21)RPEN  B=1 r=2               
20161007 13:49:17.416  info:(t:21)RPEN  B=2 r=2               
20161007 13:49:17.446  info:(t:21)RPEN  B=3 r=2               
20161007 13:49:18.912  info:(t:21)RPEN  B=5 r=2               
20161007 13:49:19.939  info:(t:21)RPEN  B=6 r=2               
20161007 13:49:36.525  info:(t:21)RPEN  B=6 r=2               
20161007 13:50:03.370  info:(t:21)RPEN  B=7 r=2               
20161007 13:50:04.154  info:(t:21)RPEN  B=7 r=2               
20161007 13:55:54.607  info:(t:21)RPEN  B=8 r=2               
20161007 13:55:55.511  info:(t:21)RPEN  B=9 r=2               
20161007 13:56:00.348  info:(t:21)RPEN  B=10 r=2               
20161007 13:56:02.325  info:(t:21)RPEN  B=70 r=2               
20161007 13:56:23.227  info:(t:21)RPEN  B=71 r=2               
20161007 13:56:24.097  info:(t:21)RPEN  B=72 r=2               
20161007 13:56:25.175  info:(t:21)RPEN  B=72 r=2               
20161007 13:56:26.046  info:(t:21)RPEN  B=72 r=2               
20161007 13:56:31.901  info:(t:21)RPEN  B=72 r=2               
20161007 13:56:56.080  info:(t:21)RPEN  B=72 r=2               
20161007 13:56:57.616  info:(t:21)RPEN  B=30 r=2               
20161007 13:57:01.264  info:(t:21)RPEN  B=30 r=2               
20161007 13:57:53.138  info:(t:21)RPEN  B=31 r=2               
20161007 13:57:54.391  info:(t:21)RPEN  B=31 r=2               
20161007 13:58:20.329  info:(t:21)RPEN  B=31 r=2               
20161007 13:58:21.321  info:(t:21)RPEN  B=31 r=2               
20161007 14:01:57.708  info:(t:21)RPEN  B=32 r=2               
20161007 14:02:11.297  info:(t:21)RPEN  B=33 r=2               
20161007 14:02:12.301  info:(t:21)RPEN  B=34 r=2               
20161007 14:02:13.325  info:(t:21)RPEN  B=35 r=2               
20161007 14:02:17.104  info:(t:21)RPEN  B=35 r=2               
20161007 14:02:18.399  info:(t:21)RPEN  B=35 r=2               
20161007 14:03:23.787  info:(t:21)RPEN  B=36 r=2               
20161007 14:03:25.155  info:(t:21)RPEN  B=38 r=2               
20161007 14:03:25.266  info:(t:21)RPEN  B=38 r=2               
20161007 18:14:35.427  info:(t:26)Execution ends
20161009 16:38:30.962  info:(t:13)Log Section1 begins
20161009 16:39:18.612  info:(t:23)Log Section1 begins
20161009 16:41:09.010  info:(t:23)RPEN  B=244 r=1               
20161009 20:12:16.365  info:(t:28)Execution ends
20161010 11:27:34.400  info:(t:38)Execution ends
