20160727 11:14:40.279  info:(t:27)Server is running.
20160727 11:14:40.292  info:(t:26)2 Identifying possible serial ports for timing equipment interface:
20160727 11:14:40.309  info:(t:26)Opening usbserial-A6040GX1
20160727 11:14:40.318 warn:(t:16)Slalom Race Organizer's Application width=760 Putting Window RightTop at 680, 0
20160727 11:14:40.930  info:(t:16)en1 fe80:0:0:0:226:bbff:fe17:2fee%5
20160727 11:14:40.930  info:(t:16)en1 192.168.254.37
20160727 11:14:41.319  info:(t:26)Read 0 bytes.
20160727 11:14:42.324  info:(t:26)Read 0 bytes.
20160727 11:14:43.330  info:(t:26)Read 0 bytes.
20160727 11:14:43.332  info:(t:26)Closing usbserial-A6040GX1: true
20160727 11:14:43.347  info:(t:26)Opening usbserial-A6040GX1: true
20160727 11:15:27.793  info:(t:16)en1 fe80:0:0:0:226:bbff:fe17:2fee%5
20160727 11:15:27.795  info:(t:16)en1 192.168.254.37
20160727 11:15:39.558  info:(t:16)VSTRT B=200 r=1
20160727 11:16:13.795  info:(t:16)VSTOP B=200 r=1 rawElapsed=    34.23 rawMANUAL=    34.23
20160727 11:16:30.900  info:(t:16)VSTRT B=201 r=1
20160727 11:16:46.547  info:(t:26)Found bib#201 r#1 in Active Runs
20160727 11:16:52.173  info:(t:16)VSTOP B=201 r=1 rawElapsed=    11.40 rawMANUAL=    21.27
20160727 11:17:04.109  info:(t:16)VSTRT B=202 r=1
20160727 11:17:21.708  info:(t:26)Found bib#202 r#1 in Active Runs
20160727 11:17:23.118  info:(t:16)VSTOP B=202 r=1 rawElapsed=    16.44 rawMANUAL=    19.00
20160727 11:17:46.900  info:(t:16)VSTRT B=203 r=1
20160727 11:17:51.937  info:(t:26)Found bib#203 r#1 in Active Runs
20160727 11:17:53.840  info:(t:16)VSTOP B=203 r=1 rawElapsed=     3.77 rawMANUAL=     6.94
20160727 11:18:15.424  info:(t:16)VSTRT B=204 r=1
20160727 11:18:28.743  info:(t:16)VSTOP B=204 r=1 rawElapsed=    13.32 rawMANUAL=    13.32
20160727 11:21:54.636  info:(t:19)Execution ends
20160727 11:22:28.447  info:(t:25)Server is running.
20160727 11:22:28.457  info:(t:24)2 Identifying possible serial ports for timing equipment interface:
20160727 11:22:28.472  info:(t:24)Opening usbserial-A6040GX1
20160727 11:22:28.476 warn:(t:16)Slalom Race Organizer's Application width=760 Putting Window RightTop at 680, 0
20160727 11:22:28.818  info:(t:16)en1 fe80:0:0:0:226:bbff:fe17:2fee%5
20160727 11:22:28.818  info:(t:16)en1 192.168.254.37
20160727 11:22:29.481  info:(t:24)Read 0 bytes.
20160727 11:22:30.489  info:(t:24)Read 0 bytes.
20160727 11:22:31.496  info:(t:24)Read 0 bytes.
20160727 11:22:31.498  info:(t:24)Closing usbserial-A6040GX1: true
20160727 11:22:31.513  info:(t:24)Opening usbserial-A6040GX1: true
20160727 11:23:04.360  info:(t:16)en1 fe80:0:0:0:226:bbff:fe17:2fee%5
20160727 11:23:04.360  info:(t:16)en1 192.168.254.37
20160727 11:23:07.546  info:(t:16)VSTRT B=200 r=1
20160727 11:23:09.926  info:(t:16)VSTRT B=201 r=1
20160727 11:23:11.346  info:(t:16)VSTRT B=202 r=1
20160727 11:23:24.182  info:(t:24)Found bib#200 r#1 in Active Runs
20160727 11:23:24.202  info:(t:16)VSTOP B=200 r=1 rawElapsed=    14.76 rawMANUAL=    16.65
20160727 11:23:34.459  info:(t:16)VSTOP B=201 r=1 rawElapsed=    24.53 rawMANUAL=    24.53
20160727 11:23:36.902  info:(t:16)VSTOP B=202 r=1 rawElapsed=    25.55 rawMANUAL=    25.55
20160727 11:23:41.158  info:(t:16)VSTRT B=203 r=1
20160727 11:23:46.499  info:(t:16)VSTOP B=203 r=1 rawElapsed=     5.34 rawMANUAL=     5.34
20160727 11:23:50.298  info:(t:16)VSTRT B=204 r=1
20160727 11:50:57.733  info:(t:19)Execution ends
20160727 11:55:00.597  info:(t:26)Server is running.
20160727 11:55:00.606  info:(t:25)2 Identifying possible serial ports for timing equipment interface:
20160727 11:55:00.624  info:(t:25)Opening usbserial-A6040GX1
20160727 11:55:00.633 warn:(t:16)Slalom Race Organizer's Application width=760 Putting Window RightTop at 680, 0
20160727 11:55:00.970  info:(t:16)en1 fe80:0:0:0:226:bbff:fe17:2fee%5
20160727 11:55:00.971  info:(t:16)en1 192.168.254.37
20160727 11:55:01.630  info:(t:25)Read 0 bytes.
20160727 11:55:02.636  info:(t:25)Read 0 bytes.
20160727 11:55:03.644  info:(t:25)Read 0 bytes.
20160727 11:55:03.645  info:(t:25)Closing usbserial-A6040GX1: true
20160727 11:55:03.668  info:(t:25)Opening usbserial-A6040GX1: true
20160727 11:55:14.053  info:(t:16)en1 fe80:0:0:0:226:bbff:fe17:2fee%5
20160727 11:55:14.053  info:(t:16)en1 192.168.254.37
20160727 11:55:22.004  info:(t:16)VSTRT B=200 r=1
20160727 11:55:23.958  info:(t:25)Found bib#200 r#1 in Active Runs
20160727 11:55:24.613  info:(t:16)VSTOP B=200 r=1 rawElapsed=     2.50 rawMANUAL=     2.60
20160727 11:55:26.480  info:(t:16)VSTRT B=201 r=1
20160727 11:55:31.335  info:(t:16)VSTOP B=201 r=1 rawElapsed=     4.85 rawMANUAL=     4.85
20160727 11:55:35.400  info:(t:16)VSTRT B=202 r=1
20160727 11:55:36.850  info:(t:25)Found bib#202 r#1 in Active Runs
20160727 11:55:37.122  info:(t:16)VSTOP B=202 r=1 rawElapsed=     1.51 rawMANUAL=     1.72
20160727 11:55:38.398  info:(t:16)VSTRT B=203 r=1
20160727 11:55:40.255  info:(t:16)VSTOP B=203 r=1 rawElapsed=     1.85 rawMANUAL=     1.85
20160727 11:55:47.247  info:(t:16)VSTRT B=204 r=1
20160727 11:55:49.083  info:(t:16)VSTOP B=204 r=1 rawElapsed=     1.83 rawMANUAL=     1.83
20160727 11:56:20.294  info:(t:16)VSTRT B=200 r=2
20160727 11:56:22.556  info:(t:16)VSTOP B=200 r=2 rawElapsed=     2.26 rawMANUAL=     2.26
20160727 11:57:04.062  info:(t:16)VSTRT B=201 r=2
20160727 11:57:05.960  info:(t:16)VSTOP B=201 r=2 rawElapsed=     1.89 rawMANUAL=     1.89
20160727 11:58:07.160  info:(t:16)VSTRT B=202 r=2
20160727 11:58:12.949  info:(t:16)VSTOP B=202 r=2 rawElapsed=     5.78 rawMANUAL=     5.78
20160727 12:00:53.524  info:(t:16)VSTRT B=203 r=2
20160727 12:00:57.512  info:(t:25)Found bib#203 r#2 in Active Runs
20160727 12:00:57.618  info:(t:16)VSTOP B=203 r=2 rawElapsed=     4.82 rawMANUAL=     4.09
20160727 12:01:04.781  info:(t:16)VSTRT B=204 r=2
20160727 12:01:06.997  info:(t:16)VSTOP B=204 r=2 rawElapsed=     2.21 rawMANUAL=     2.21
20160727 12:01:30.474  info:(t:16)VSTRT B=200 r=2
20160727 12:01:51.024  info:(t:25)Found bib#200 r#2 in Active Runs
20160727 12:01:53.072  info:(t:16)VSTOP B=200 r=2 rawElapsed=    20.06 rawMANUAL=    22.59
20160727 12:04:33.652  info:(t:19)Execution ends
20160727 12:05:00.688  info:(t:25)Server is running.
20160727 12:05:00.695  info:(t:24)2 Identifying possible serial ports for timing equipment interface:
20160727 12:05:00.711  info:(t:24)Opening usbserial-A6040GX1
20160727 12:05:00.728 warn:(t:16)Slalom Race Organizer's Application width=760 Putting Window RightTop at 680, 0
20160727 12:05:01.107  info:(t:16)en1 fe80:0:0:0:226:bbff:fe17:2fee%5
20160727 12:05:01.108  info:(t:16)en1 192.168.254.37
20160727 12:05:01.717  info:(t:24)Read 0 bytes.
20160727 12:05:02.722  info:(t:24)Read 0 bytes.
20160727 12:05:03.730  info:(t:24)Read 0 bytes.
20160727 12:05:03.732  info:(t:24)Closing usbserial-A6040GX1: true
20160727 12:05:03.747  info:(t:24)Opening usbserial-A6040GX1: true
20160727 12:05:25.060  info:(t:19)Execution ends
20160727 12:06:16.246  info:(t:24)Server is running.
20160727 12:06:16.258  info:(t:23)2 Identifying possible serial ports for timing equipment interface:
20160727 12:06:16.274  info:(t:23)Opening usbserial-A6040GX1
20160727 12:06:16.312 warn:(t:16)Slalom Race Organizer's Application width=760 Putting Window RightTop at 680, 0
20160727 12:06:16.701  info:(t:16)en1 fe80:0:0:0:226:bbff:fe17:2fee%5
20160727 12:06:16.701  info:(t:16)en1 192.168.254.37
20160727 12:06:17.279  info:(t:23)Read 0 bytes.
20160727 12:06:18.289  info:(t:23)Read 0 bytes.
20160727 12:06:19.297  info:(t:23)Read 0 bytes.
20160727 12:06:19.299  info:(t:23)Closing usbserial-A6040GX1: true
20160727 12:06:19.314  info:(t:23)Opening usbserial-A6040GX1: true
20160727 12:06:34.566  info:(t:16)en1 fe80:0:0:0:226:bbff:fe17:2fee%5
20160727 12:06:34.566  info:(t:16)en1 192.168.254.37
20160727 12:07:14.885  info:(t:16)VSTRT B=200 r=1
20160727 12:07:20.647  info:(t:23)Found bib#200 r#1 in Active Runs
20160727 12:07:21.966  info:(t:16)VSTOP B=200 r=1 rawElapsed=     7.27 rawMANUAL=     7.08
20160727 12:07:25.996  info:(t:16)VSTRT B=201 r=1
20160727 12:07:29.158  info:(t:23)Found bib#201 r#1 in Active Runs
20160727 12:07:30.923  info:(t:16)VSTOP B=201 r=1 rawElapsed=     4.74 rawMANUAL=     4.92
20160727 12:07:39.224  info:(t:16)VSTRT B=202 r=1
20160727 12:08:00.402  info:(t:23)Found bib#202 r#1 in Active Runs
20160727 12:08:02.825  info:(t:16)VSTOP B=202 r=1 rawElapsed=    16.48 rawMANUAL=    23.60
20160727 12:08:18.955  info:(t:16)VSTRT B=203 r=1
20160727 12:08:23.808  info:(t:23)Found bib#203 r#1 in Active Runs
20160727 12:08:25.355  info:(t:16)VSTOP B=203 r=1 rawElapsed=     2.78 rawMANUAL=     6.40
20160727 12:08:31.634  info:(t:16)VSTRT B=204 r=1
20160727 12:08:35.164  info:(t:16)VSTOP B=204 r=1 rawElapsed=     3.53 rawMANUAL=     3.53
20160727 12:10:50.591  info:(t:16)VSTRT B=200 r=2
20160727 12:10:51.898  info:(t:23)Found bib#200 r#2 in Active Runs
20160727 12:10:52.625  info:(t:16)VSTOP B=200 r=2 rawElapsed=     1.14 rawMANUAL=     2.03
20160727 12:10:54.091  info:(t:16)VSTRT B=201 r=2
20160727 12:10:56.166  info:(t:16)VSTOP B=201 r=2 rawElapsed=     2.07 rawMANUAL=     2.07
20160727 12:11:01.599  info:(t:16)VSTRT B=202 r=2
20160727 12:11:02.870  info:(t:16)VSTOP B=202 r=2 rawElapsed=     1.27 rawMANUAL=     1.27
20160727 12:11:13.450  info:(t:16)VSTRT B=203 r=2
20160727 12:11:16.256  info:(t:16)VSTOP B=203 r=2 rawElapsed=     2.80 rawMANUAL=     2.80
20160727 12:11:19.286  info:(t:16)VSTRT B=204 r=2
20160727 12:11:21.337  info:(t:16)VSTOP B=204 r=2 rawElapsed=     2.05 rawMANUAL=     2.05
20160727 12:14:31.628  info:(t:19)Execution ends
20160727 12:14:59.013  info:(t:25)2 Identifying possible serial ports for timing equipment interface:
20160727 12:14:59.022  info:(t:26)Server is running.
20160727 12:14:59.029  info:(t:25)Opening usbserial-A6040GX1
20160727 12:14:59.066 warn:(t:16)Slalom Race Organizer's Application width=760 Putting Window RightTop at 680, 0
20160727 12:14:59.552  info:(t:16)en1 fe80:0:0:0:226:bbff:fe17:2fee%5
20160727 12:14:59.552  info:(t:16)en1 192.168.254.37
20160727 12:15:00.037  info:(t:25)Read 0 bytes.
20160727 12:15:01.041  info:(t:25)Read 0 bytes.
20160727 12:15:02.048  info:(t:25)Read 0 bytes.
20160727 12:15:02.050  info:(t:25)Closing usbserial-A6040GX1: true
20160727 12:15:02.065  info:(t:25)Opening usbserial-A6040GX1: true
20160727 12:15:37.150  info:(t:16)en1 fe80:0:0:0:226:bbff:fe17:2fee%5
20160727 12:15:37.152  info:(t:16)en1 192.168.254.37
20160727 12:15:43.776  info:(t:16)VSTRT B=200 r=1
20160727 12:15:47.796  info:(t:25)Found bib#200 r#1 in Active Runs
20160727 12:15:56.502  info:(t:16)VSTOP B=200 r=1 rawElapsed=     1.57 rawMANUAL=    12.72
20160727 12:16:05.526  info:(t:16)VSTRT B=201 r=1
20160727 12:16:11.290  info:(t:16)VSTOP B=201 r=1 rawElapsed=     5.76 rawMANUAL=     5.76
20160727 12:16:36.732  info:(t:16)VSTRT B=202 r=1
20160727 12:16:46.013  info:(t:25)Found bib#202 r#1 in Active Runs
20160727 12:16:48.894  info:(t:16)VSTOP B=202 r=1 rawElapsed=     8.73 rawMANUAL=    12.16
20160727 12:17:07.408  info:(t:16)VSTRT B=203 r=1
20160727 12:17:11.097  info:(t:25)Found bib#203 r#1 in Active Runs
20160727 12:17:14.835  info:(t:16)VSTOP B=203 r=1 rawElapsed=     2.88 rawMANUAL=     7.42
20160727 12:17:29.899  info:(t:16)VSTRT B=204 r=1
20160727 12:17:31.127  info:(t:25)Found bib#204 r#1 in Active Runs
20160727 12:17:35.342  info:(t:16)VSTOP B=204 r=1 rawElapsed=     3.04 rawMANUAL=     5.44
20160727 12:18:15.440  info:(t:16)VSTRT B=200 r=2
20160727 12:18:23.260  info:(t:16)VSTOP B=200 r=2 rawElapsed=     7.82 rawMANUAL=     7.82
20160727 12:19:36.746  info:(t:16)VSTRT B=201 r=2
20160727 12:19:38.725  info:(t:25)Found bib#201 r#2 in Active Runs
20160727 12:19:41.380  info:(t:16)VSTOP B=201 r=2 rawElapsed=     2.71 rawMANUAL=     4.63
20160727 12:19:58.107  info:(t:16)VSTRT B=202 r=2
20160727 12:20:02.910  info:(t:16)VSTOP B=202 r=2 rawElapsed=     4.80 rawMANUAL=     4.80
20160727 12:33:48.810  info:(t:19)Execution ends
20160727 12:34:13.565  info:(t:25)Server is running.
20160727 12:34:13.573  info:(t:24)2 Identifying possible serial ports for timing equipment interface:
20160727 12:34:13.589  info:(t:24)Opening usbserial-A6040GX1
20160727 12:34:13.595 warn:(t:16)Slalom Race Organizer's Application width=760 Putting Window RightTop at 680, 0
20160727 12:34:13.966  info:(t:16)en1 fe80:0:0:0:226:bbff:fe17:2fee%5
20160727 12:34:13.966  info:(t:16)en1 192.168.254.37
20160727 12:34:14.596  info:(t:24)Read 0 bytes.
20160727 12:34:15.603  info:(t:24)Read 0 bytes.
20160727 12:34:16.609  info:(t:24)Read 0 bytes.
20160727 12:34:16.611  info:(t:24)Closing usbserial-A6040GX1: true
20160727 12:34:16.627  info:(t:24)Opening usbserial-A6040GX1: true
20160727 12:34:30.055  info:(t:16)en1 fe80:0:0:0:226:bbff:fe17:2fee%5
20160727 12:34:30.055  info:(t:16)en1 192.168.254.37
20160727 12:34:46.305  info:(t:16)VSTRT B=200 r=1
20160727 12:34:53.325  info:(t:16)VSTOP B=200 r=1 rawElapsed=TBD      7.01 rawMANUAL=     7.01
20160727 12:35:20.289  info:(t:16)VSTRT B=201 r=1
20160727 12:35:23.694  info:(t:16)VSTOP B=201 r=1 rawElapsed=TBD      3.40 rawMANUAL=     3.40
20160727 12:35:59.710  info:(t:16)VSTRT B=202 r=1
20160727 12:36:02.545  info:(t:16)VSTOP B=202 r=1 rawElapsed=TBD      2.83 rawMANUAL=     2.83
20160727 12:36:54.922  info:(t:19)Execution ends
20160727 13:02:45.728  info:(t:25)Server is running.
20160727 13:02:45.783  info:(t:24)2 Identifying possible serial ports for timing equipment interface:
20160727 13:02:45.794 warn:(t:16)Slalom Race Organizer's Application width=760 Putting Window RightTop at 680, 0
20160727 13:02:45.799  info:(t:24)Opening usbserial-A6040GX1
20160727 13:02:46.233  info:(t:16)en1 fe80:0:0:0:226:bbff:fe17:2fee%5
20160727 13:02:46.233  info:(t:16)en1 192.168.254.37
20160727 13:02:46.805  info:(t:24)Read 0 bytes.
20160727 13:02:47.810  info:(t:24)Read 0 bytes.
20160727 13:02:48.818  info:(t:24)Read 0 bytes.
20160727 13:02:48.820  info:(t:24)Closing usbserial-A6040GX1: true
20160727 13:02:48.836  info:(t:24)Opening usbserial-A6040GX1: true
20160727 13:03:05.049  info:(t:16)en1 fe80:0:0:0:226:bbff:fe17:2fee%5
20160727 13:03:05.049  info:(t:16)en1 192.168.254.37
20160727 13:03:13.608  info:(t:16)VSTRT B=200 r=1
20160727 13:03:15.387  info:(t:24)Found bib#200 r#1 in Active Runs
20160727 13:03:27.706  info:(t:16)VSTOP B=200 r=1 rawElapsed=     2.40 rawMANUAL=    14.09
20160727 13:03:34.213  info:(t:16)VSTRT B=201 r=1
20160727 13:03:37.175  info:(t:24)Found bib#201 r#1 in Active Runs
20160727 13:03:40.522  info:(t:16)VSTOP B=201 r=1 rawElapsed=     2.66 rawMANUAL=     6.30
20160727 13:03:45.162  info:(t:16)VSTRT B=202 r=1
20160727 13:03:48.159  info:(t:16)VSTOP B=202 r=1 rawElapsed=*     2.99 rawMANUAL=     2.99
20160727 13:06:04.531  info:(t:16)VSTRT B=203 r=1
20160727 13:06:05.595  info:(t:16)VSTRT B=204 r=1
20160727 13:06:32.315  info:(t:16)VSTOP B=203 r=1 rawElapsed=*    27.78 rawMANUAL=    27.78
20160727 13:06:33.825  info:(t:16)VSTOP B=204 r=1 rawElapsed=*    28.23 rawMANUAL=    28.23
20160727 13:12:34.579  info:(t:19)Execution ends
20160727 13:13:10.530  info:(t:25)Server is running.
20160727 13:13:10.540  info:(t:24)2 Identifying possible serial ports for timing equipment interface:
20160727 13:13:10.556  info:(t:24)Opening usbserial-A6040GX1
20160727 13:13:10.564 warn:(t:16)Slalom Race Organizer's Application width=760 Putting Window RightTop at 680, 0
20160727 13:13:10.982  info:(t:16)en1 fe80:0:0:0:226:bbff:fe17:2fee%5
20160727 13:13:10.982  info:(t:16)en1 192.168.254.37
20160727 13:13:11.565  info:(t:24)Read 0 bytes.
20160727 13:13:12.572  info:(t:24)Read 0 bytes.
20160727 13:13:13.576  info:(t:24)Read 0 bytes.
20160727 13:13:13.579  info:(t:24)Closing usbserial-A6040GX1: true
20160727 13:13:13.595  info:(t:24)Opening usbserial-A6040GX1: true
20160727 13:13:31.222  info:(t:16)en1 fe80:0:0:0:226:bbff:fe17:2fee%5
20160727 13:13:31.222  info:(t:16)en1 192.168.254.37
20160727 13:13:37.120  info:(t:16)VSTRT B=200 r=1
20160727 13:13:39.305  info:(t:16)VSTOP B=200 r=1 rawElapsed=*     2.18 rawMANUAL=     2.18
20160727 13:13:59.687  info:(t:16)VSTRT B=201 r=1
20160727 13:14:03.348  info:(t:24)Found bib#201 r#1 in Active Runs
20160727 13:14:04.478  info:(t:16)VSTOP B=201 r=1 rawElapsed=     3.13 rawMANUAL=     4.79
20160727 13:14:09.070  info:(t:16)VSTRT B=202 r=1
20160727 13:14:15.731  info:(t:24)Found bib#202 r#1 in Active Runs
20160727 13:14:15.880  info:(t:16)VSTOP B=202 r=1 rawElapsed=     6.81 rawMANUAL=     6.81
20160727 13:14:20.793  info:(t:16)VSTRT B=203 r=1
20160727 13:14:28.321  info:(t:24)Found bib#203 r#1 in Active Runs
20160727 13:14:29.262  info:(t:16)VSTOP B=203 r=1 rawElapsed=     7.33 rawMANUAL=     8.46
20160727 13:14:31.428  info:(t:16)VSTRT B=204 r=1
20160727 13:14:36.351  info:(t:24)Found bib#204 r#1 in Active Runs
20160727 13:14:36.896  info:(t:16)VSTOP B=204 r=1 rawElapsed=     2.24 rawMANUAL=     5.46
20160727 13:16:18.519  info:(t:16)VSTRT B=200 r=2
20160727 13:16:28.648  info:(t:16)VSTOP B=200 r=2 rawElapsed=*    10.12 rawMANUAL=    10.12
20160727 13:16:36.473  info:(t:16)VSTRT B=201 r=2
20160727 13:16:37.149  info:(t:16)VSTRT B=202 r=2
20160727 13:16:37.768  info:(t:16)VSTRT B=203 r=2
20160727 13:16:42.681  info:(t:16)VSTOP B=201 r=2 rawElapsed=*     6.20 rawMANUAL=     6.20
20160727 13:16:49.887  info:(t:24)Found bib#202 r#2 in Active Runs
20160727 13:16:50.828  info:(t:16)VSTOP B=202 r=2 rawElapsed=    10.10 rawMANUAL=    13.67
20160727 13:16:52.538  info:(t:16)VSTOP B=203 r=2 rawElapsed=*    14.76 rawMANUAL=    14.76
20160727 13:17:13.736  info:(t:16)VSTRT B=200 r=2
20160727 13:17:28.681  info:(t:16)VSTOP B=200 r=2 rawElapsed=*    14.94 rawMANUAL=    14.94
20160727 13:18:27.807  info:(t:16)VSTRT B=204 r=2
20160727 13:18:34.356  info:(t:16)VSTOP B=204 r=2 rawElapsed=*     6.54 rawMANUAL=     6.54
20160727 16:19:00.528  info:(t:20)Execution ends
20160727 16:21:26.319  info:(t:25)Server is running.
20160727 16:21:26.326  info:(t:24)2 Identifying possible serial ports for timing equipment interface:
20160727 16:21:26.342  info:(t:24)Opening usbserial-A6040GX1
20160727 16:21:26.348 warn:(t:16)Slalom Race Organizer's Application width=760 Putting Window RightTop at 680, 0
20160727 16:21:26.768  info:(t:16)en1 fe80:0:0:0:226:bbff:fe17:2fee%5
20160727 16:21:26.769  info:(t:16)en1 192.168.254.37
20160727 16:21:27.346  info:(t:24)Read 0 bytes.
20160727 16:21:28.353  info:(t:24)Read 0 bytes.
20160727 16:21:29.360  info:(t:24)Read 0 bytes.
20160727 16:21:29.362  info:(t:24)Closing usbserial-A6040GX1: true
20160727 16:21:29.377  info:(t:24)Opening usbserial-A6040GX1: true
20160727 16:21:29.530  info:(t:19)Execution ends
