20161009 04:33:25.671  info:(t:11)Log TAGHeuer begins
20161009 04:34:11.817  info:(t:18)Execution ends
20161009 04:34:24.484  info:(t:13)Log TAGHeuer begins
20161009 04:35:36.505  info:(t:20)Execution ends
20161009 04:35:47.600  info:(t:13)Log TAGHeuer begins
20161009 04:37:55.267  info:(t:20)Execution ends
20161009 05:12:29.871  info:(t:13)Log TAGHeuer begins
20161009 05:12:51.201  info:(t:20)Execution ends
20161009 05:13:00.963  info:(t:13)Log TAGHeuer begins
20161009 05:13:55.844  info:(t:20)Execution ends
20161009 05:14:10.138  info:(t:13)Log TAGHeuer begins
20161009 05:15:29.037  info:(t:20)Execution ends
20161009 05:16:42.746  info:(t:13)Log TAGHeuer begins
20161009 05:19:19.908  info:(t:20)Execution ends
20161009 05:19:39.792  info:(t:13)Log TAGHeuer begins
20161009 05:23:50.387  info:(t:20)Execution ends
20161009 05:24:11.397  info:(t:13)Log TAGHeuer begins
20161009 05:31:24.913  info:(t:20)Execution ends
20161009 05:32:03.082  info:(t:13)Log TAGHeuer begins
20161009 05:54:53.930  info:(t:20)Execution ends
20161009 05:55:31.263  info:(t:13)Log TAGHeuer begins
20161009 06:15:08.015  info:(t:20)Execution ends
20161009 06:15:19.680  info:(t:11)Log TAGHeuer begins
20161009 06:18:47.682  info:(t:18)Execution ends
20161009 06:23:27.392  info:(t:11)Log TAGHeuer begins
20161009 06:24:06.297  info:(t:18)Execution ends
20161009 06:24:27.598  info:(t:11)Log TAGHeuer begins
20161009 06:26:00.279  info:(t:18)Execution ends
20161009 06:26:15.587  info:(t:11)Log TAGHeuer begins
20161009 06:27:20.327  info:(t:18)Execution ends
20161009 06:27:35.923  info:(t:13)Log TAGHeuer begins
20161009 06:29:12.559  info:(t:20)Execution ends
20161009 06:29:34.700  info:(t:11)Log TAGHeuer begins
20161009 06:32:08.982  info:(t:18)Execution ends
20161009 06:32:23.784  info:(t:11)Log TAGHeuer begins
20161009 07:40:48.014  info:(t:18)Execution ends
20161009 07:41:16.947  info:(t:11)Log TAGHeuer begins
20161009 07:45:54.501  info:(t:18)Execution ends
20161009 07:46:22.490  info:(t:11)Log TAGHeuer begins
20161009 07:47:48.420  info:(t:18)Execution ends
20161009 07:48:15.088  info:(t:11)Log TAGHeuer begins
20161009 07:50:53.583  info:(t:18)Execution ends
20161009 07:51:17.002  info:(t:11)Log TAGHeuer begins
20161009 07:57:00.512  info:(t:18)Execution ends
20161009 07:57:16.090  info:(t:11)Log TAGHeuer begins
20161009 07:58:22.948  info:(t:18)Execution ends
20161009 07:58:38.394  info:(t:11)Log TAGHeuer begins
20161009 07:59:58.547  info:(t:18)Execution ends
20161009 08:00:14.909  info:(t:11)Log TAGHeuer begins
20161009 08:02:57.389  info:(t:19)Execution ends
20161009 08:03:24.842  info:(t:11)Log TAGHeuer begins
20161009 08:05:49.454  info:(t:18)Execution ends
20161009 08:06:14.198  info:(t:11)Log TAGHeuer begins
20161009 08:09:11.009  info:(t:19)Execution ends
20161009 09:34:41.433  info:(t:11)Log TAGHeuer begins
20161009 09:35:34.000  info:(t:18)Execution ends
20161009 09:35:50.461  info:(t:13)Log TAGHeuer begins
20161009 09:55:32.449  info:(t:20)Execution ends
20161009 09:55:43.889  info:(t:11)Log TAGHeuer begins
20161009 09:57:05.159  info:(t:18)Execution ends
20161009 09:57:17.273  info:(t:11)Log TAGHeuer begins
20161009 09:58:20.378  info:(t:19)Execution ends
20161009 09:58:28.322  info:(t:11)Log TAGHeuer begins
20161009 10:28:11.872  info:(t:18)Execution ends
20161009 10:28:24.380  info:(t:13)Log TAGHeuer begins
20161009 10:28:38.288  info:(t:20)Execution ends
20161009 10:29:33.150  info:(t:13)Log TAGHeuer begins
20161009 12:37:26.525  info:(t:20)Execution ends
20161009 12:37:50.730  info:(t:13)Log TAGHeuer begins
20161009 12:39:13.304  info:(t:21)


BEGIN RUN #006
20161009 12:39:32.598  info:(t:21)MANUAL IMPULSE START B=1   @time=12:39:31.798000
20161009 12:42:02.157  info:(t:21)FINISH B=1   @time=12:42:01.349000
20161009 12:42:02.221  info:(t:21)FINISH B=1   elapsed time=2:29.550000
20161009 12:54:56.329  info:(t:21)FINISH B=   @time=12:54:55.526000
20161009 12:54:56.330 err:(t:21)Problem, no start found for a STOP time!!!  Bib#
20161009 12:58:48.760  info:(t:21)FINISH B=   @time=12:58:47.966000
20161009 12:58:48.760 err:(t:21)Problem, no start found for a STOP time!!!  Bib#
20161009 13:04:58.164  info:(t:21)START B=265   @time=13:04:57.356000
20161009 13:05:44.892  info:(t:21)FINISH B=265   @time=13:05:44.090000
20161009 13:05:44.973  info:(t:21)FINISH B=265   elapsed time=46.730000
20161009 13:06:02.170  info:(t:21)START B=263   @time=13:06:01.358000
20161009 13:06:43.620  info:(t:21)FINISH B=263   @time=13:06:42.810000
20161009 13:06:43.683  info:(t:21)FINISH B=263   elapsed time=41.450000
20161009 13:07:01.841  info:(t:21)START B=262   @time=13:07:01.029000
20161009 13:08:12.583  info:(t:21)FINISH B=263   @time=13:06:42.810000
20161009 13:08:12.631  info:(t:21)FINISH B=263   @time=13:08:11.776000
20161009 13:08:12.711  info:(t:21)FINISH B=263   elapsed time=2:10.410000
20161009 13:09:33.117  info:(t:21)FINISH B=262   @time=13:09:32.307000
20161009 13:09:33.181  info:(t:21)FINISH B=262   elapsed time=2:31.270000
20161009 13:11:38.937  info:(t:21)START B=261   @time=13:11:38.132000
20161009 13:13:39.159  info:(t:21)START B=259   @time=13:13:38.347000
20161009 13:14:28.462  info:(t:21)FINISH B=261   @time=13:14:27.651000
20161009 13:14:28.534  info:(t:21)FINISH B=261   elapsed time=2:49.510000
20161009 13:14:48.651  info:(t:21)START B=257   @time=13:14:47.850000
20161009 13:15:39.776  info:(t:21)FINISH B=259   @time=13:15:38.964000
20161009 13:15:39.840  info:(t:21)FINISH B=259   elapsed time=2:00.610000
20161009 13:15:51.294  info:(t:21)START B=253   @time=13:15:50.485000
20161009 13:16:34.489  info:(t:21)FINISH B=257   @time=13:16:33.670000
20161009 13:16:34.550  info:(t:21)FINISH B=257   elapsed time=1:45.820000
20161009 13:16:52.899  info:(t:21)START B=252   @time=13:16:52.086000
20161009 13:17:38.779  info:(t:21)FINISH B=253   @time=13:17:37.970000
20161009 13:17:38.862  info:(t:21)FINISH B=253   elapsed time=1:47.480000
20161010 11:27:34.400  info:(t:20)Execution ends
