20160727 09:52:53.476  info:(t:16)Log TAGHeuer begins
20160727 09:53:16.444  info:(t:24)Tag Heuer CP 520:T           M2    28:44.266000
20160727 09:53:20.189  info:(t:24)
MANUAL TIME FROM TagHeuer FINISH Bib=   @time=28:44.266000
20160727 09:53:20.189  info:(t:24)NO!  This is a problem, no start found for a STOP time!!!
20160727 09:53:30.698  info:(t:24)Tag Heuer CP 520:T           M2    28:58.493000
20160727 09:53:36.266  info:(t:24)
MANUAL TIME FROM TagHeuer FINISH Bib=   @time=28:58.493000
20160727 09:53:36.266  info:(t:24)NO!  This is a problem, no start found for a STOP time!!!
20160727 10:10:02.679  info:(t:24)Tag Heuer CP 520:T       201 M1    45:30.464000
20160727 10:10:06.289  info:(t:24)
MANUAL TIME FROM TagHeuer START Bib=201   @time=45:30.464000
20160727 10:10:19.045  info:(t:24)Tag Heuer CP 520:T       201 M2    45:46.818000
20160727 10:10:22.899  info:(t:24)
MANUAL TIME FROM TagHeuer FINISH Bib=201   @time=45:46.818000
20160727 10:10:24.697  info:(t:24)Tag Heuer CP 520:R   1   201          16.350000
20160727 10:10:25.623  info:(t:24)
FINISH Bib=201   elapsed time=16.350000
20160727 10:12:16.962  info:(t:24)Tag Heuer CP 520:T       202 M1    47:44.749000
20160727 10:12:19.253  info:(t:24)
MANUAL TIME FROM TagHeuer START Bib=202   @time=47:44.749000
20160727 10:12:53.070  info:(t:24)Tag Heuer CP 520:T       202 M2    48:20.861000
20160727 10:12:53.071  info:(t:24)
MANUAL TIME FROM TagHeuer FINISH Bib=202   @time=48:20.861000
20160727 10:13:00.435  info:(t:24)Tag Heuer CP 520:R   2   202          36.110000
20160727 10:13:00.436  info:(t:24)
FINISH Bib=202   elapsed time=36.110000
20160727 10:24:01.459  info:(t:23)Execution ends
20160727 10:24:28.748  info:(t:16)Log TAGHeuer begins
20160727 10:26:08.618  info:(t:24)Tag Heuer CP 520:T       203 M1  1:01:36.426000
20160727 10:26:08.620  info:(t:24)
MANUAL TIME FROM TagHeuer START Bib=203   @time=1:01:36.426000
20160727 10:26:22.679  info:(t:24)Tag Heuer CP 520:T       203 M2  1:01:50.473000
20160727 10:26:22.680  info:(t:24)
MANUAL TIME FROM TagHeuer FINISH Bib=203   @time=1:01:50.473000
20160727 10:26:22.680  info:(t:24)Chk for bib # 203=203
20160727 10:26:22.680  info:(t:24)OK -> runNumber match? 1=1
20160727 10:26:27.431  info:(t:24)Tag Heuer CP 520:R   1   203          14.040000
20160727 10:26:27.431  info:(t:24)
FINISH Bib=203   elapsed time=14.040000
20160727 10:26:27.431  info:(t:24)Chk for bib # 203=203
20160727 10:26:27.432  info:(t:24)OK -> runNumber match? 1=1
20160727 10:26:52.452  info:(t:24)Tag Heuer CP 520:T       204 M1  1:02:20.245000
20160727 10:26:52.452  info:(t:24)
MANUAL TIME FROM TagHeuer START Bib=204   @time=1:02:20.245000
20160727 10:26:52.453  info:(t:24)Chk for bib # 204=203
20160727 10:27:18.416  info:(t:24)Tag Heuer CP 520:T       204 M2  1:02:46.214000
20160727 10:27:18.416  info:(t:24)
MANUAL TIME FROM TagHeuer FINISH Bib=204   @time=1:02:46.214000
20160727 10:27:18.416  info:(t:24)Chk for bib # 204=203
20160727 10:27:18.416  info:(t:24)Chk for bib # 204=204
20160727 10:27:18.417  info:(t:24)NO!  This is a problem, no start found for a STOP time!!!
20160727 10:27:18.496  info:(t:24)Tag Heuer CP 520:R   3   204          25.960000
20160727 10:27:18.496  info:(t:24)
FINISH Bib=204   elapsed time=25.960000
20160727 10:27:18.496  info:(t:24)Chk for bib # 204=203
20160727 10:27:18.496  info:(t:24)Chk for bib # 204=204
20160727 10:27:35.598  info:(t:24)Tag Heuer CP 520:T       205 M1  1:03:03.396000
20160727 10:27:35.599  info:(t:24)
MANUAL TIME FROM TagHeuer START Bib=205   @time=1:03:03.396000
20160727 10:27:35.599  info:(t:24)Chk for bib # 205=203
20160727 10:27:35.599  info:(t:24)Chk for bib # 205=204
20160727 10:27:37.950  info:(t:24)Tag Heuer CP 520:T       205 M2  1:03:05.733000
20160727 10:27:37.951  info:(t:24)
MANUAL TIME FROM TagHeuer FINISH Bib=205   @time=1:03:05.733000
20160727 10:27:37.951  info:(t:24)Chk for bib # 205=203
20160727 10:27:37.951  info:(t:24)Chk for bib # 205=204
20160727 10:27:37.951  info:(t:24)Chk for bib # 205=205
20160727 10:27:37.951  info:(t:24)OK -> runNumber match? 2=2
20160727 10:27:38.016  info:(t:24)Tag Heuer CP 520:R   1   205           2.330000
20160727 10:27:38.017  info:(t:24)
FINISH Bib=205   elapsed time=2.330000
20160727 10:27:38.017  info:(t:24)Chk for bib # 205=203
20160727 10:27:38.017  info:(t:24)Chk for bib # 205=204
20160727 10:27:38.018  info:(t:24)Chk for bib # 205=205
20160727 10:27:38.018  info:(t:24)OK -> runNumber match? 2=2
20160727 10:35:37.085  info:(t:24)Tag Heuer CP 520:T-      201 M1    45:30.464000
20160727 10:35:37.085  info:(t:24)
MANUAL TIME FROM TagHeuer START Bib=201   @time=45:30.464000
20160727 10:35:37.086  info:(t:24)Chk for bib # 201=203
20160727 10:35:37.086  info:(t:24)Chk for bib # 201=204
20160727 10:35:37.086  info:(t:24)Chk for bib # 201=205
20160727 10:35:37.149  info:(t:24)Tag Heuer CP 520:T       201 M1  1:11:04.875000
20160727 10:35:37.149  info:(t:24)
MANUAL TIME FROM TagHeuer START Bib=201   @time=1:11:04.875000
20160727 10:35:37.149  info:(t:24)Chk for bib # 201=203
20160727 10:35:37.149  info:(t:24)Chk for bib # 201=204
20160727 10:35:37.150  info:(t:24)Chk for bib # 201=205
20160727 10:35:37.150  info:(t:24)Chk for bib # 201=201
20160727 10:35:37.150  info:(t:24)OK -> runNumber match? 2=2
20160727 10:35:41.879  info:(t:24)New starting time for #201
20160727 10:35:48.044  info:(t:24)Tag Heuer CP 520:TC      201 M2    45:46.818000
20160727 10:35:48.044  info:(t:24)
MANUAL TIME FROM TagHeuer FINISH Bib=201   @time=45:46.818000
20160727 10:35:48.044  info:(t:24)Chk for bib # 201=203
20160727 10:35:48.044  info:(t:24)Chk for bib # 201=204
20160727 10:35:48.045  info:(t:24)Chk for bib # 201=205
20160727 10:35:48.045  info:(t:24)Chk for bib # 201=201
20160727 10:35:48.045  info:(t:24)OK -> runNumber match? 2=2
20160727 10:35:48.124  info:(t:24)Tag Heuer CP 520:T       201 M2  1:11:15.847000
20160727 10:35:48.124  info:(t:24)
MANUAL TIME FROM TagHeuer FINISH Bib=201   @time=1:11:15.847000
20160727 10:35:48.124  info:(t:24)Chk for bib # 201=203
20160727 10:35:48.124  info:(t:24)Chk for bib # 201=204
20160727 10:35:48.124  info:(t:24)Chk for bib # 201=205
20160727 10:35:48.124  info:(t:24)Chk for bib # 201=201
20160727 10:35:48.125  info:(t:24)OK -> runNumber match? 2=2
20160727 10:35:48.188  info:(t:24)Tag Heuer CP 520:R   2   201          10.970000
20160727 10:35:48.189  info:(t:24)
FINISH Bib=201   elapsed time=10.970000
20160727 10:35:48.189  info:(t:24)Chk for bib # 201=203
20160727 10:35:48.189  info:(t:24)Chk for bib # 201=204
20160727 10:35:48.189  info:(t:24)Chk for bib # 201=205
20160727 10:35:48.189  info:(t:24)Chk for bib # 201=201
20160727 10:35:48.189  info:(t:24)OK -> runNumber match? 2=2
20160727 10:36:09.752  info:(t:24)Tag Heuer CP 520:T       206 M1  1:11:37.532000
20160727 10:36:09.753  info:(t:24)
MANUAL TIME FROM TagHeuer START Bib=206   @time=1:11:37.532000
20160727 10:36:09.753  info:(t:24)Chk for bib # 206=203
20160727 10:36:09.753  info:(t:24)Chk for bib # 206=204
20160727 10:36:09.753  info:(t:24)Chk for bib # 206=205
20160727 10:36:09.753  info:(t:24)Chk for bib # 206=201
20160727 10:36:14.951  info:(t:24)Tag Heuer CP 520:T       206 M2  1:11:42.744000
20160727 10:36:14.952  info:(t:24)
MANUAL TIME FROM TagHeuer FINISH Bib=206   @time=1:11:42.744000
20160727 10:36:14.952  info:(t:24)Chk for bib # 206=203
20160727 10:36:14.952  info:(t:24)Chk for bib # 206=204
20160727 10:36:14.952  info:(t:24)Chk for bib # 206=205
20160727 10:36:14.953  info:(t:24)Chk for bib # 206=201
20160727 10:36:14.953  info:(t:24)Chk for bib # 206=206
20160727 10:36:14.953  info:(t:24)OK -> runNumber match? 2=2
20160727 10:36:15.031  info:(t:24)Tag Heuer CP 520:R   2   206           5.210000
20160727 10:36:15.032  info:(t:24)
FINISH Bib=206   elapsed time=5.210000
20160727 10:36:15.032  info:(t:24)Chk for bib # 206=203
20160727 10:36:15.032  info:(t:24)Chk for bib # 206=204
20160727 10:36:15.032  info:(t:24)Chk for bib # 206=205
20160727 10:36:15.032  info:(t:24)Chk for bib # 206=201
20160727 10:36:15.032  info:(t:24)Chk for bib # 206=206
20160727 10:36:15.032  info:(t:24)OK -> runNumber match? 2=2
20160727 10:38:44.760  info:(t:23)Execution ends
20160727 10:39:01.946  info:(t:16)Log TAGHeuer begins
20160727 10:39:24.900  info:(t:23)Execution ends
20160727 10:41:01.005  info:(t:16)Log TAGHeuer begins
20160727 10:41:47.206  info:(t:25)Tag Heuer CP 520:T       200 M1  1:17:14.992000
20160727 10:41:47.208  info:(t:25)
MANUAL TIME FROM TagHeuer START Bib=200   @time=1:17:14.992000
20160727 10:41:54.533  info:(t:25)Tag Heuer CP 520:T       200 M2  1:17:22.320000
20160727 10:41:54.533  info:(t:25)
MANUAL TIME FROM TagHeuer FINISH Bib=200   @time=1:17:22.320000
20160727 10:41:54.534  info:(t:25)Chk for bib # 200=200
20160727 10:41:54.534  info:(t:25)OK -> runNumber match? 1=1
20160727 10:41:54.613  info:(t:25)Tag Heuer CP 520:R   3   200           7.320000
20160727 10:41:54.613  info:(t:25)
FINISH Bib=200   elapsed time=7.320000
20160727 10:41:54.613  info:(t:25)Chk for bib # 200=200
20160727 10:41:54.614  info:(t:25)OK -> runNumber match? 1=1
20160727 10:44:19.203  info:(t:25)Tag Heuer CP 520:S 001          NET TIME       
20160727 10:44:19.203  info:(t:25)
RUN #001
20160727 10:44:52.845  info:(t:25)Tag Heuer CP 520:T       201 M1  1:20:20.644000
20160727 10:44:52.845  info:(t:25)
MANUAL TIME FROM TagHeuer START Bib=201   @time=1:20:20.644000
20160727 10:44:52.846  info:(t:25)Chk for bib # 201=200
20160727 10:45:00.700  info:(t:25)Tag Heuer CP 520:T       201 M2  1:20:28.492000
20160727 10:45:00.701  info:(t:25)
MANUAL TIME FROM TagHeuer FINISH Bib=201   @time=1:20:28.492000
20160727 10:45:00.701  info:(t:25)Chk for bib # 201=200
20160727 10:45:00.701  info:(t:25)Chk for bib # 201=201
20160727 10:45:00.701  info:(t:25)OK -> runNumber match? 1=1
20160727 10:45:00.764  info:(t:25)Tag Heuer CP 520:R   1   201           7.840000
20160727 10:45:00.765  info:(t:25)
FINISH Bib=201   elapsed time=7.840000
20160727 10:45:00.765  info:(t:25)Chk for bib # 201=200
20160727 10:45:00.765  info:(t:25)Chk for bib # 201=201
20160727 10:45:00.765  info:(t:25)OK -> runNumber match? 1=1
20160727 10:45:17.322  info:(t:25)Tag Heuer CP 520:T       202 M1  1:20:45.115000
20160727 10:45:17.322  info:(t:25)
MANUAL TIME FROM TagHeuer START Bib=202   @time=1:20:45.115000
20160727 10:45:17.323  info:(t:25)Chk for bib # 202=200
20160727 10:45:17.323  info:(t:25)Chk for bib # 202=201
20160727 10:45:20.634  info:(t:25)Tag Heuer CP 520:T       202 M2  1:20:48.410000
20160727 10:45:20.634  info:(t:25)
MANUAL TIME FROM TagHeuer FINISH Bib=202   @time=1:20:48.410000
20160727 10:45:20.635  info:(t:25)Chk for bib # 202=200
20160727 10:45:20.635  info:(t:25)Chk for bib # 202=201
20160727 10:45:20.635  info:(t:25)Chk for bib # 202=202
20160727 10:45:20.635  info:(t:25)OK -> runNumber match? 1=1
20160727 10:45:20.698  info:(t:25)Tag Heuer CP 520:R   1   202           3.290000
20160727 10:45:20.698  info:(t:25)
FINISH Bib=202   elapsed time=3.290000
20160727 10:45:20.699  info:(t:25)Chk for bib # 202=200
20160727 10:45:20.699  info:(t:25)Chk for bib # 202=201
20160727 10:45:20.699  info:(t:25)Chk for bib # 202=202
20160727 10:45:20.699  info:(t:25)OK -> runNumber match? 1=1
20160727 10:45:42.935  info:(t:25)Tag Heuer CP 520:T       203 M1  1:21:10.714000
20160727 10:45:42.935  info:(t:25)
MANUAL TIME FROM TagHeuer START Bib=203   @time=1:21:10.714000
20160727 10:45:42.935  info:(t:25)Chk for bib # 203=200
20160727 10:45:42.936  info:(t:25)Chk for bib # 203=201
20160727 10:45:42.936  info:(t:25)Chk for bib # 203=202
20160727 10:45:53.269  info:(t:25)Tag Heuer CP 520:T       203 M2  1:21:21.047000
20160727 10:45:53.270  info:(t:25)
MANUAL TIME FROM TagHeuer FINISH Bib=203   @time=1:21:21.047000
20160727 10:45:53.270  info:(t:25)Chk for bib # 203=200
20160727 10:45:53.270  info:(t:25)Chk for bib # 203=201
20160727 10:45:53.270  info:(t:25)Chk for bib # 203=202
20160727 10:45:53.271  info:(t:25)Chk for bib # 203=203
20160727 10:45:53.271  info:(t:25)OK -> runNumber match? 1=1
20160727 10:45:53.333  info:(t:25)Tag Heuer CP 520:R   3   203          10.330000
20160727 10:45:53.334  info:(t:25)
FINISH Bib=203   elapsed time=10.330000
20160727 10:45:53.334  info:(t:25)Chk for bib # 203=200
20160727 10:45:53.334  info:(t:25)Chk for bib # 203=201
20160727 10:45:53.334  info:(t:25)Chk for bib # 203=202
20160727 10:45:53.335  info:(t:25)Chk for bib # 203=203
20160727 10:45:53.335  info:(t:25)OK -> runNumber match? 1=1
20160727 10:46:35.695  info:(t:25)Tag Heuer CP 520:T       204 M1  1:22:03.479000
20160727 10:46:35.695  info:(t:25)
MANUAL TIME FROM TagHeuer START Bib=204   @time=1:22:03.479000
20160727 10:46:35.695  info:(t:25)Chk for bib # 204=200
20160727 10:46:35.696  info:(t:25)Chk for bib # 204=201
20160727 10:46:35.696  info:(t:25)Chk for bib # 204=202
20160727 10:46:35.696  info:(t:25)Chk for bib # 204=203
20160727 10:46:53.229  info:(t:25)Tag Heuer CP 520:T       204 M2  1:22:21.031000
20160727 10:46:53.229  info:(t:25)
MANUAL TIME FROM TagHeuer FINISH Bib=204   @time=1:22:21.031000
20160727 10:46:53.229  info:(t:25)Chk for bib # 204=200
20160727 10:46:53.229  info:(t:25)Chk for bib # 204=201
20160727 10:46:53.230  info:(t:25)Chk for bib # 204=202
20160727 10:46:53.230  info:(t:25)Chk for bib # 204=203
20160727 10:46:53.230  info:(t:25)Chk for bib # 204=204
20160727 10:46:53.230  info:(t:25)NO!  This is a problem, no start found for a STOP time!!!
20160727 10:46:53.324  info:(t:25)Tag Heuer CP 520:R   4   204          17.550000
20160727 10:46:53.325  info:(t:25)
FINISH Bib=204   elapsed time=17.550000
20160727 10:46:53.325  info:(t:25)Chk for bib # 204=200
20160727 10:46:53.325  info:(t:25)Chk for bib # 204=201
20160727 10:46:53.325  info:(t:25)Chk for bib # 204=202
20160727 10:46:53.325  info:(t:25)Chk for bib # 204=203
20160727 10:46:53.325  info:(t:25)Chk for bib # 204=204
20160727 10:47:02.318 err:(t:25)BAD HERE
20160727 11:04:48.642  info:(t:25)Tag Heuer CP 520:T       200 M1  1:40:16.438000
20160727 11:04:48.642  info:(t:25)
MANUAL TIME FROM TagHeuer START Bib=200   @time=1:40:16.438000
20160727 11:04:48.643  info:(t:25)Chk for bib # 200=200
20160727 11:04:48.643  info:(t:25)Chk for bib # 200=201
20160727 11:04:48.643  info:(t:25)Chk for bib # 200=202
20160727 11:04:48.643  info:(t:25)Chk for bib # 200=203
20160727 11:04:48.643  info:(t:25)Chk for bib # 200=204
20160727 11:05:00.849  info:(t:25)Tag Heuer CP 520:T       200 M2  1:40:28.638000
20160727 11:05:00.849  info:(t:25)
MANUAL TIME FROM TagHeuer FINISH Bib=200   @time=1:40:28.638000
20160727 11:05:25.323  info:(t:25)Chk for bib # 200=200
20160727 11:06:06.193  info:(t:25)Chk for bib # 200=201
20160727 11:06:17.789  info:(t:25)Chk for bib # 200=202
20160727 11:06:34.484  info:(t:25)Chk for bib # 200=203
20160727 11:06:35.975  info:(t:25)Chk for bib # 200=204
20160727 11:06:39.369  info:(t:25)Chk for bib # 200=200
20160727 11:06:49.639  info:(t:25)OK -> runNumber match? 2=2
20160727 11:07:49.761  info:(t:25)Tag Heuer CP 520:R   4   200          12.200000
20160727 11:07:49.761  info:(t:25)
FINISH Bib=200   elapsed time=12.200000
20160727 11:07:49.761  info:(t:25)Chk for bib # 200=200
20160727 11:07:49.761  info:(t:25)Chk for bib # 200=201
20160727 11:07:49.761  info:(t:25)Chk for bib # 200=202
20160727 11:07:49.761  info:(t:25)Chk for bib # 200=203
20160727 11:07:49.761  info:(t:25)Chk for bib # 200=204
20160727 11:07:49.762  info:(t:25)Chk for bib # 200=200
20160727 11:07:49.762  info:(t:25)OK -> runNumber match? 2=2
20160727 11:08:45.474  info:(t:25)Tag Heuer CP 520:S 002          NET TIME       
20160727 11:08:45.475  info:(t:25)
RUN #002
20160727 11:09:03.727  info:(t:25)Tag Heuer CP 520:T       201 M1  1:44:31.519000
20160727 11:09:03.727  info:(t:25)
MANUAL TIME FROM TagHeuer START Bib=201   @time=1:44:31.519000
20160727 11:09:03.728  info:(t:25)Chk for bib # 201=200
20160727 11:09:03.728  info:(t:25)Chk for bib # 201=201
20160727 11:09:03.728  info:(t:25)Chk for bib # 201=202
20160727 11:09:03.728  info:(t:25)Chk for bib # 201=203
20160727 11:09:03.728  info:(t:25)Chk for bib # 201=204
20160727 11:09:03.728  info:(t:25)Chk for bib # 201=200
20160727 11:09:24.845  info:(t:25)Tag Heuer CP 520:T       201 M2  1:44:52.625000
20160727 11:09:24.845  info:(t:25)
MANUAL TIME FROM TagHeuer FINISH Bib=201   @time=1:44:52.625000
20160727 11:09:29.789  info:(t:25)Chk for bib # 201=200
20160727 11:09:29.789  info:(t:25)Chk for bib # 201=201
20160727 11:09:29.790  info:(t:25)Chk for bib # 201=202
20160727 11:09:29.790  info:(t:25)Chk for bib # 201=203
20160727 11:09:29.791  info:(t:25)Chk for bib # 201=204
20160727 11:09:29.791  info:(t:25)Chk for bib # 201=200
20160727 11:09:29.792  info:(t:25)Chk for bib # 201=201
20160727 11:09:29.792  info:(t:25)OK -> runNumber match? 2=2
20160727 11:09:35.527  info:(t:25)Tag Heuer CP 520:R   1   201          21.100000
20160727 11:09:35.527  info:(t:25)
FINISH Bib=201   elapsed time=21.100000
20160727 11:09:35.527  info:(t:25)Chk for bib # 201=200
20160727 11:09:35.528  info:(t:25)Chk for bib # 201=201
20160727 11:09:35.528  info:(t:25)Chk for bib # 201=202
20160727 11:09:35.528  info:(t:25)Chk for bib # 201=203
20160727 11:09:35.528  info:(t:25)Chk for bib # 201=204
20160727 11:09:35.528  info:(t:25)Chk for bib # 201=200
20160727 11:09:35.528  info:(t:25)Chk for bib # 201=201
20160727 11:09:35.528  info:(t:25)OK -> runNumber match? 2=2
20160727 11:12:35.903  info:(t:24)Execution ends
20160727 11:13:07.989  info:(t:16)Log TAGHeuer begins
20160727 11:13:14.838  info:(t:23)Execution ends
