20160727 12:14:58.965  info:(t:16)Log TAGHeuer begins
20160727 12:15:46.148  info:(t:25)Tag Heuer CP 520:T       200 M1  2:51:15.742000
20160727 12:15:46.150  info:(t:25)
MANUAL TIME FROM TagHeuer START Bib=200   @time=2:51:15.742000
20160727 12:15:47.715  info:(t:25)Tag Heuer CP 520:T       200 M2  2:51:17.319000
20160727 12:15:47.715  info:(t:25)
MANUAL TIME FROM TagHeuer FINISH Bib=200   @time=2:51:17.319000
20160727 12:15:47.795  info:(t:25)Tag Heuer CP 520:R   1   200           1.570000
20160727 12:15:47.796  info:(t:25)
FINISH Bib=200   elapsed time=1.570000
20160727 12:16:05.857  info:(t:25)Tag Heuer CP 520:T       201 M1  2:51:35.460000
20160727 12:16:05.857  info:(t:25)
MANUAL TIME FROM TagHeuer START Bib=201   @time=2:51:35.460000
20160727 12:16:13.424  info:(t:25)Tag Heuer CP 520:T       201 M2  2:51:43.008000
20160727 12:16:13.424  info:(t:25)
MANUAL TIME FROM TagHeuer FINISH Bib=201   @time=2:51:43.008000
20160727 12:16:13.504  info:(t:25)Tag Heuer CP 520:R   2   201           7.540000
20160727 12:16:13.504  info:(t:25)
FINISH Bib=201   elapsed time=7.540000
20160727 12:16:37.197  info:(t:25)Tag Heuer CP 520:T       202 M1  2:52:06.790000
20160727 12:16:37.198  info:(t:25)
MANUAL TIME FROM TagHeuer START Bib=202   @time=2:52:06.790000
20160727 12:16:45.932  info:(t:25)Tag Heuer CP 520:T       202 M2  2:52:15.526000
20160727 12:16:45.933  info:(t:25)
MANUAL TIME FROM TagHeuer FINISH Bib=202   @time=2:52:15.526000
20160727 12:16:46.012  info:(t:25)Tag Heuer CP 520:R   3   202           8.730000
20160727 12:16:46.013  info:(t:25)
FINISH Bib=202   elapsed time=8.730000
20160727 12:17:08.122  info:(t:25)Tag Heuer CP 520:T       203 M1  2:52:37.721000
20160727 12:17:08.122  info:(t:25)
MANUAL TIME FROM TagHeuer START Bib=203   @time=2:52:37.721000
20160727 12:17:11.017  info:(t:25)Tag Heuer CP 520:T       203 M2  2:52:40.606000
20160727 12:17:11.017  info:(t:25)
MANUAL TIME FROM TagHeuer FINISH Bib=203   @time=2:52:40.606000
20160727 12:17:11.097  info:(t:25)Tag Heuer CP 520:R   2   203           2.880000
20160727 12:17:11.097  info:(t:25)
FINISH Bib=203   elapsed time=2.880000
20160727 12:17:28.007  info:(t:25)Tag Heuer CP 520:T       204 M1  2:52:57.589000
20160727 12:17:28.007  info:(t:25)
MANUAL TIME FROM TagHeuer START Bib=204   @time=2:52:57.589000
20160727 12:17:31.046  info:(t:25)Tag Heuer CP 520:T       204 M2  2:53:00.634000
20160727 12:17:31.047  info:(t:25)
MANUAL TIME FROM TagHeuer FINISH Bib=204   @time=2:53:00.634000
20160727 12:17:31.127  info:(t:25)Tag Heuer CP 520:R   3   204           3.040000
20160727 12:17:31.127  info:(t:25)
FINISH Bib=204   elapsed time=3.040000
20160727 12:18:05.883  info:(t:25)Tag Heuer CP 520:S 002          NET TIME       
20160727 12:18:05.883  info:(t:25)
RUN #002
20160727 12:18:14.400  info:(t:25)Tag Heuer CP 520:T       200 M1  2:53:43.984000
20160727 12:18:14.401  info:(t:25)
MANUAL TIME FROM TagHeuer START Bib=200   @time=2:53:43.984000
20160727 12:18:24.095  info:(t:25)Tag Heuer CP 520:T       200 M2  2:53:53.699000
20160727 12:18:24.095  info:(t:25)
MANUAL TIME FROM TagHeuer FINISH Bib=200   @time=2:53:53.699000
20160727 12:18:24.191  info:(t:25)Tag Heuer CP 520:R   1   200           9.710000
20160727 12:18:24.191  info:(t:25)
FINISH Bib=200   elapsed time=9.710000
20160727 12:19:35.941  info:(t:25)Tag Heuer CP 520:T       201 M1  2:55:05.524000
20160727 12:19:35.941  info:(t:25)
MANUAL TIME FROM TagHeuer START Bib=201   @time=2:55:05.524000
20160727 12:19:38.645  info:(t:25)Tag Heuer CP 520:T       201 M2  2:55:08.239000
20160727 12:19:38.645  info:(t:25)
MANUAL TIME FROM TagHeuer FINISH Bib=201   @time=2:55:08.239000
20160727 12:19:38.725  info:(t:25)Tag Heuer CP 520:R   1   201           2.710000
20160727 12:19:38.725  info:(t:25)
FINISH Bib=201   elapsed time=2.710000
20160727 12:19:57.347  info:(t:25)Tag Heuer CP 520:T       202 M1  2:55:26.929000
20160727 12:19:57.347  info:(t:25)
MANUAL TIME FROM TagHeuer START Bib=202   @time=2:55:26.929000
20160727 12:20:03.905  info:(t:25)Tag Heuer CP 520:T       202 M2  2:55:33.499000
20160727 12:20:03.906  info:(t:25)
MANUAL TIME FROM TagHeuer FINISH Bib=202   @time=2:55:33.499000
20160727 12:20:03.985  info:(t:25)Tag Heuer CP 520:R   2   202           6.570000
20160727 12:20:03.986  info:(t:25)
FINISH Bib=202   elapsed time=6.570000
20160727 12:33:48.815  info:(t:24)Execution ends
20160727 12:34:13.538  info:(t:16)Log TAGHeuer begins
20160727 12:34:36.101  info:(t:24)Tag Heuer CP 520:S 001          NET TIME       
20160727 12:34:36.103  info:(t:24)
RUN #001
20160727 12:34:45.507  info:(t:24)Tag Heuer CP 520:T       200 M1  3:10:15.086000
20160727 12:34:45.508  info:(t:24)
MANUAL TIME FROM TagHeuer START Bib=200   @time=3:10:15.086000
20160727 12:34:54.082  info:(t:24)Tag Heuer CP 520:T       200 M2  3:10:23.662000
20160727 12:34:54.082  info:(t:24)
MANUAL TIME FROM TagHeuer FINISH Bib=200   @time=3:10:23.662000
20160727 12:34:54.162  info:(t:24)Tag Heuer CP 520:R   1   200           8.570000
20160727 12:34:54.162  info:(t:24)
FINISH Bib=200   elapsed time=8.570000
20160727 12:36:29.639  info:(t:24)Tag Heuer CP 520:T       201 M1  3:11:59.209000
20160727 12:36:29.639  info:(t:24)
MANUAL TIME FROM TagHeuer START Bib=201   @time=3:11:59.209000
20160727 12:36:30.182  info:(t:24)Tag Heuer CP 520:T       201 M2  3:11:59.818000
20160727 12:36:30.183  info:(t:24)
MANUAL TIME FROM TagHeuer FINISH Bib=201   @time=3:11:59.818000
20160727 12:36:30.263  info:(t:24)Tag Heuer CP 520:R   1   201           0.600000
20160727 12:36:30.263  info:(t:24)
FINISH Bib=201   elapsed time=0.600000
20160727 12:36:31.142  info:(t:24)Tag Heuer CP 520:T       202 M1  3:12:00.777000
20160727 12:36:31.143  info:(t:24)
MANUAL TIME FROM TagHeuer START Bib=202   @time=3:12:00.777000
20160727 12:36:31.638  info:(t:24)Tag Heuer CP 520:T       202 M2  3:12:01.266000
20160727 12:36:31.639  info:(t:24)
MANUAL TIME FROM TagHeuer FINISH Bib=202   @time=3:12:01.266000
20160727 12:36:31.718  info:(t:24)Tag Heuer CP 520:R   1   202           0.480000
20160727 12:36:31.719  info:(t:24)
FINISH Bib=202   elapsed time=0.480000
20160727 12:36:54.926  info:(t:23)Execution ends
20160727 13:02:45.685  info:(t:16)Log TAGHeuer begins
20160727 13:03:12.922  info:(t:24)Tag Heuer CP 520:T       200 M1  3:38:42.480000
20160727 13:03:12.923  info:(t:24)
MANUAL TIME FROM TagHeuer START Bib=200   @time=3:38:42.480000
20160727 13:03:15.322  info:(t:24)Tag Heuer CP 520:T       200 M2  3:38:44.886000
20160727 13:03:15.323  info:(t:24)
MANUAL TIME FROM TagHeuer FINISH Bib=200   @time=3:38:44.886000
20160727 13:03:15.386  info:(t:24)Tag Heuer CP 520:R   1   200           2.400000
20160727 13:03:15.386  info:(t:24)
FINISH Bib=200   elapsed time=2.400000
20160727 13:03:34.456  info:(t:24)Tag Heuer CP 520:T       201 M1  3:39:04.005000
20160727 13:03:34.457  info:(t:24)
MANUAL TIME FROM TagHeuer START Bib=201   @time=3:39:04.005000
20160727 13:03:37.111  info:(t:24)Tag Heuer CP 520:T       201 M2  3:39:06.671000
20160727 13:03:37.111  info:(t:24)
MANUAL TIME FROM TagHeuer FINISH Bib=201   @time=3:39:06.671000
20160727 13:03:37.175  info:(t:24)Tag Heuer CP 520:R   2   201           2.660000
20160727 13:03:37.175  info:(t:24)
FINISH Bib=201   elapsed time=2.660000
20160727 13:03:45.718  info:(t:24)Tag Heuer CP 520:T       202 M1  3:39:15.277000
20160727 13:03:45.718  info:(t:24)
MANUAL TIME FROM TagHeuer START Bib=202   @time=3:39:15.277000
20160727 13:03:50.582  info:(t:24)Tag Heuer CP 520:T       202 M2  3:39:20.159000
20160727 13:03:50.582  info:(t:24)
MANUAL TIME FROM TagHeuer FINISH Bib=202   @time=3:39:20.159000
20160727 13:03:50.662  info:(t:24)Tag Heuer CP 520:R   3   202           4.880000
20160727 13:03:50.662  info:(t:24)
FINISH Bib=202   elapsed time=4.880000
20160727 13:06:08.099  info:(t:24)Tag Heuer CP 520:T       203 M1  3:41:37.679000
20160727 13:06:08.099  info:(t:24)
MANUAL TIME FROM TagHeuer START Bib=203   @time=3:41:37.679000
20160727 13:06:10.338  info:(t:24)Tag Heuer CP 520:T       204 M1  3:41:39.896000
20160727 13:06:10.339  info:(t:24)
MANUAL TIME FROM TagHeuer START Bib=204   @time=3:41:39.896000
20160727 13:06:35.471  info:(t:24)Tag Heuer CP 520:T       203 M2  3:42:05.025000
20160727 13:06:35.472  info:(t:24)
MANUAL TIME FROM TagHeuer FINISH Bib=203   @time=3:42:05.025000
20160727 13:06:35.535  info:(t:24)Tag Heuer CP 520:R   4   203          27.340000
20160727 13:06:35.536  info:(t:24)
FINISH Bib=203   elapsed time=27.340000
20160727 13:06:36.783  info:(t:24)Tag Heuer CP 520:T       204 M2  3:42:06.353000
20160727 13:06:36.784  info:(t:24)
MANUAL TIME FROM TagHeuer FINISH Bib=204   @time=3:42:06.353000
20160727 13:06:36.863  info:(t:24)Tag Heuer CP 520:R   4   204          26.450000
20160727 13:06:36.863  info:(t:24)
FINISH Bib=204   elapsed time=26.450000
20160727 13:07:16.479  info:(t:24)Tag Heuer CP 520:S 002          NET TIME       
20160727 13:07:16.481  info:(t:24)
RUN #002
20160727 13:12:34.576  info:(t:23)Execution ends
20160727 13:13:10.474  info:(t:16)Log TAGHeuer begins
20160727 13:13:38.246  info:(t:24)Tag Heuer CP 520:T       200 M1  3:49:07.818000
20160727 13:13:38.363  info:(t:24)
MANUAL TIME FROM TagHeuer START Bib=200   @time=3:49:07.818000
20160727 13:13:45.957  info:(t:24)Tag Heuer CP 520:T       200 M2  3:49:15.525000
20160727 13:13:45.957  info:(t:24)
MANUAL TIME FROM TagHeuer FINISH Bib=200   @time=3:49:15.525000
20160727 13:13:46.037  info:(t:24)Tag Heuer CP 520:R   1   200           7.700000
20160727 13:13:46.037  info:(t:24)
FINISH Bib=200   elapsed time=7.700000
20160727 13:14:00.147  info:(t:24)Tag Heuer CP 520:T       201 M1  3:49:29.713000
20160727 13:14:00.148  info:(t:24)
MANUAL TIME FROM TagHeuer START Bib=201   @time=3:49:29.713000
20160727 13:14:03.283  info:(t:24)Tag Heuer CP 520:T       201 M2  3:49:32.848000
20160727 13:14:03.284  info:(t:24)
MANUAL TIME FROM TagHeuer FINISH Bib=201   @time=3:49:32.848000
20160727 13:14:03.347  info:(t:24)Tag Heuer CP 520:R   1   201           3.130000
20160727 13:14:03.348  info:(t:24)
FINISH Bib=201   elapsed time=3.130000
20160727 13:14:08.834  info:(t:24)Tag Heuer CP 520:T       202 M1  3:49:38.399000
20160727 13:14:08.835  info:(t:24)
MANUAL TIME FROM TagHeuer START Bib=202   @time=3:49:38.399000
20160727 13:14:15.666  info:(t:24)Tag Heuer CP 520:T       202 M2  3:49:45.218000
20160727 13:14:15.667  info:(t:24)
MANUAL TIME FROM TagHeuer FINISH Bib=202   @time=3:49:45.218000
20160727 13:14:15.730  info:(t:24)Tag Heuer CP 520:R   2   202           6.810000
20160727 13:14:15.730  info:(t:24)
FINISH Bib=202   elapsed time=6.810000
20160727 13:14:20.897  info:(t:24)Tag Heuer CP 520:T       203 M1  3:49:50.469000
20160727 13:14:20.901  info:(t:24)
MANUAL TIME FROM TagHeuer START Bib=203   @time=3:49:50.469000
20160727 13:14:28.224  info:(t:24)Tag Heuer CP 520:T       203 M2  3:49:57.808000
20160727 13:14:28.224  info:(t:24)
MANUAL TIME FROM TagHeuer FINISH Bib=203   @time=3:49:57.808000
20160727 13:14:28.320  info:(t:24)Tag Heuer CP 520:R   3   203           7.330000
20160727 13:14:28.320  info:(t:24)
FINISH Bib=203   elapsed time=7.330000
20160727 13:14:34.031  info:(t:24)Tag Heuer CP 520:T       204 M1  3:50:03.588000
20160727 13:14:34.031  info:(t:24)
MANUAL TIME FROM TagHeuer START Bib=204   @time=3:50:03.588000
20160727 13:14:36.271  info:(t:24)Tag Heuer CP 520:T       204 M2  3:50:05.835000
20160727 13:14:36.271  info:(t:24)
MANUAL TIME FROM TagHeuer FINISH Bib=204   @time=3:50:05.835000
20160727 13:14:36.351  info:(t:24)Tag Heuer CP 520:R   1   204           2.240000
20160727 13:14:36.351  info:(t:24)
FINISH Bib=204   elapsed time=2.240000
20160727 13:15:22.313  info:(t:24)Tag Heuer CP 520:S 003          NET TIME       
20160727 13:15:22.315  info:(t:24)
RUN #003
20160727 13:16:21.634  info:(t:24)Tag Heuer CP 520:T       200 M1  3:51:51.206000
20160727 13:16:21.634  info:(t:24)
MANUAL TIME FROM TagHeuer START Bib=200   @time=3:51:51.206000
20160727 13:16:31.649  info:(t:24)Tag Heuer CP 520:T       200 M2  3:52:01.230000
20160727 13:16:31.650  info:(t:24)
MANUAL TIME FROM TagHeuer FINISH Bib=200   @time=3:52:01.230000
20160727 13:16:31.729  info:(t:24)Tag Heuer CP 520:R   1   200          10.020000
20160727 13:16:31.730  info:(t:24)
FINISH Bib=200   elapsed time=10.020000
20160727 13:16:38.992  info:(t:24)Tag Heuer CP 520:T       201 M1  3:52:08.558000
20160727 13:16:38.992  info:(t:24)
MANUAL TIME FROM TagHeuer START Bib=201   @time=3:52:08.558000
20160727 13:16:39.648  info:(t:24)Tag Heuer CP 520:T       202 M1  3:52:09.277000
20160727 13:16:39.649  info:(t:24)
MANUAL TIME FROM TagHeuer START Bib=202   @time=3:52:09.277000
20160727 13:16:40.288  info:(t:24)Tag Heuer CP 520:T       203 M1  3:52:09.906000
20160727 13:16:40.288  info:(t:24)
MANUAL TIME FROM TagHeuer START Bib=203   @time=3:52:09.906000
20160727 13:16:43.503  info:(t:24)Tag Heuer CP 520:T       201 M2  3:52:13.081000
20160727 13:16:43.504  info:(t:24)
MANUAL TIME FROM TagHeuer FINISH Bib=201   @time=3:52:13.081000
20160727 13:16:43.599  info:(t:24)Tag Heuer CP 520:R   1   201           4.520000
20160727 13:16:43.599  info:(t:24)
FINISH Bib=201   elapsed time=4.520000
20160727 13:16:44.703  info:(t:24)Tag Heuer CP 520:T       204 M1  3:52:14.269000
20160727 13:16:44.703  info:(t:24)
MANUAL TIME FROM TagHeuer START Bib=204   @time=3:52:14.269000
20160727 13:16:49.823  info:(t:24)Tag Heuer CP 520:T       202 M2  3:52:19.381000
20160727 13:16:49.823  info:(t:24)
MANUAL TIME FROM TagHeuer FINISH Bib=202   @time=3:52:19.381000
20160727 13:16:49.887  info:(t:24)Tag Heuer CP 520:R   3   202          10.100000
20160727 13:16:49.887  info:(t:24)
FINISH Bib=202   elapsed time=10.100000
20160727 13:16:52.798  info:(t:24)Tag Heuer CP 520:T       203 M2  3:52:22.356000
20160727 13:16:52.798  info:(t:24)
MANUAL TIME FROM TagHeuer FINISH Bib=203   @time=3:52:22.356000
20160727 13:16:52.862  info:(t:24)Tag Heuer CP 520:R   4   203          12.450000
20160727 13:16:52.862  info:(t:24)
FINISH Bib=203   elapsed time=12.450000
20160727 13:17:13.644  info:(t:24)Tag Heuer CP 520:T-      200 M1  3:51:51.206000
20160727 13:17:13.644  info:(t:24)
MANUAL TIME FROM TagHeuer START Bib=200   @time=3:51:51.206000
20160727 13:17:16.514  info:(t:24)New starting time for #200
20160727 13:17:16.515  info:(t:24)Tag Heuer CP 520:T       200 M1  3:52:43.203000
20160727 13:17:16.518  info:(t:24)
MANUAL TIME FROM TagHeuer START Bib=200   @time=3:52:43.203000
20160727 13:17:17.152  info:(t:24)New starting time for #200
20160727 13:17:29.961  info:(t:24)Tag Heuer CP 520:T       204 M2  3:52:59.516000
20160727 13:17:29.962  info:(t:24)
MANUAL TIME FROM TagHeuer FINISH Bib=204   @time=3:52:59.516000
20160727 13:17:30.041  info:(t:24)Tag Heuer CP 520:R   4   204          45.240000
20160727 13:17:30.042  info:(t:24)
FINISH Bib=204   elapsed time=45.240000
20160727 13:18:00.389  info:(t:24)Tag Heuer CP 520:TC      200 M2  3:52:01.230000
20160727 13:18:00.389  info:(t:24)
MANUAL TIME FROM TagHeuer FINISH Bib=200   @time=3:52:01.230000
20160727 13:18:00.469  info:(t:24)Tag Heuer CP 520:T       200 M2  3:53:29.968000
20160727 13:18:00.469  info:(t:24)
MANUAL TIME FROM TagHeuer FINISH Bib=200   @time=3:53:29.968000
20160727 13:18:00.533  info:(t:24)Tag Heuer CP 520:R   5   200          46.760000
20160727 13:18:00.533  info:(t:24)
FINISH Bib=200   elapsed time=46.760000
20160727 13:18:45.743  info:(t:24)Tag Heuer CP 520:T           M2  3:54:15.325000
20160727 13:18:45.744  info:(t:24)
MANUAL TIME FROM TagHeuer FINISH Bib=   @time=3:54:15.325000
20160727 13:20:03.184  info:(t:24)NO!  This is a problem, no start found for a STOP time!!!
20160727 13:20:03.185  info:(t:24)Tag Heuer CP 520:T           M2  3:54:21.176000
20160727 13:20:03.185  info:(t:24)
MANUAL TIME FROM TagHeuer FINISH Bib=   @time=3:54:21.176000
20160727 13:20:03.904  info:(t:24)NO!  This is a problem, no start found for a STOP time!!!
20160727 13:20:03.904  info:(t:24)Tag Heuer CP 520:T-      204 M1  3:52:14.269000
20160727 13:20:03.904  info:(t:24)
MANUAL TIME FROM TagHeuer START Bib=204   @time=3:52:14.269000
20160727 13:20:04.794  info:(t:24)New starting time for #204
20160727 13:20:04.794  info:(t:24)Tag Heuer CP 520:T       204 M1  3:54:22.404000
20160727 13:20:04.795  info:(t:24)
MANUAL TIME FROM TagHeuer START Bib=204   @time=3:54:22.404000
20160727 13:20:05.878  info:(t:24)New starting time for #204
20160727 13:20:05.878  info:(t:24)Tag Heuer CP 520:TC      204 M2  3:52:59.516000
20160727 13:20:05.878  info:(t:24)
MANUAL TIME FROM TagHeuer FINISH Bib=204   @time=3:52:59.516000
20160727 13:20:05.879  info:(t:24)Tag Heuer CP 520:T       204 M2  3:54:24.071000
20160727 13:20:05.879  info:(t:24)
MANUAL TIME FROM TagHeuer FINISH Bib=204   @time=3:54:24.071000
20160727 13:20:05.879  info:(t:24)Tag Heuer CP 520:R   1   204           1.660000
20160727 13:20:05.879  info:(t:24)
FINISH Bib=204   elapsed time=1.660000
20160727 16:19:00.524  info:(t:23)Execution ends
20160727 16:21:26.268  info:(t:16)Log TAGHeuer begins
20160727 16:21:29.528  info:(t:23)Execution ends
